<?xml version="1.0" encoding="UTF-8"?>
<testsuite xmlns:xsi="http://www.w3.org/2001/XMLSchema-instance" xsi:noNamespaceSchemaLocation="https://maven.apache.org/surefire/maven-surefire-plugin/xsd/surefire-test-report.xsd" name="com.exemple.qa.runners.AllKarateTestsRunner" time="9.134" tests="7" errors="0" skipped="0" failures="2">
  <properties>
[...]
</properties>
  <testcase name="testAllFeatures[1][1]" classname="com.exemple.qa.runners.AllKarateTestsRunner" time="1.929"/>
  <testcase name="testAllFeatures[1][2]" classname="com.exemple.qa.runners.AllKarateTestsRunner" time="1.049"/>
  <testcase name="testAllFeatures[2][1]" classname="com.exemple.qa.runners.AllKarateTestsRunner" time="0.28"/>
  <testcase name="testAllFeatures[2][2]" classname="com.exemple.qa.runners.AllKarateTestsRunner" time="0.405"/>
  <testcase name="testAllFeatures[3][1]" classname="com.exemple.qa.runners.AllKarateTestsRunner" time="0.329">
    <failure message="status code was: 400, expected: 201, response time in milliseconds: 20, url: http://localhost:8080/images, response: &#10;{&quot;error&quot;:&quot;Bad Request&quot;,&quot;message&quot;:&quot;Le corps de la requete doit etre multipart/form-data et contenir un fichier.&quot;}&#10;classpath:features/images/uploadImage.feature:12" type="org.opentest4j.AssertionFailedError">org.opentest4j.AssertionFailedError: 
status code was: 400, expected: 201, response time in milliseconds: 20, url: http://localhost:8080/images, response: 
{"error":"Bad Request","message":"Le corps de la requete doit etre multipart/form-data et contenir un fichier."}
classpath:features/images/uploadImage.feature:12
</failure>
    <system-out><![CDATA[15:37:34.503 [main] DEBUG org.apache.http.client.protocol.RequestAddCookies - CookieSpec selected: karate
15:37:34.503 [main] DEBUG org.apache.http.client.protocol.RequestAuthCache - Auth cache not set in the context
15:37:34.503 [main] DEBUG com.intuit.karate - request:
1 > POST http://localhost:8080/images
1 > Host: localhost:8080
1 > Connection: Keep-Alive
1 > User-Agent: Apache-HttpClient/4.5.14 (Java/17.0.15)
1 > Accept-Encoding: gzip,deflate


15:37:34.503 [main] DEBUG org.apache.http.impl.conn.PoolingHttpClientConnectionManager - Connection request: [route: {}->http://localhost:8080][total available: 0; route allocated: 0 of 5; total allocated: 0 of 10]
15:37:34.503 [main] DEBUG org.apache.http.impl.conn.PoolingHttpClientConnectionManager - Connection leased: [id: 4][route: {}->http://localhost:8080][total available: 0; route allocated: 1 of 5; total allocated: 1 of 10]
15:37:34.503 [main] DEBUG org.apache.http.impl.execchain.MainClientExec - Opening connection {}->http://localhost:8080
15:37:34.503 [main] DEBUG org.apache.http.impl.conn.DefaultHttpClientConnectionOperator - Connecting to localhost/127.0.0.1:8080
15:37:34.504 [main] DEBUG org.apache.http.impl.conn.DefaultHttpClientConnectionOperator - Connection established 127.0.0.1:46272<->127.0.0.1:8080
15:37:34.504 [main] DEBUG org.apache.http.impl.conn.DefaultManagedHttpClientConnection - http-outgoing-4: set socket timeout to 30000
15:37:34.504 [main] DEBUG org.apache.http.impl.execchain.MainClientExec - Executing request POST /images HTTP/1.1
15:37:34.504 [main] DEBUG org.apache.http.impl.execchain.MainClientExec - Target auth state: UNCHALLENGED
15:37:34.504 [main] DEBUG org.apache.http.impl.execchain.MainClientExec - Proxy auth state: UNCHALLENGED
15:37:34.504 [qtp464872674-29-acceptor-1@2d66530f-NetworkTrafficServerConnector@6d24ffa1{HTTP/1.1, (http/1.1, h2c)}{0.0.0.0:8080}] DEBUG org.eclipse.jetty.io.ManagedSelector - Queued change lazy=false Accept@394bad33[java.nio.channels.SocketChannel[connected local=/127.0.0.1:8080 remote=/127.0.0.1:46272]] on ManagedSelector@19593091{STARTED} id=1 keys=0 selected=0 updates=0
15:37:34.504 [qtp464872674-29-acceptor-1@2d66530f-NetworkTrafficServerConnector@6d24ffa1{HTTP/1.1, (http/1.1, h2c)}{0.0.0.0:8080}] DEBUG org.eclipse.jetty.io.ManagedSelector - Wakeup on submit ManagedSelector@19593091{STARTED} id=1 keys=0 selected=0 updates=1
15:37:34.504 [main] DEBUG org.apache.http.headers - http-outgoing-4 >> POST /images HTTP/1.1
15:37:34.504 [main] DEBUG org.apache.http.headers - http-outgoing-4 >> Host: localhost:8080
15:37:34.504 [main] DEBUG org.apache.http.headers - http-outgoing-4 >> Connection: Keep-Alive
15:37:34.504 [main] DEBUG org.apache.http.headers - http-outgoing-4 >> User-Agent: Apache-HttpClient/4.5.14 (Java/17.0.15)
15:37:34.504 [main] DEBUG org.apache.http.headers - http-outgoing-4 >> Accept-Encoding: gzip,deflate
15:37:34.504 [qtp464872674-31] DEBUG org.eclipse.jetty.io.ManagedSelector - Selector sun.nio.ch.EPollSelectorImpl@33519026 woken with none selected
15:37:34.504 [main] DEBUG org.apache.http.wire - http-outgoing-4 >> "POST /images HTTP/1.1[\r][\n]"
15:37:34.504 [main] DEBUG org.apache.http.wire - http-outgoing-4 >> "Host: localhost:8080[\r][\n]"
15:37:34.504 [qtp464872674-31] DEBUG org.eclipse.jetty.io.ManagedSelector - Selector sun.nio.ch.EPollSelectorImpl@33519026 woken up from select, 0/0/0 selected
15:37:34.504 [main] DEBUG org.apache.http.wire - http-outgoing-4 >> "Connection: Keep-Alive[\r][\n]"
15:37:34.504 [qtp464872674-31] DEBUG org.eclipse.jetty.io.ManagedSelector - Selector sun.nio.ch.EPollSelectorImpl@33519026 processing 0 keys, 1 updates
15:37:34.504 [main] DEBUG org.apache.http.wire - http-outgoing-4 >> "User-Agent: Apache-HttpClient/4.5.14 (Java/17.0.15)[\r][\n]"
15:37:34.504 [qtp464872674-31] DEBUG org.eclipse.jetty.io.ManagedSelector - updateable 1
15:37:34.504 [main] DEBUG org.apache.http.wire - http-outgoing-4 >> "Accept-Encoding: gzip,deflate[\r][\n]"
15:37:34.504 [main] DEBUG org.apache.http.wire - http-outgoing-4 >> "[\r][\n]"
15:37:34.504 [qtp464872674-31] DEBUG org.eclipse.jetty.io.ManagedSelector - update Accept@394bad33[java.nio.channels.SocketChannel[connected local=/127.0.0.1:8080 remote=/127.0.0.1:46272]]
15:37:34.504 [qtp464872674-31] DEBUG org.eclipse.jetty.util.thread.QueuedThreadPool - queue Accept@394bad33[java.nio.channels.SocketChannel[connected local=/127.0.0.1:8080 remote=/127.0.0.1:46272]] startThread=0
15:37:34.504 [qtp464872674-31] DEBUG org.eclipse.jetty.io.ManagedSelector - updates 0
15:37:34.504 [qtp464872674-31] DEBUG org.eclipse.jetty.io.ManagedSelector - Selector sun.nio.ch.EPollSelectorImpl@33519026 waiting with 1 keys
15:37:34.504 [qtp464872674-26] DEBUG org.eclipse.jetty.util.thread.QueuedThreadPool - run Accept@394bad33[java.nio.channels.SocketChannel[connected local=/127.0.0.1:8080 remote=/127.0.0.1:46272]] in QueuedThreadPool[qtp464872674]@1bb564e2{STARTED,8<=8<=25,i=0,r=-1,t=54773ms,q=0}[ReservedThreadExecutor@70807224{reserved=2/2,pending=0}]
15:37:34.505 [qtp464872674-26] DEBUG org.eclipse.jetty.io.IdleTimeout - Setting idle timeout 0 -> 30000 on NetworkTrafficSocketChannelEndPoint@28767371[{l=/127.0.0.1:8080,r=/127.0.0.1:46272,OPEN,fill=-,flush=-,to=0/30000}{io=0/0,kio=0,kro=0}]->[<null>]
15:37:34.505 [qtp464872674-26] DEBUG org.eclipse.jetty.io.IdleTimeout - NetworkTrafficSocketChannelEndPoint@28767371[{l=/127.0.0.1:8080,r=/127.0.0.1:46272,OPEN,fill=-,flush=-,to=0/30000}{io=0/0,kio=0,kro=0}]->[<null>] idle timeout check, elapsed: 0 ms, remaining: 30000 ms
15:37:34.505 [qtp464872674-26] DEBUG org.eclipse.jetty.server.HttpChannel - new HttpChannelOverHttp@26e17290{s=HttpChannelState@7abea496{s=IDLE rs=BLOCKING os=OPEN is=IDLE awp=false se=false i=true al=0},r=0,c=false/false,a=IDLE,uri=null,age=0} -> NetworkTrafficSocketChannelEndPoint@28767371[{l=/127.0.0.1:8080,r=/127.0.0.1:46272,OPEN,fill=-,flush=-,to=0/30000}{io=0/0,kio=0,kro=0}]->[<null>],null,HttpChannelState@7abea496{s=IDLE rs=BLOCKING os=OPEN is=IDLE awp=false se=false i=true al=0}
15:37:34.505 [qtp464872674-26] DEBUG org.eclipse.jetty.server.HttpConnection - New HTTP Connection HttpConnection@7596195b::NetworkTrafficSocketChannelEndPoint@28767371[{l=/127.0.0.1:8080,r=/127.0.0.1:46272,OPEN,fill=-,flush=-,to=0/30000}{io=0/0,kio=0,kro=0}]->[<null>]
15:37:34.505 [qtp464872674-26] DEBUG org.eclipse.jetty.io.ManagedSelector - Queued change lazy=true org.eclipse.jetty.io.ManagedSelector$$Lambda$659/0x0000737bc058b2b8@6e600163 on ManagedSelector@19593091{STARTED} id=1 keys=1 selected=0 updates=0
15:37:34.505 [qtp464872674-26] DEBUG org.eclipse.jetty.io.AbstractEndPoint - onOpen NetworkTrafficSocketChannelEndPoint@28767371[{l=/127.0.0.1:8080,r=/127.0.0.1:46272,OPEN,fill=-,flush=-,to=0/30000}{io=0/0,kio=0,kro=0}]->[HttpConnection@7596195b[p=HttpParser{s=START,0 of -1},g=HttpGenerator@43b88bcd{s=START}]=>HttpChannelOverHttp@26e17290{s=HttpChannelState@7abea496{s=IDLE rs=BLOCKING os=OPEN is=IDLE awp=false se=false i=true al=0},r=0,c=false/false,a=IDLE,uri=null,age=0}]
15:37:34.505 [qtp464872674-26] DEBUG org.eclipse.jetty.io.AbstractConnection - onOpen HttpConnection@7596195b::NetworkTrafficSocketChannelEndPoint@28767371[{l=/127.0.0.1:8080,r=/127.0.0.1:46272,OPEN,fill=-,flush=-,to=0/30000}{io=0/0,kio=0,kro=0}]->[HttpConnection@7596195b[p=HttpParser{s=START,0 of -1},g=HttpGenerator@43b88bcd{s=START}]=>HttpChannelOverHttp@26e17290{s=HttpChannelState@7abea496{s=IDLE rs=BLOCKING os=OPEN is=IDLE awp=false se=false i=true al=0},r=0,c=false/false,a=IDLE,uri=null,age=0}]
15:37:34.505 [qtp464872674-26] DEBUG org.eclipse.jetty.io.AbstractConnection - fillInterested HttpConnection@7596195b::NetworkTrafficSocketChannelEndPoint@28767371[{l=/127.0.0.1:8080,r=/127.0.0.1:46272,OPEN,fill=-,flush=-,to=0/30000}{io=0/0,kio=0,kro=0}]->[HttpConnection@7596195b[p=HttpParser{s=START,0 of -1},g=HttpGenerator@43b88bcd{s=START}]=>HttpChannelOverHttp@26e17290{s=HttpChannelState@7abea496{s=IDLE rs=BLOCKING os=OPEN is=IDLE awp=false se=false i=true al=0},r=0,c=false/false,a=IDLE,uri=null,age=0}]
15:37:34.505 [qtp464872674-26] DEBUG org.eclipse.jetty.io.FillInterest - interested FillInterest@4c2d1d38{ReadCallback@9b49927{HttpConnection@7596195b::NetworkTrafficSocketChannelEndPoint@28767371[{l=/127.0.0.1:8080,r=/127.0.0.1:46272,OPEN,fill=FI,flush=-,to=0/30000}{io=0/0,kio=0,kro=0}]->[HttpConnection@7596195b[p=HttpParser{s=START,0 of -1},g=HttpGenerator@43b88bcd{s=START}]=>HttpChannelOverHttp@26e17290{s=HttpChannelState@7abea496{s=IDLE rs=BLOCKING os=OPEN is=IDLE awp=false se=false i=true al=0},r=0,c=false/false,a=IDLE,uri=null,age=0}]}}
15:37:34.506 [qtp464872674-26] DEBUG org.eclipse.jetty.io.SelectableChannelEndPoint - changeInterests p=false 0->1 for NetworkTrafficSocketChannelEndPoint@28767371[{l=/127.0.0.1:8080,r=/127.0.0.1:46272,OPEN,fill=FI,flush=-,to=0/30000}{io=0/1,kio=0,kro=0}]->[HttpConnection@7596195b[p=HttpParser{s=START,0 of -1},g=HttpGenerator@43b88bcd{s=START}]=>HttpChannelOverHttp@26e17290{s=HttpChannelState@7abea496{s=IDLE rs=BLOCKING os=OPEN is=IDLE awp=false se=false i=true al=0},r=0,c=false/false,a=IDLE,uri=null,age=0}]
15:37:34.506 [qtp464872674-26] DEBUG org.eclipse.jetty.io.ManagedSelector - Queued change lazy=false org.eclipse.jetty.io.SelectableChannelEndPoint$$Lambda$653/0x0000737bc057b7b0@67b1ea6b on ManagedSelector@19593091{STARTED} id=1 keys=1 selected=0 updates=1
15:37:34.506 [qtp464872674-26] DEBUG org.eclipse.jetty.io.ManagedSelector - Wakeup on submit ManagedSelector@19593091{STARTED} id=1 keys=1 selected=0 updates=2
15:37:34.506 [qtp464872674-26] DEBUG org.eclipse.jetty.io.ManagedSelector - Created NetworkTrafficSocketChannelEndPoint@28767371[{l=/127.0.0.1:8080,r=/127.0.0.1:46272,OPEN,fill=FI,flush=-,to=0/30000}{io=0/1,kio=0,kro=0}]->[HttpConnection@7596195b[p=HttpParser{s=START,0 of -1},g=HttpGenerator@43b88bcd{s=START}]=>HttpChannelOverHttp@26e17290{s=HttpChannelState@7abea496{s=IDLE rs=BLOCKING os=OPEN is=IDLE awp=false se=false i=true al=0},r=0,c=false/false,a=IDLE,uri=null,age=0}]
15:37:34.506 [qtp464872674-31] DEBUG org.eclipse.jetty.io.ManagedSelector - Selector sun.nio.ch.EPollSelectorImpl@33519026 woken with none selected
15:37:34.506 [qtp464872674-26] DEBUG org.eclipse.jetty.util.thread.QueuedThreadPool - ran Accept@394bad33[java.nio.channels.SocketChannel[connected local=/127.0.0.1:8080 remote=/127.0.0.1:46272]] in QueuedThreadPool[qtp464872674]@1bb564e2{STARTED,8<=8<=25,i=0,r=-1,t=54771ms,q=0}[ReservedThreadExecutor@70807224{reserved=2/2,pending=0}]
15:37:34.506 [qtp464872674-31] DEBUG org.eclipse.jetty.io.ManagedSelector - Selector sun.nio.ch.EPollSelectorImpl@33519026 woken up from select, 0/0/1 selected
15:37:34.506 [qtp464872674-26] DEBUG org.eclipse.jetty.util.thread.QueuedThreadPool - Evict skipped, no excess threads QueuedThreadPool[qtp464872674]@1bb564e2{STARTED,8<=8<=25,i=1,r=-1,t=54771ms,q=0}[ReservedThreadExecutor@70807224{reserved=2/2,pending=0}]
15:37:34.506 [qtp464872674-31] DEBUG org.eclipse.jetty.io.ManagedSelector - Selector sun.nio.ch.EPollSelectorImpl@33519026 processing 0 keys, 2 updates
15:37:34.506 [qtp464872674-31] DEBUG org.eclipse.jetty.io.ManagedSelector - updateable 2
15:37:34.506 [qtp464872674-31] DEBUG org.eclipse.jetty.io.ManagedSelector - update org.eclipse.jetty.io.ManagedSelector$$Lambda$659/0x0000737bc058b2b8@6e600163
15:37:34.506 [qtp464872674-31] DEBUG org.eclipse.jetty.io.ManagedSelector - update org.eclipse.jetty.io.SelectableChannelEndPoint$$Lambda$653/0x0000737bc057b7b0@67b1ea6b
15:37:34.506 [qtp464872674-31] DEBUG org.eclipse.jetty.io.SelectableChannelEndPoint - Key interests updated 0 -> 1 on NetworkTrafficSocketChannelEndPoint@28767371[{l=/127.0.0.1:8080,r=/127.0.0.1:46272,OPEN,fill=FI,flush=-,to=0/30000}{io=1/1,kio=1,kro=0}]->[HttpConnection@7596195b[p=HttpParser{s=START,0 of -1},g=HttpGenerator@43b88bcd{s=START}]=>HttpChannelOverHttp@26e17290{s=HttpChannelState@7abea496{s=IDLE rs=BLOCKING os=OPEN is=IDLE awp=false se=false i=true al=0},r=0,c=false/false,a=IDLE,uri=null,age=0}]
15:37:34.506 [qtp464872674-31] DEBUG org.eclipse.jetty.io.ManagedSelector - updates 0
15:37:34.506 [qtp464872674-31] DEBUG org.eclipse.jetty.io.ManagedSelector - Selector sun.nio.ch.EPollSelectorImpl@33519026 waiting with 1 keys
15:37:34.506 [qtp464872674-31] DEBUG org.eclipse.jetty.io.ManagedSelector - Selector sun.nio.ch.EPollSelectorImpl@33519026 woken up from select, 1/1/1 selected
15:37:34.506 [qtp464872674-31] DEBUG org.eclipse.jetty.io.ManagedSelector - Selector sun.nio.ch.EPollSelectorImpl@33519026 processing 1 keys, 0 updates
15:37:34.506 [qtp464872674-31] DEBUG org.eclipse.jetty.io.ManagedSelector - selected 1 channel=java.nio.channels.SocketChannel[connected local=/127.0.0.1:8080 remote=/127.0.0.1:46272], selector=sun.nio.ch.EPollSelectorImpl@33519026, interestOps=1, readyOps=1 NetworkTrafficSocketChannelEndPoint@28767371[{l=/127.0.0.1:8080,r=/127.0.0.1:46272,OPEN,fill=FI,flush=-,to=1/30000}{io=1/1,kio=1,kro=1}]->[HttpConnection@7596195b[p=HttpParser{s=START,0 of -1},g=HttpGenerator@43b88bcd{s=START}]=>HttpChannelOverHttp@26e17290{s=HttpChannelState@7abea496{s=IDLE rs=BLOCKING os=OPEN is=IDLE awp=false se=false i=true al=0},r=0,c=false/false,a=IDLE,uri=null,age=0}] 
15:37:34.507 [qtp464872674-31] DEBUG org.eclipse.jetty.io.SelectableChannelEndPoint - onSelected 1->0 r=true w=false for NetworkTrafficSocketChannelEndPoint@28767371[{l=/127.0.0.1:8080,r=/127.0.0.1:46272,OPEN,fill=FI,flush=-,to=1/30000}{io=1/0,kio=1,kro=1}]->[HttpConnection@7596195b[p=HttpParser{s=START,0 of -1},g=HttpGenerator@43b88bcd{s=START}]=>HttpChannelOverHttp@26e17290{s=HttpChannelState@7abea496{s=IDLE rs=BLOCKING os=OPEN is=IDLE awp=false se=false i=true al=0},r=0,c=false/false,a=IDLE,uri=null,age=0}]
15:37:34.507 [qtp464872674-31] DEBUG org.eclipse.jetty.io.SelectableChannelEndPoint - task NetworkTrafficSocketChannelEndPoint@28767371[{l=/127.0.0.1:8080,r=/127.0.0.1:46272,OPEN,fill=FI,flush=-,to=1/30000}{io=1/0,kio=1,kro=1}]->[HttpConnection@7596195b[p=HttpParser{s=START,0 of -1},g=HttpGenerator@43b88bcd{s=START}]=>HttpChannelOverHttp@26e17290{s=HttpChannelState@7abea496{s=IDLE rs=BLOCKING os=OPEN is=IDLE awp=false se=false i=true al=0},r=0,c=false/false,a=IDLE,uri=null,age=0}]:runFillable:BLOCKING
15:37:34.507 [qtp464872674-31] DEBUG org.eclipse.jetty.util.thread.ReservedThreadExecutor - ReservedThreadExecutor@70807224{reserved=2/2,pending=0} tryExecute AdaptiveExecutionStrategy@847f3e7/SelectorProducer@69cac930/PRODUCING/p=false/QueuedThreadPool[qtp464872674]@1bb564e2{STARTED,8<=8<=25,i=1,r=-1,t=54770ms,q=0}[ReservedThreadExecutor@70807224{reserved=2/2,pending=0}][pc=0,pic=0,pec=1,epc=2]@2025-07-19T15:37:34.507732514+01:00
15:37:34.508 [qtp464872674-31] DEBUG org.eclipse.jetty.util.thread.strategy.AdaptiveExecutionStrategy - ss=EXECUTE_PRODUCE_CONSUME t=NetworkTrafficSocketChannelEndPoint@28767371[{l=/127.0.0.1:8080,r=/127.0.0.1:46272,OPEN,fill=FI,flush=-,to=2/30000}{io=1/0,kio=1,kro=1}]->[HttpConnection@7596195b[p=HttpParser{s=START,0 of -1},g=HttpGenerator@43b88bcd{s=START}]=>HttpChannelOverHttp@26e17290{s=HttpChannelState@7abea496{s=IDLE rs=BLOCKING os=OPEN is=IDLE awp=false se=false i=true al=0},r=0,c=false/false,a=IDLE,uri=null,age=0}]:runFillable:BLOCKING/BLOCKING AdaptiveExecutionStrategy@847f3e7/SelectorProducer@69cac930/IDLE/p=true/QueuedThreadPool[qtp464872674]@1bb564e2{STARTED,8<=8<=25,i=1,r=-1,t=54769ms,q=0}[ReservedThreadExecutor@70807224{reserved=1/2,pending=0}][pc=0,pic=0,pec=1,epc=2]@2025-07-19T15:37:34.509015263+01:00
15:37:34.509 [qtp464872674-31] DEBUG org.eclipse.jetty.io.FillInterest - fillable FillInterest@4c2d1d38{ReadCallback@9b49927{HttpConnection@7596195b::NetworkTrafficSocketChannelEndPoint@28767371[{l=/127.0.0.1:8080,r=/127.0.0.1:46272,OPEN,fill=FI,flush=-,to=3/30000}{io=1/0,kio=1,kro=1}]->[HttpConnection@7596195b[p=HttpParser{s=START,0 of -1},g=HttpGenerator@43b88bcd{s=START}]=>HttpChannelOverHttp@26e17290{s=HttpChannelState@7abea496{s=IDLE rs=BLOCKING os=OPEN is=IDLE awp=false se=false i=true al=0},r=0,c=false/false,a=IDLE,uri=null,age=0}]}}
15:37:34.509 [qtp464872674-31] DEBUG org.eclipse.jetty.server.HttpConnection - HttpConnection@7596195b::NetworkTrafficSocketChannelEndPoint@28767371[{l=/127.0.0.1:8080,r=/127.0.0.1:46272,OPEN,fill=-,flush=-,to=3/30000}{io=1/0,kio=1,kro=1}]->[HttpConnection@7596195b[p=HttpParser{s=START,0 of -1},g=HttpGenerator@43b88bcd{s=START}]=>HttpChannelOverHttp@26e17290{s=HttpChannelState@7abea496{s=IDLE rs=BLOCKING os=OPEN is=IDLE awp=false se=false i=true al=0},r=0,c=false/false,a=IDLE,uri=null,age=0}] onFillable enter HttpChannelState@7abea496{s=IDLE rs=BLOCKING os=OPEN is=IDLE awp=false se=false i=true al=0} null
15:37:34.509 [qtp464872674-31] DEBUG org.eclipse.jetty.io.SocketChannelEndPoint - filled 155 DirectByteBuffer@7fb0f97[p=0,l=155,c=8192,r=155]={<<<POST /images HTTP/1.1\r\nHo...oding: gzip,deflate\r\n\r\n>>>ing: gzip...\x00\x00\x00\x00\x00\x00\x00}
15:37:34.509 [qtp464872674-27] DEBUG org.eclipse.jetty.util.thread.ReservedThreadExecutor - ReservedThread@4fed7ab2{RESERVED,thread=Thread[qtp464872674-27,5,main]} task=AdaptiveExecutionStrategy@847f3e7/SelectorProducer@69cac930/IDLE/p=true/QueuedThreadPool[qtp464872674]@1bb564e2{STARTED,8<=8<=25,i=1,r=-1,t=54768ms,q=0}[ReservedThreadExecutor@70807224{reserved=1/2,pending=0}][pc=0,pic=0,pec=1,epc=3]@2025-07-19T15:37:34.509850479+01:00 ReservedThreadExecutor@70807224{reserved=1/2,pending=0}
15:37:34.510 [qtp464872674-27] DEBUG org.eclipse.jetty.util.thread.strategy.AdaptiveExecutionStrategy - AdaptiveExecutionStrategy@847f3e7/SelectorProducer@69cac930/IDLE/p=true/QueuedThreadPool[qtp464872674]@1bb564e2{STARTED,8<=8<=25,i=1,r=-1,t=54768ms,q=0}[ReservedThreadExecutor@70807224{reserved=1/2,pending=0}][pc=0,pic=0,pec=1,epc=3]@2025-07-19T15:37:34.510157942+01:00 tryProduce true
15:37:34.509 [qtp464872674-31] DEBUG org.eclipse.jetty.server.HttpConnection - HttpConnection@7596195b::NetworkTrafficSocketChannelEndPoint@28767371[{l=/127.0.0.1:8080,r=/127.0.0.1:46272,OPEN,fill=-,flush=-,to=0/30000}{io=1/0,kio=1,kro=1}]->[HttpConnection@7596195b[p=HttpParser{s=START,0 of -1},g=HttpGenerator@43b88bcd{s=START}]=>HttpChannelOverHttp@26e17290{s=HttpChannelState@7abea496{s=IDLE rs=BLOCKING os=OPEN is=IDLE awp=false se=false i=true al=0},r=0,c=false/false,a=IDLE,uri=null,age=0}] filled 155 RetainableByteBuffer@2fcc58f2{DirectByteBuffer@7fb0f97[p=0,l=155,c=8192,r=155]={<<<POST /images HTTP/1.1\r\nHo...oding: gzip,deflate\r\n\r\n>>>ing: gzip...\x00\x00\x00\x00\x00\x00\x00},r=1}
15:37:34.510 [qtp464872674-27] DEBUG org.eclipse.jetty.io.ManagedSelector - updateable 0
15:37:34.510 [qtp464872674-27] DEBUG org.eclipse.jetty.io.ManagedSelector - updates 0
15:37:34.510 [qtp464872674-27] DEBUG org.eclipse.jetty.io.SelectableChannelEndPoint - Key interests updated 1 -> 0 on NetworkTrafficSocketChannelEndPoint@28767371[{l=/127.0.0.1:8080,r=/127.0.0.1:46272,OPEN,fill=-,flush=-,to=0/30000}{io=0/0,kio=0,kro=1}]->[HttpConnection@7596195b[p=HttpParser{s=START,0 of -1},g=HttpGenerator@43b88bcd{s=START}]=>HttpChannelOverHttp@26e17290{s=HttpChannelState@7abea496{s=IDLE rs=BLOCKING os=OPEN is=IDLE awp=false se=false i=true al=0},r=0,c=false/false,a=IDLE,uri=null,age=0}]
15:37:34.510 [qtp464872674-31] DEBUG org.eclipse.jetty.server.HttpConnection - HttpConnection@7596195b::NetworkTrafficSocketChannelEndPoint@28767371[{l=/127.0.0.1:8080,r=/127.0.0.1:46272,OPEN,fill=-,flush=-,to=0/30000}{io=0/0,kio=0,kro=1}]->[HttpConnection@7596195b[p=HttpParser{s=START,0 of -1},g=HttpGenerator@43b88bcd{s=START}]=>HttpChannelOverHttp@26e17290{s=HttpChannelState@7abea496{s=IDLE rs=BLOCKING os=OPEN is=IDLE awp=false se=false i=true al=0},r=0,c=false/false,a=IDLE,uri=null,age=0}] parse RetainableByteBuffer@2fcc58f2{DirectByteBuffer@7fb0f97[p=0,l=155,c=8192,r=155]={<<<POST /images HTTP/1.1\r\nHo...oding: gzip,deflate\r\n\r\n>>>ing: gzip...\x00\x00\x00\x00\x00\x00\x00},r=1}
15:37:34.510 [qtp464872674-27] DEBUG org.eclipse.jetty.io.ManagedSelector - Selector sun.nio.ch.EPollSelectorImpl@33519026 waiting with 1 keys
15:37:34.510 [qtp464872674-31] DEBUG org.eclipse.jetty.http.HttpParser - parseNext s=START DirectByteBuffer@7fb0f97[p=0,l=155,c=8192,r=155]={<<<POST /images HTTP/1.1\r\nHo...oding: gzip,deflate\r\n\r\n>>>ing: gzip...\x00\x00\x00\x00\x00\x00\x00}
15:37:34.510 [qtp464872674-31] DEBUG org.eclipse.jetty.http.HttpParser - START --> SPACE1
15:37:34.510 [qtp464872674-31] DEBUG org.eclipse.jetty.http.HttpParser - SPACE1 --> URI
15:37:34.510 [qtp464872674-31] DEBUG org.eclipse.jetty.http.HttpParser - URI --> SPACE2
15:37:34.510 [qtp464872674-31] DEBUG org.eclipse.jetty.http.HttpParser - SPACE2 --> REQUEST_VERSION
15:37:34.510 [qtp464872674-31] DEBUG org.eclipse.jetty.http.HttpParser - REQUEST_VERSION --> HEADER
15:37:34.510 [qtp464872674-31] DEBUG org.eclipse.jetty.http.HttpParser - HEADER:Host --> VALUE
15:37:34.510 [qtp464872674-31] DEBUG org.eclipse.jetty.http.HttpParser - HEADER:Host --> IN_VALUE
15:37:34.510 [qtp464872674-31] DEBUG org.eclipse.jetty.http.HttpParser - HEADER:Host --> FIELD
15:37:34.511 [qtp464872674-31] DEBUG org.eclipse.jetty.http.HttpParser - parsedHeader(Host: localhost:8080) header=Host, headerString=[Host], valueString=[localhost:8080]
15:37:34.511 [qtp464872674-31] DEBUG org.eclipse.jetty.http.HttpParser - HEADER:Connection: keep-alive --> IN_VALUE
15:37:34.511 [qtp464872674-31] DEBUG org.eclipse.jetty.http.HttpParser - HEADER:Connection: keep-alive --> FIELD
15:37:34.511 [qtp464872674-31] DEBUG org.eclipse.jetty.http.HttpParser - parsedHeader(Connection: keep-alive) header=Connection, headerString=[Connection], valueString=[keep-alive]
15:37:34.511 [qtp464872674-31] DEBUG org.eclipse.jetty.http.HttpParser - HEADER:User-Agent --> VALUE
15:37:34.511 [qtp464872674-31] DEBUG org.eclipse.jetty.http.HttpParser - HEADER:User-Agent --> IN_VALUE
15:37:34.511 [qtp464872674-31] DEBUG org.eclipse.jetty.http.HttpParser - HEADER:User-Agent --> FIELD
15:37:34.511 [qtp464872674-31] DEBUG org.eclipse.jetty.http.HttpParser - parsedHeader(User-Agent: Apache-HttpClient/4.5.14 (Java/17.0.15)) header=User-Agent, headerString=[User-Agent], valueString=[Apache-HttpClient/4.5.14 (Java/17.0.15)]
15:37:34.511 [qtp464872674-31] DEBUG org.eclipse.jetty.http.HttpParser - HEADER:Accept-Encoding --> IN_VALUE
15:37:34.511 [qtp464872674-31] DEBUG org.eclipse.jetty.http.HttpParser - HEADER:Accept-Encoding --> FIELD
15:37:34.511 [qtp464872674-31] DEBUG org.eclipse.jetty.http.HttpParser - parsedHeader(Accept-Encoding: gzip,deflate) header=Accept-Encoding, headerString=[Accept-Encoding], valueString=[gzip,deflate]
15:37:34.511 [qtp464872674-31] DEBUG org.eclipse.jetty.http.HttpParser - HEADER --> CONTENT
15:37:34.511 [qtp464872674-31] DEBUG org.eclipse.jetty.server.HttpInput - reopen HttpInput@905074656 cs=HttpChannelState@7abea496{s=IDLE rs=BLOCKING os=OPEN is=IDLE awp=false se=false i=true al=0} cp=org.eclipse.jetty.server.BlockingContentProducer@3f52bcd6 eof=false
15:37:34.511 [qtp464872674-31] DEBUG org.eclipse.jetty.server.BlockingContentProducer - reopening org.eclipse.jetty.server.BlockingContentProducer@3f52bcd6
15:37:34.511 [qtp464872674-31] DEBUG org.eclipse.jetty.server.AsyncContentProducer - reopening AsyncContentProducer@9f2a37a[r=null,t=null,i=null,error=false,c=HttpChannelOverHttp@26e17290{s=HttpChannelState@7abea496{s=IDLE rs=BLOCKING os=OPEN is=IDLE awp=false se=false i=true al=0},r=1,c=false/false,a=IDLE,uri=null,age=0}]
15:37:34.511 [qtp464872674-31] DEBUG org.eclipse.jetty.server.HttpChannel - REQUEST for /images on HttpChannelOverHttp@26e17290{s=HttpChannelState@7abea496{s=IDLE rs=BLOCKING os=OPEN is=IDLE awp=false se=false i=true al=0},r=1,c=false/false,a=IDLE,uri=http://localhost:8080/images,age=0}
POST /images HTTP/1.1
Host: localhost:8080
Connection: keep-alive
User-Agent: Apache-HttpClient/4.5.14 (Java/17.0.15)
Accept-Encoding: gzip,deflate


15:37:34.511 [qtp464872674-31] DEBUG org.eclipse.jetty.server.HttpConnection - HttpConnection@7596195b::NetworkTrafficSocketChannelEndPoint@28767371[{l=/127.0.0.1:8080,r=/127.0.0.1:46272,OPEN,fill=-,flush=-,to=2/30000}{io=0/0,kio=0,kro=1}]->[HttpConnection@7596195b[p=HttpParser{s=CONTENT,0 of -1},g=HttpGenerator@43b88bcd{s=START}]=>HttpChannelOverHttp@26e17290{s=HttpChannelState@7abea496{s=IDLE rs=BLOCKING os=OPEN is=IDLE awp=false se=false i=true al=0},r=1,c=false/false,a=IDLE,uri=http://localhost:8080/images,age=1}] parsed true HttpParser{s=CONTENT,0 of -1}
15:37:34.512 [qtp464872674-31] DEBUG org.eclipse.jetty.server.HttpConnection - releaseRequestBuffer HttpConnection@7596195b::NetworkTrafficSocketChannelEndPoint@28767371[{l=/127.0.0.1:8080,r=/127.0.0.1:46272,OPEN,fill=-,flush=-,to=2/30000}{io=0/0,kio=0,kro=1}]->[HttpConnection@7596195b[p=HttpParser{s=CONTENT,0 of -1},g=HttpGenerator@43b88bcd{s=START}]=>HttpChannelOverHttp@26e17290{s=HttpChannelState@7abea496{s=IDLE rs=BLOCKING os=OPEN is=IDLE awp=false se=false i=true al=0},r=1,c=false/false,a=IDLE,uri=http://localhost:8080/images,age=1}]
15:37:34.512 [qtp464872674-31] DEBUG org.eclipse.jetty.server.HttpChannel - handle http://localhost:8080/images HttpChannelOverHttp@26e17290{s=HttpChannelState@7abea496{s=IDLE rs=BLOCKING os=OPEN is=IDLE awp=false se=false i=true al=0},r=1,c=false/false,a=IDLE,uri=http://localhost:8080/images,age=1} 
15:37:34.512 [qtp464872674-31] DEBUG org.eclipse.jetty.server.HttpChannelState - handling HttpChannelState@7abea496{s=IDLE rs=BLOCKING os=OPEN is=IDLE awp=false se=false i=true al=0}
15:37:34.512 [qtp464872674-31] DEBUG org.eclipse.jetty.server.HttpChannel - action DISPATCH HttpChannelOverHttp@26e17290{s=HttpChannelState@7abea496{s=HANDLING rs=BLOCKING os=OPEN is=IDLE awp=false se=false i=true al=0},r=1,c=false/false,a=HANDLING,uri=http://localhost:8080/images,age=1}
15:37:34.512 [qtp464872674-31] DEBUG org.eclipse.jetty.server.Server - REQUEST POST /images ?null on HttpChannelOverHttp@26e17290{s=HttpChannelState@7abea496{s=HANDLING rs=BLOCKING os=OPEN is=IDLE awp=false se=false i=true al=0},r=1,c=false/false,a=HANDLING,uri=http://localhost:8080/images,age=1}
15:37:34.512 [qtp464872674-31] DEBUG org.eclipse.jetty.server.handler.ContextHandler - scope null||/images @ o.e.j.s.ServletContextHandler@180e6ac4{/__admin,null,AVAILABLE}
15:37:34.512 [qtp464872674-31] DEBUG org.eclipse.jetty.server.handler.gzip.GzipHandler - GzipHandler@2f2bf0e2{STARTED,min=32,inflate=-1} handle Request(POST http://localhost:8080/images)@5528adb6 in null
15:37:34.512 [qtp464872674-31] DEBUG org.eclipse.jetty.server.handler.ContextHandler - scope null||/images @ o.e.j.s.ServletContextHandler@2552f2cb{/,null,AVAILABLE}
15:37:34.512 [qtp464872674-31] DEBUG org.eclipse.jetty.server.handler.ContextHandler - context=||/images @ o.e.j.s.ServletContextHandler@2552f2cb{/,null,AVAILABLE}
15:37:34.512 [qtp464872674-31] DEBUG org.eclipse.jetty.servlet.ServletHandler - servlet |/images|null|ServletPathMapping{matchValue=, pattern=/, servletName=com.github.tomakehurst.wiremock.servlet.WireMockHandlerDispatchingServlet-46e8a539, mappingMatch=DEFAULT, servletPath=/images, pathInfo=null} -> com.github.tomakehurst.wiremock.servlet.WireMockHandlerDispatchingServlet-46e8a539==com.github.tomakehurst.wiremock.servlet.WireMockHandlerDispatchingServlet@5053131d{jsp=null,order=1,inst=true,async=true,src=EMBEDDED:null,STARTED}
15:37:34.513 [qtp464872674-31] DEBUG org.eclipse.jetty.servlet.ServletHandler - ServletHandler@5f3b9c57{STARTED} cached filter chain for REQUEST: ChainEnd@72c2ada4(com.github.tomakehurst.wiremock.servlet.WireMockHandlerDispatchingServlet-46e8a539==com.github.tomakehurst.wiremock.servlet.WireMockHandlerDispatchingServlet@5053131d{jsp=null,order=1,inst=true,async=true,src=EMBEDDED:null,STARTED})
15:37:34.513 [qtp464872674-31] DEBUG org.eclipse.jetty.servlet.ServletHandler - chain=ChainEnd@72c2ada4(com.github.tomakehurst.wiremock.servlet.WireMockHandlerDispatchingServlet-46e8a539==com.github.tomakehurst.wiremock.servlet.WireMockHandlerDispatchingServlet@5053131d{jsp=null,order=1,inst=true,async=true,src=EMBEDDED:null,STARTED})
15:37:34.513 [qtp464872674-31] DEBUG org.eclipse.jetty.server.AsyncContentProducer - checkMinDataRate [m=0,t=-9223372036854775808] AsyncContentProducer@9f2a37a[r=null,t=null,i=null,error=false,c=HttpChannelOverHttp@26e17290{s=HttpChannelState@7abea496{s=HANDLING rs=BLOCKING os=OPEN is=IDLE awp=false se=false i=true al=0},r=1,c=false/false,a=HANDLING,uri=http://localhost:8080/images,age=2}]
15:37:34.513 [qtp464872674-31] DEBUG org.eclipse.jetty.server.AsyncContentProducer - nextTransformedContent AsyncContentProducer@9f2a37a[r=null,t=null,i=null,error=false,c=HttpChannelOverHttp@26e17290{s=HttpChannelState@7abea496{s=HANDLING rs=BLOCKING os=OPEN is=IDLE awp=false se=false i=true al=0},r=1,c=false/false,a=HANDLING,uri=http://localhost:8080/images,age=2}]
15:37:34.513 [qtp464872674-31] DEBUG org.eclipse.jetty.server.AsyncContentProducer - producing new raw content AsyncContentProducer@9f2a37a[r=null,t=null,i=null,error=false,c=HttpChannelOverHttp@26e17290{s=HttpChannelState@7abea496{s=HANDLING rs=BLOCKING os=OPEN is=IDLE awp=false se=false i=true al=0},r=1,c=false/false,a=HANDLING,uri=http://localhost:8080/images,age=2}]
15:37:34.513 [qtp464872674-31] DEBUG org.eclipse.jetty.server.HttpChannelOverHttp - produceContent has no content, parsing and filling
15:37:34.513 [qtp464872674-31] DEBUG org.eclipse.jetty.server.HttpConnection - HttpConnection@7596195b::NetworkTrafficSocketChannelEndPoint@28767371[{l=/127.0.0.1:8080,r=/127.0.0.1:46272,OPEN,fill=-,flush=-,to=4/30000}{io=0/0,kio=0,kro=1}]->[HttpConnection@7596195b[p=HttpParser{s=CONTENT,0 of -1},g=HttpGenerator@43b88bcd{s=START}]=>HttpChannelOverHttp@26e17290{s=HttpChannelState@7abea496{s=HANDLING rs=BLOCKING os=OPEN is=IDLE awp=false se=false i=true al=0},r=1,c=false/false,a=HANDLING,uri=http://localhost:8080/images,age=3}] parse null
15:37:34.514 [qtp464872674-31] DEBUG org.eclipse.jetty.http.HttpParser - parseNext s=CONTENT HeapByteBuffer@303ac8fb[p=0,l=0,c=0,r=0]={<<<>>>}
15:37:34.514 [qtp464872674-31] DEBUG org.eclipse.jetty.http.HttpParser - CONTENT --> CONTENT_END
15:37:34.514 [qtp464872674-31] DEBUG org.eclipse.jetty.server.HttpChannel - onContentComplete HttpChannelOverHttp@26e17290{s=HttpChannelState@7abea496{s=HANDLING rs=BLOCKING os=OPEN is=IDLE awp=false se=false i=true al=0},r=1,c=false/false,a=HANDLING,uri=http://localhost:8080/images,age=3}
15:37:34.514 [qtp464872674-31] DEBUG org.eclipse.jetty.http.HttpParser - CONTENT_END --> END
15:37:34.514 [qtp464872674-31] DEBUG org.eclipse.jetty.server.HttpChannel - onRequestComplete HttpChannelOverHttp@26e17290{s=HttpChannelState@7abea496{s=HANDLING rs=BLOCKING os=OPEN is=IDLE awp=false se=false i=true al=0},r=1,c=false/false,a=HANDLING,uri=http://localhost:8080/images,age=3}
15:37:34.514 [qtp464872674-31] DEBUG org.eclipse.jetty.server.HttpChannelOverHttp - received EOF, content = null
15:37:34.514 [qtp464872674-31] DEBUG org.eclipse.jetty.server.HttpConnection - HttpConnection@7596195b::NetworkTrafficSocketChannelEndPoint@28767371[{l=/127.0.0.1:8080,r=/127.0.0.1:46272,OPEN,fill=-,flush=-,to=4/30000}{io=0/0,kio=0,kro=1}]->[HttpConnection@7596195b[p=HttpParser{s=END,0 of -1},g=HttpGenerator@43b88bcd{s=START}]=>HttpChannelOverHttp@26e17290{s=HttpChannelState@7abea496{s=HANDLING rs=BLOCKING os=OPEN is=IDLE awp=false se=false i=true al=0},r=1,c=false/false,a=HANDLING,uri=http://localhost:8080/images,age=3}] parsed false HttpParser{s=END,0 of -1}
15:37:34.514 [qtp464872674-31] DEBUG org.eclipse.jetty.server.HttpChannelOverHttp - produceContent produced EofContent
15:37:34.514 [qtp464872674-31] DEBUG org.eclipse.jetty.server.AsyncContentProducer - produceRawContent updated rawContentArrived to 0 and firstByteTimeStamp to 10800737601416 AsyncContentProducer@9f2a37a[r=null,t=null,i=null,error=false,c=HttpChannelOverHttp@26e17290{s=HttpChannelState@7abea496{s=HANDLING rs=BLOCKING os=OPEN is=IDLE awp=false se=false i=true al=0},r=1,c=false/false,a=HANDLING,uri=http://localhost:8080/images,age=3}]
15:37:34.514 [qtp464872674-31] DEBUG org.eclipse.jetty.server.AsyncContentProducer - produceRawContent produced EofContent AsyncContentProducer@9f2a37a[r=null,t=null,i=null,error=false,c=HttpChannelOverHttp@26e17290{s=HttpChannelState@7abea496{s=HANDLING rs=BLOCKING os=OPEN is=IDLE awp=false se=false i=true al=0},r=1,c=false/false,a=HANDLING,uri=http://localhost:8080/images,age=3}]
15:37:34.514 [qtp464872674-31] DEBUG org.eclipse.jetty.server.AsyncContentProducer - transforming raw content AsyncContentProducer@9f2a37a[r=EofContent,t=null,i=null,error=false,c=HttpChannelOverHttp@26e17290{s=HttpChannelState@7abea496{s=HANDLING rs=BLOCKING os=OPEN is=IDLE awp=false se=false i=true al=0},r=1,c=false/false,a=HANDLING,uri=http://localhost:8080/images,age=3}]
15:37:34.514 [qtp464872674-31] DEBUG org.eclipse.jetty.server.AsyncContentProducer - no interceptor, transformed content is raw content AsyncContentProducer@9f2a37a[r=EofContent,t=null,i=null,error=false,c=HttpChannelOverHttp@26e17290{s=HttpChannelState@7abea496{s=HANDLING rs=BLOCKING os=OPEN is=IDLE awp=false se=false i=true al=0},r=1,c=false/false,a=HANDLING,uri=http://localhost:8080/images,age=3}]
15:37:34.514 [qtp464872674-31] DEBUG org.eclipse.jetty.server.AsyncContentProducer - transformed content not yet depleted, returning it AsyncContentProducer@9f2a37a[r=EofContent,t=EofContent,i=null,error=false,c=HttpChannelOverHttp@26e17290{s=HttpChannelState@7abea496{s=HANDLING rs=BLOCKING os=OPEN is=IDLE awp=false se=false i=true al=0},r=1,c=false/false,a=HANDLING,uri=http://localhost:8080/images,age=3}]
15:37:34.514 [qtp464872674-31] DEBUG org.eclipse.jetty.server.AsyncContentProducer - nextContent = EofContent AsyncContentProducer@9f2a37a[r=EofContent,t=EofContent,i=null,error=false,c=HttpChannelOverHttp@26e17290{s=HttpChannelState@7abea496{s=HANDLING rs=BLOCKING os=OPEN is=IDLE awp=false se=false i=true al=0},r=1,c=false/false,a=HANDLING,uri=http://localhost:8080/images,age=3}]
15:37:34.514 [qtp464872674-31] DEBUG org.eclipse.jetty.server.HttpChannelState - onReadIdle HttpChannelState@7abea496{s=HANDLING rs=BLOCKING os=OPEN is=IDLE awp=false se=false i=true al=0}
15:37:34.514 [qtp464872674-31] DEBUG org.eclipse.jetty.server.BlockingContentProducer - nextContent async producer returned EofContent
15:37:34.514 [qtp464872674-31] DEBUG org.eclipse.jetty.server.HttpInput - read error=null HttpInput@905074656 cs=HttpChannelState@7abea496{s=HANDLING rs=BLOCKING os=OPEN is=IDLE awp=false se=false i=true al=0} cp=org.eclipse.jetty.server.BlockingContentProducer@3f52bcd6 eof=false
15:37:34.514 [qtp464872674-31] DEBUG org.eclipse.jetty.server.HttpInput - read at EOF, setting consumed EOF to true HttpInput@905074656 cs=HttpChannelState@7abea496{s=HANDLING rs=BLOCKING os=OPEN is=IDLE awp=false se=false i=true al=0} cp=org.eclipse.jetty.server.BlockingContentProducer@3f52bcd6 eof=false
15:37:34.515 [qtp464872674-31] DEBUG org.eclipse.jetty.server.BlockingContentProducer - onContentProducible releasing semaphore LockedSemaphore permits=0 unready=false
15:37:34.521 [qtp464872674-31] DEBUG org.eclipse.jetty.server.HttpOutput - write(array HeapByteBuffer@25528a55[p=0,l=112,c=112,r=112]={<<<{"error":"Bad Request","m... contenir un fichier."}>>>})
15:37:34.521 [qtp464872674-31] DEBUG org.eclipse.jetty.server.HttpOutput - write(array) s=OPEN,api=BLOCKING,sc=false,e=null aggregated !flush DirectByteBuffer@361a6c76[p=0,l=112,c=32768,r=112]={<<<{"error":"Bad Request","m... contenir un fichier."}>>>ransfer-E...\x00\x00\x00\x00\x00\x00\x00}
15:37:34.521 [qtp464872674-31] DEBUG org.eclipse.jetty.server.handler.gzip.GzipHttpOutputInterceptor - org.eclipse.jetty.server.handler.gzip.GzipHttpOutputInterceptor@64cc23da exclude by status 400
15:37:34.521 [qtp464872674-31] DEBUG org.eclipse.jetty.server.HttpChannel - sendResponse info=null content=DirectByteBuffer@361a6c76[p=0,l=112,c=32768,r=112]={<<<{"error":"Bad Request","m... contenir un fichier."}>>>ransfer-E...\x00\x00\x00\x00\x00\x00\x00} complete=false committing=true callback=Blocker@2bb3c632{null}
15:37:34.522 [qtp464872674-31] DEBUG org.eclipse.jetty.server.HttpChannel - COMMIT for /images on HttpChannelOverHttp@26e17290{s=HttpChannelState@7abea496{s=HANDLING rs=BLOCKING os=COMMITTED is=IDLE awp=false se=false i=true al=0},r=1,c=false/false,a=HANDLING,uri=http://localhost:8080/images,age=11}
400 null HTTP/1.1
Content-Type: application/json
Matched-Stub-Id: abeea1be-b430-4fbf-9460-c849ea6b125a


15:37:34.522 [qtp464872674-31] DEBUG org.eclipse.jetty.server.HttpConnection - generate: NEED_HEADER for SendCallback@2726dd94[PROCESSING][i=HTTP/1.1{s=400,h=2,cl=-1},cb=org.eclipse.jetty.server.HttpChannel$SendCallback@1697eb07] (null,[p=0,l=112,c=32768,r=112],false)@START
15:37:34.522 [qtp464872674-31] DEBUG org.eclipse.jetty.http.HttpGenerator - generateHeaders HTTP/1.1{s=400,h=2,cl=-1} last=false content=DirectByteBuffer@361a6c76[p=0,l=112,c=32768,r=112]={<<<{"error":"Bad Request","m... contenir un fichier."}>>>ransfer-E...\x00\x00\x00\x00\x00\x00\x00}
15:37:34.522 [qtp464872674-31] DEBUG org.eclipse.jetty.http.HttpGenerator - Content-Type: application/json
Matched-Stub-Id: abeea1be-b430-4fbf-9460-c849ea6b125a


15:37:34.522 [qtp464872674-31] DEBUG org.eclipse.jetty.http.HttpGenerator - CHUNKED_CONTENT
15:37:34.522 [qtp464872674-31] DEBUG org.eclipse.jetty.server.HttpConnection - generate: FLUSH for SendCallback@2726dd94[PROCESSING][i=HTTP/1.1{s=400,h=2,cl=-1},cb=org.eclipse.jetty.server.HttpChannel$SendCallback@1697eb07] ([p=0,l=147,c=32768,r=147],[p=0,l=112,c=32768,r=112],false)@COMMITTED
15:37:34.522 [qtp464872674-31] DEBUG org.eclipse.jetty.io.WriteFlusher - write: WriteFlusher@13c0c8fc{IDLE}->null [DirectByteBuffer@69561e06[p=0,l=147,c=32768,r=147]={<<<HTTP/1.1 400 Bad Request\r...coding: chunked\r\n\r\n70\r\n>>>\x00\x00\x00\x00\x00\x00\x00\x00\x00...\x00\x00\x00\x00\x00\x00\x00},DirectByteBuffer@361a6c76[p=0,l=112,c=32768,r=112]={<<<{"error":"Bad Request","m... contenir un fichier."}>>>ransfer-E...\x00\x00\x00\x00\x00\x00\x00}]
15:37:34.522 [qtp464872674-31] DEBUG org.eclipse.jetty.io.WriteFlusher - update WriteFlusher@13c0c8fc{WRITING}->null:IDLE-->WRITING
15:37:34.522 [qtp464872674-31] DEBUG org.eclipse.jetty.io.SocketChannelEndPoint - flushed 147 NetworkTrafficSocketChannelEndPoint@28767371[{l=/127.0.0.1:8080,r=/127.0.0.1:46272,OPEN,fill=-,flush=W,to=12/30000}{io=0/0,kio=0,kro=1}]->[HttpConnection@7596195b[p=HttpParser{s=END,0 of -1},g=HttpGenerator@43b88bcd{s=COMMITTED}]=>HttpChannelOverHttp@26e17290{s=HttpChannelState@7abea496{s=HANDLING rs=BLOCKING os=COMMITTED is=IDLE awp=false se=false i=true al=0},r=1,c=false/false,a=HANDLING,uri=http://localhost:8080/images,age=11}]
15:37:34.522 [main] DEBUG org.apache.http.wire - http-outgoing-4 << "HTTP/1.1 400 Bad Request[\r][\n]"
15:37:34.522 [main] DEBUG org.apache.http.wire - http-outgoing-4 << "Content-Type: application/json[\r][\n]"
15:37:34.522 [main] DEBUG org.apache.http.wire - http-outgoing-4 << "Matched-Stub-Id: abeea1be-b430-4fbf-9460-c849ea6b125a[\r][\n]"
15:37:34.522 [main] DEBUG org.apache.http.wire - http-outgoing-4 << "Transfer-Encoding: chunked[\r][\n]"
15:37:34.522 [main] DEBUG org.apache.http.wire - http-outgoing-4 << "[\r][\n]"
15:37:34.522 [main] DEBUG org.apache.http.wire - http-outgoing-4 << "70[\r][\n]"
15:37:34.522 [qtp464872674-31] DEBUG org.eclipse.jetty.io.SocketChannelEndPoint - flushed 112 NetworkTrafficSocketChannelEndPoint@28767371[{l=/127.0.0.1:8080,r=/127.0.0.1:46272,OPEN,fill=-,flush=W,to=0/30000}{io=0/0,kio=0,kro=1}]->[HttpConnection@7596195b[p=HttpParser{s=END,0 of -1},g=HttpGenerator@43b88bcd{s=COMMITTED}]=>HttpChannelOverHttp@26e17290{s=HttpChannelState@7abea496{s=HANDLING rs=BLOCKING os=COMMITTED is=IDLE awp=false se=false i=true al=0},r=1,c=false/false,a=HANDLING,uri=http://localhost:8080/images,age=11}]
15:37:34.522 [qtp464872674-31] DEBUG org.eclipse.jetty.io.WriteFlusher - Flushed=true written=259 remaining=0 WriteFlusher@13c0c8fc{WRITING}->null
15:37:34.522 [qtp464872674-31] DEBUG org.eclipse.jetty.io.WriteFlusher - update WriteFlusher@13c0c8fc{IDLE}->null:WRITING-->IDLE
15:37:34.522 [qtp464872674-31] DEBUG org.eclipse.jetty.server.HttpConnection - generate: DONE for SendCallback@2726dd94[PROCESSING][i=HTTP/1.1{s=400,h=2,cl=-1},cb=org.eclipse.jetty.server.HttpChannel$SendCallback@1697eb07] ([p=147,l=147,c=32768,r=0],[p=112,l=112,c=32768,r=0],false)@COMMITTED
15:37:34.523 [main] DEBUG org.apache.http.headers - http-outgoing-4 << HTTP/1.1 400 Bad Request
15:37:34.523 [qtp464872674-31] DEBUG org.eclipse.jetty.server.HttpOutput - onWriteComplete(false,null) s=OPEN,api=BLOCKED,sc=false,e=null->s=OPEN,api=BLOCKING,sc=false,e=null c=null cb=null w=false
15:37:34.523 [main] DEBUG org.apache.http.headers - http-outgoing-4 << Content-Type: application/json
15:37:34.523 [main] DEBUG org.apache.http.headers - http-outgoing-4 << Matched-Stub-Id: abeea1be-b430-4fbf-9460-c849ea6b125a
15:37:34.523 [qtp464872674-31] DEBUG org.eclipse.jetty.server.HttpOutput - close() s=CLOSING,api=BLOCKED,sc=false,e=null c=HeapByteBuffer@303ac8fb[p=0,l=0,c=0,r=0]={<<<>>>} b=Blocker@2bb3c632{null}
15:37:34.523 [main] DEBUG org.apache.http.headers - http-outgoing-4 << Transfer-Encoding: chunked
15:37:34.523 [qtp464872674-31] DEBUG org.eclipse.jetty.server.HttpChannel - sendResponse info=null content=HeapByteBuffer@303ac8fb[p=0,l=0,c=0,r=0]={<<<>>>} complete=true committing=false callback=Blocker@2bb3c632{null}
15:37:34.523 [qtp464872674-31] DEBUG org.eclipse.jetty.server.HttpConnection - generate: CONTINUE for SendCallback@2726dd94[PROCESSING][i=null,cb=org.eclipse.jetty.server.HttpChannel$SendCallback@26f70ee0] (null,[p=0,l=0,c=0,r=0],true)@COMPLETING
15:37:34.523 [qtp464872674-31] DEBUG org.eclipse.jetty.server.HttpConnection - generate: NEED_CHUNK for SendCallback@2726dd94[PROCESSING][i=null,cb=org.eclipse.jetty.server.HttpChannel$SendCallback@26f70ee0] (null,[p=0,l=0,c=0,r=0],true)@COMPLETING
15:37:34.523 [qtp464872674-31] DEBUG org.eclipse.jetty.server.HttpConnection - generate: FLUSH for SendCallback@2726dd94[PROCESSING][i=null,cb=org.eclipse.jetty.server.HttpChannel$SendCallback@26f70ee0] (null,[p=0,l=0,c=0,r=0],true)@COMPLETING
15:37:34.523 [qtp464872674-31] DEBUG org.eclipse.jetty.io.WriteFlusher - write: WriteFlusher@13c0c8fc{IDLE}->null [DirectByteBuffer@471d979c[p=0,l=7,c=16,r=7]={<<<\r\n0\r\n\r\n>>>\x00\x00\x00\x00\x00\x00\x00\x00\x00}]
15:37:34.523 [main] DEBUG org.apache.http.impl.execchain.MainClientExec - Connection can be kept alive indefinitely
15:37:34.523 [qtp464872674-31] DEBUG org.eclipse.jetty.io.WriteFlusher - update WriteFlusher@13c0c8fc{WRITING}->null:IDLE-->WRITING
15:37:34.523 [qtp464872674-31] DEBUG org.eclipse.jetty.io.SocketChannelEndPoint - flushed 7 NetworkTrafficSocketChannelEndPoint@28767371[{l=/127.0.0.1:8080,r=/127.0.0.1:46272,OPEN,fill=-,flush=W,to=0/30000}{io=0/0,kio=0,kro=1}]->[HttpConnection@7596195b[p=HttpParser{s=END,0 of -1},g=HttpGenerator@43b88bcd{s=COMPLETING}]=>HttpChannelOverHttp@26e17290{s=HttpChannelState@7abea496{s=HANDLING rs=BLOCKING os=COMMITTED is=IDLE awp=false se=false i=true al=0},r=1,c=false/false,a=HANDLING,uri=http://localhost:8080/images,age=12}]
15:37:34.523 [qtp464872674-31] DEBUG org.eclipse.jetty.io.WriteFlusher - Flushed=true written=7 remaining=0 WriteFlusher@13c0c8fc{WRITING}->null
15:37:34.523 [qtp464872674-31] DEBUG org.eclipse.jetty.io.WriteFlusher - update WriteFlusher@13c0c8fc{IDLE}->null:WRITING-->IDLE
15:37:34.523 [qtp464872674-31] DEBUG org.eclipse.jetty.server.HttpConnection - generate: DONE for SendCallback@2726dd94[PROCESSING][i=null,cb=org.eclipse.jetty.server.HttpChannel$SendCallback@26f70ee0] (null,[p=0,l=0,c=0,r=0],true)@END
15:37:34.523 [main] DEBUG org.apache.http.wire - http-outgoing-4 << "{"error":"Bad Request","message":"Le corps de la requete doit etre multipart/form-data et contenir un fichier."}[\r][\n]"
15:37:34.523 [main] DEBUG org.apache.http.wire - http-outgoing-4 << "0[\r][\n]"
15:37:34.523 [main] DEBUG org.apache.http.wire - http-outgoing-4 << "[\r][\n]"
15:37:34.523 [qtp464872674-31] DEBUG org.eclipse.jetty.server.HttpOutput - onWriteComplete(true,null) s=CLOSING,api=BLOCKED,sc=false,e=null->s=CLOSED,api=BLOCKING,sc=false,e=null c=null cb=null w=false
15:37:34.523 [main] DEBUG org.apache.http.impl.conn.PoolingHttpClientConnectionManager - Connection [id: 4][route: {}->http://localhost:8080] can be kept alive indefinitely
15:37:34.523 [main] DEBUG org.apache.http.impl.conn.DefaultManagedHttpClientConnection - http-outgoing-4: set socket timeout to 0
15:37:34.523 [qtp464872674-31] DEBUG org.eclipse.jetty.server.Server - handled=true async=false committed=true on HttpChannelOverHttp@26e17290{s=HttpChannelState@7abea496{s=HANDLING rs=BLOCKING os=COMPLETED is=IDLE awp=false se=false i=true al=0},r=1,c=false/true,a=HANDLING,uri=http://localhost:8080/images,age=12}
15:37:34.523 [qtp464872674-31] DEBUG org.eclipse.jetty.server.HttpChannelState - unhandle HttpChannelState@7abea496{s=HANDLING rs=BLOCKING os=COMPLETED is=IDLE awp=false se=false i=true al=0}
15:37:34.523 [main] DEBUG org.apache.http.impl.conn.PoolingHttpClientConnectionManager - Connection released: [id: 4][route: {}->http://localhost:8080][total available: 1; route allocated: 1 of 5; total allocated: 1 of 10]
15:37:34.523 [qtp464872674-31] DEBUG org.eclipse.jetty.server.HttpChannelState - nextAction(false) COMPLETE HttpChannelState@7abea496{s=HANDLING rs=COMPLETING os=COMPLETED is=IDLE awp=false se=false i=false al=0}
15:37:34.523 [main] DEBUG org.apache.http.impl.conn.PoolingHttpClientConnectionManager - Connection manager is shutting down
15:37:34.523 [qtp464872674-31] DEBUG org.eclipse.jetty.server.HttpChannel - action COMPLETE HttpChannelOverHttp@26e17290{s=HttpChannelState@7abea496{s=HANDLING rs=COMPLETING os=COMPLETED is=IDLE awp=false se=false i=false al=0},r=1,c=false/true,a=HANDLING,uri=http://localhost:8080/images,age=12}
15:37:34.523 [main] DEBUG org.apache.http.impl.conn.DefaultManagedHttpClientConnection - http-outgoing-4: Close connection
15:37:34.523 [qtp464872674-31] DEBUG org.eclipse.jetty.server.HttpOutput - complete(org.eclipse.jetty.util.Callback$3@37acbdd7) s=CLOSED,api=BLOCKING,sc=false,e=null s=true e=null, c=null
15:37:34.523 [qtp464872674-31] DEBUG org.eclipse.jetty.server.HttpChannelState - completed HttpChannelState@7abea496{s=HANDLING rs=COMPLETING os=COMPLETED is=IDLE awp=false se=false i=false al=0}
15:37:34.523 [qtp464872674-31] DEBUG org.eclipse.jetty.server.HttpChannelState - unhandle HttpChannelState@7abea496{s=HANDLING rs=COMPLETED os=COMPLETED is=IDLE awp=false se=false i=false al=0}
15:37:34.523 [qtp464872674-31] DEBUG org.eclipse.jetty.server.HttpChannelState - nextAction(false) TERMINATED HttpChannelState@7abea496{s=IDLE rs=COMPLETED os=COMPLETED is=IDLE awp=false se=false i=false al=0}
15:37:34.523 [qtp464872674-31] DEBUG org.eclipse.jetty.server.HttpChannel - action TERMINATED HttpChannelOverHttp@26e17290{s=HttpChannelState@7abea496{s=IDLE rs=COMPLETED os=COMPLETED is=IDLE awp=false se=false i=false al=0},r=1,c=true/true,a=IDLE,uri=http://localhost:8080/images,age=12}
15:37:34.523 [qtp464872674-31] DEBUG org.eclipse.jetty.server.HttpChannel - onCompleted for /images written=112
15:37:34.523 [main] DEBUG org.apache.http.impl.conn.PoolingHttpClientConnectionManager - Connection manager shut down
15:37:34.523 [qtp464872674-31] DEBUG org.eclipse.jetty.server.HttpInput - consumeAll HttpInput@905074656 cs=HttpChannelState@7abea496{s=IDLE rs=COMPLETED os=COMPLETED is=IDLE awp=false se=false i=false al=0} cp=org.eclipse.jetty.server.BlockingContentProducer@3f52bcd6 eof=true
15:37:34.524 [qtp464872674-31] DEBUG org.eclipse.jetty.server.HttpChannelOverHttp - failing all content with org.eclipse.jetty.util.StaticException: Unconsumed content HttpChannelOverHttp@26e17290{s=HttpChannelState@7abea496{s=IDLE rs=COMPLETED os=COMPLETED is=IDLE awp=false se=false i=false al=0},r=1,c=true/true,a=IDLE,uri=http://localhost:8080/images,age=13}
15:37:34.524 [main] DEBUG com.intuit.karate - response time in milliseconds: 20
1 < 400
1 < Content-Type: application/json
1 < Matched-Stub-Id: abeea1be-b430-4fbf-9460-c849ea6b125a
1 < Transfer-Encoding: chunked
{"error":"Bad Request","message":"Le corps de la requete doit etre multipart/form-data et contenir un fichier."}

15:37:34.524 [qtp464872674-31] DEBUG org.eclipse.jetty.server.AsyncContentProducer - failed all content of http channel EOF=true AsyncContentProducer@9f2a37a[r=ErrorContent [org.eclipse.jetty.util.StaticException: Unconsumed content],t=ErrorContent [org.eclipse.jetty.util.StaticException: Unconsumed content],i=null,error=false,c=HttpChannelOverHttp@26e17290{s=HttpChannelState@7abea496{s=IDLE rs=COMPLETED os=COMPLETED is=IDLE awp=false se=false i=false al=0},r=1,c=true/true,a=IDLE,uri=http://localhost:8080/images,age=13}]
15:37:34.524 [qtp464872674-31] DEBUG org.eclipse.jetty.server.HttpInput - isFinished=true HttpInput@905074656 cs=HttpChannelState@7abea496{s=IDLE rs=COMPLETED os=COMPLETED is=IDLE awp=false se=false i=false al=0} cp=org.eclipse.jetty.server.BlockingContentProducer@3f52bcd6 eof=true
15:37:34.524 [qtp464872674-31] DEBUG org.eclipse.jetty.server.AsyncContentProducer - isError = false AsyncContentProducer@9f2a37a[r=ErrorContent [org.eclipse.jetty.util.StaticException: Unconsumed content],t=ErrorContent [org.eclipse.jetty.util.StaticException: Unconsumed content],i=null,error=false,c=HttpChannelOverHttp@26e17290{s=HttpChannelState@7abea496{s=IDLE rs=COMPLETED os=COMPLETED is=IDLE awp=false se=false i=false al=0},r=1,c=true/true,a=IDLE,uri=http://localhost:8080/images,age=13}]
15:37:34.524 [qtp464872674-31] DEBUG org.eclipse.jetty.server.HttpInput - isError=false HttpInput@905074656 cs=HttpChannelState@7abea496{s=IDLE rs=COMPLETED os=COMPLETED is=IDLE awp=false se=false i=false al=0} cp=org.eclipse.jetty.server.BlockingContentProducer@3f52bcd6 eof=true
15:37:34.524 [qtp464872674-31] DEBUG org.eclipse.jetty.server.HttpChannelState - recycle HttpChannelState@7abea496{s=IDLE rs=COMPLETED os=COMPLETED is=IDLE awp=false se=false i=false al=0}
15:37:34.524 [qtp464872674-31] DEBUG org.eclipse.jetty.server.HttpInput - recycle HttpInput@905074656 cs=HttpChannelState@7abea496{s=IDLE rs=BLOCKING os=OPEN is=IDLE awp=false se=false i=true al=0} cp=org.eclipse.jetty.server.BlockingContentProducer@3f52bcd6 eof=true
15:37:34.524 [qtp464872674-31] DEBUG org.eclipse.jetty.server.BlockingContentProducer - recycling org.eclipse.jetty.server.BlockingContentProducer@3f52bcd6
15:37:34.524 [qtp464872674-31] DEBUG org.eclipse.jetty.server.AsyncContentProducer - recycling AsyncContentProducer@9f2a37a[r=ErrorContent [org.eclipse.jetty.util.StaticException: Unconsumed content],t=ErrorContent [org.eclipse.jetty.util.StaticException: Unconsumed content],i=null,error=false,c=HttpChannelOverHttp@26e17290{s=HttpChannelState@7abea496{s=IDLE rs=BLOCKING os=OPEN is=IDLE awp=false se=false i=true al=0},r=1,c=false/false,a=IDLE,uri=http://localhost:8080/images,age=13}]
15:37:34.524 [qtp464872674-31] DEBUG org.eclipse.jetty.http.HttpParser - reset HttpParser{s=END,0 of -1}
15:37:34.524 [qtp464872674-31] DEBUG org.eclipse.jetty.http.HttpParser - END --> START
15:37:34.524 [qtp464872674-31] DEBUG org.eclipse.jetty.server.HttpChannel - !handle TERMINATED HttpChannelOverHttp@26e17290{s=HttpChannelState@7abea496{s=IDLE rs=BLOCKING os=OPEN is=IDLE awp=false se=false i=true al=0},r=1,c=false/false,a=IDLE,uri=null,age=0}
15:37:34.524 [qtp464872674-31] DEBUG org.eclipse.jetty.io.AbstractEndPoint - shutdownInput NetworkTrafficSocketChannelEndPoint@28767371[{l=/127.0.0.1:8080,r=/127.0.0.1:46272,OPEN,fill=-,flush=-,to=1/30000}{io=0/0,kio=0,kro=1}]->[HttpConnection@7596195b[p=HttpParser{s=START,0 of -1},g=HttpGenerator@43b88bcd{s=START}]=>HttpChannelOverHttp@26e17290{s=HttpChannelState@7abea496{s=IDLE rs=BLOCKING os=OPEN is=IDLE awp=false se=false i=true al=0},r=1,c=false/false,a=IDLE,uri=null,age=0}]
15:37:34.524 [qtp464872674-31] DEBUG org.eclipse.jetty.io.SocketChannelEndPoint - filled -1 DirectByteBuffer@7fb0f97[p=0,l=0,c=8192,r=0]={<<<>>>POST /ima...\x00\x00\x00\x00\x00\x00\x00}
15:37:34.524 [qtp464872674-31] DEBUG org.eclipse.jetty.http.HttpParser - atEOF HttpParser{s=START,0 of -1}
15:37:34.524 [qtp464872674-31] DEBUG org.eclipse.jetty.server.HttpConnection - HttpConnection@7596195b::NetworkTrafficSocketChannelEndPoint@28767371[{l=/127.0.0.1:8080,r=/127.0.0.1:46272,ISHUT,fill=-,flush=-,to=1/30000}{io=0/0,kio=0,kro=1}]->[HttpConnection@7596195b[p=HttpParser{s=START,0 of -1},g=HttpGenerator@43b88bcd{s=START}]=>HttpChannelOverHttp@26e17290{s=HttpChannelState@7abea496{s=IDLE rs=BLOCKING os=OPEN is=IDLE awp=false se=false i=true al=0},r=1,c=false/false,a=IDLE,uri=null,age=0}] filled -1 RetainableByteBuffer@2fcc58f2{DirectByteBuffer@7fb0f97[p=0,l=0,c=8192,r=0]={<<<>>>POST /ima...\x00\x00\x00\x00\x00\x00\x00},r=1}
15:37:34.524 [qtp464872674-31] DEBUG org.eclipse.jetty.server.HttpConnection - HttpConnection@7596195b::NetworkTrafficSocketChannelEndPoint@28767371[{l=/127.0.0.1:8080,r=/127.0.0.1:46272,ISHUT,fill=-,flush=-,to=1/30000}{io=0/0,kio=0,kro=1}]->[HttpConnection@7596195b[p=HttpParser{s=START,0 of -1},g=HttpGenerator@43b88bcd{s=START}]=>HttpChannelOverHttp@26e17290{s=HttpChannelState@7abea496{s=IDLE rs=BLOCKING os=OPEN is=IDLE awp=false se=false i=true al=0},r=1,c=false/false,a=IDLE,uri=null,age=0}] parse RetainableByteBuffer@2fcc58f2{DirectByteBuffer@7fb0f97[p=0,l=0,c=8192,r=0]={<<<>>>POST /ima...\x00\x00\x00\x00\x00\x00\x00},r=1}
15:37:34.524 [qtp464872674-31] DEBUG org.eclipse.jetty.http.HttpParser - parseNext s=START DirectByteBuffer@7fb0f97[p=0,l=0,c=8192,r=0]={<<<>>>POST /ima...\x00\x00\x00\x00\x00\x00\x00}
15:37:34.524 [qtp464872674-31] DEBUG org.eclipse.jetty.http.HttpParser - START --> CLOSED
15:37:34.524 [qtp464872674-31] DEBUG org.eclipse.jetty.io.AbstractEndPoint - close NetworkTrafficSocketChannelEndPoint@28767371[{l=/127.0.0.1:8080,r=/127.0.0.1:46272,ISHUT,fill=-,flush=-,to=1/30000}{io=0/0,kio=0,kro=1}]->[HttpConnection@7596195b[p=HttpParser{s=CLOSED,0 of -1},g=HttpGenerator@43b88bcd{s=START}]=>HttpChannelOverHttp@26e17290{s=HttpChannelState@7abea496{s=IDLE rs=BLOCKING os=OPEN is=IDLE awp=false se=false i=true al=0},r=1,c=false/false,a=IDLE,uri=null,age=0}]
15:37:34.525 [qtp464872674-31] DEBUG org.eclipse.jetty.io.AbstractEndPoint - close(null) NetworkTrafficSocketChannelEndPoint@28767371[{l=/127.0.0.1:8080,r=/127.0.0.1:46272,ISHUT,fill=-,flush=-,to=1/30000}{io=0/0,kio=0,kro=1}]->[HttpConnection@7596195b[p=HttpParser{s=CLOSED,0 of -1},g=HttpGenerator@43b88bcd{s=START}]=>HttpChannelOverHttp@26e17290{s=HttpChannelState@7abea496{s=IDLE rs=BLOCKING os=OPEN is=IDLE awp=false se=false i=true al=0},r=1,c=false/false,a=IDLE,uri=null,age=0}]
15:37:34.525 [qtp464872674-31] DEBUG org.eclipse.jetty.io.SelectableChannelEndPoint - doClose NetworkTrafficSocketChannelEndPoint@28767371[{l=/127.0.0.1:8080,r=/127.0.0.1:46272,CLOSED,fill=-,flush=-,to=1/30000}{io=0/0,kio=0,kro=1}]->[HttpConnection@7596195b[p=HttpParser{s=CLOSED,0 of -1},g=HttpGenerator@43b88bcd{s=START}]=>HttpChannelOverHttp@26e17290{s=HttpChannelState@7abea496{s=IDLE rs=BLOCKING os=OPEN is=IDLE awp=false se=false i=true al=0},r=1,c=false/false,a=IDLE,uri=null,age=0}]
15:37:34.525 [qtp464872674-31] DEBUG org.eclipse.jetty.io.FillInterest - onClose FillInterest@4c2d1d38{null}
15:37:34.525 [qtp464872674-31] DEBUG org.eclipse.jetty.io.ManagedSelector - Wakeup ManagedSelector@19593091{STARTED} id=1 keys=1 selected=0 updates=0
15:37:34.525 [qtp464872674-31] DEBUG org.eclipse.jetty.util.thread.QueuedThreadPool - queue org.eclipse.jetty.io.ManagedSelector$DestroyEndPoint@1ecab7f6 startThread=0
15:37:34.525 [qtp464872674-27] DEBUG org.eclipse.jetty.io.ManagedSelector - Selector sun.nio.ch.EPollSelectorImpl@33519026 woken with none selected
15:37:34.525 [qtp464872674-27] DEBUG org.eclipse.jetty.io.ManagedSelector - Selector sun.nio.ch.EPollSelectorImpl@33519026 woken up from select, 0/0/0 selected
15:37:34.525 [qtp464872674-26] DEBUG org.eclipse.jetty.util.thread.QueuedThreadPool - run org.eclipse.jetty.io.ManagedSelector$DestroyEndPoint@1ecab7f6 in QueuedThreadPool[qtp464872674]@1bb564e2{STARTED,8<=8<=25,i=0,r=-1,t=54752ms,q=0}[ReservedThreadExecutor@70807224{reserved=1/2,pending=0}]
15:37:34.525 [qtp464872674-31] DEBUG org.eclipse.jetty.server.HttpConnection - HttpConnection@7596195b::NetworkTrafficSocketChannelEndPoint@28767371[{l=null,r=null,CLOSED,fill=-,flush=-,to=2/30000}{io=0/0,kio=-1,kro=-1}]->[HttpConnection@7596195b[p=HttpParser{s=CLOSED,0 of -1},g=HttpGenerator@43b88bcd{s=START}]=>HttpChannelOverHttp@26e17290{s=HttpChannelState@7abea496{s=IDLE rs=BLOCKING os=OPEN is=IDLE awp=false se=false i=true al=0},r=1,c=false/false,a=IDLE,uri=null,age=0}] parsed false HttpParser{s=CLOSED,0 of -1}
15:37:34.525 [qtp464872674-27] DEBUG org.eclipse.jetty.io.ManagedSelector - Selector sun.nio.ch.EPollSelectorImpl@33519026 processing 0 keys, 0 updates
15:37:34.525 [qtp464872674-27] DEBUG org.eclipse.jetty.io.ManagedSelector - updateable 0
15:37:34.525 [qtp464872674-27] DEBUG org.eclipse.jetty.io.ManagedSelector - updates 0
15:37:34.525 [qtp464872674-27] DEBUG org.eclipse.jetty.io.ManagedSelector - Selector sun.nio.ch.EPollSelectorImpl@33519026 waiting with 0 keys
15:37:34.525 [qtp464872674-31] DEBUG org.eclipse.jetty.server.HttpConnection - releaseRequestBuffer HttpConnection@7596195b::NetworkTrafficSocketChannelEndPoint@28767371[{l=null,r=null,CLOSED,fill=-,flush=-,to=2/30000}{io=0/0,kio=-1,kro=-1}]->[HttpConnection@7596195b[p=HttpParser{s=CLOSED,0 of -1},g=HttpGenerator@43b88bcd{s=START}]=>HttpChannelOverHttp@26e17290{s=HttpChannelState@7abea496{s=IDLE rs=BLOCKING os=OPEN is=IDLE awp=false se=false i=true al=0},r=1,c=false/false,a=IDLE,uri=null,age=0}]
15:37:34.525 [qtp464872674-26] DEBUG org.eclipse.jetty.io.ManagedSelector - Destroyed NetworkTrafficSocketChannelEndPoint@28767371[{l=null,r=null,CLOSED,fill=-,flush=-,to=2/30000}{io=0/0,kio=-1,kro=-1}]->[HttpConnection@7596195b[p=HttpParser{s=CLOSED,0 of -1},g=HttpGenerator@43b88bcd{s=START}]=>HttpChannelOverHttp@26e17290{s=HttpChannelState@7abea496{s=IDLE rs=BLOCKING os=OPEN is=IDLE awp=false se=false i=true al=0},r=1,c=false/false,a=IDLE,uri=null,age=0}]
15:37:34.525 [qtp464872674-31] DEBUG org.eclipse.jetty.io.AbstractEndPoint - shutdownOutput NetworkTrafficSocketChannelEndPoint@28767371[{l=null,r=null,CLOSED,fill=-,flush=-,to=2/30000}{io=0/0,kio=-1,kro=-1}]->[HttpConnection@7596195b[p=HttpParser{s=CLOSED,0 of -1},g=HttpGenerator@43b88bcd{s=START}]=>HttpChannelOverHttp@26e17290{s=HttpChannelState@7abea496{s=IDLE rs=BLOCKING os=OPEN is=IDLE awp=false se=false i=true al=0},r=1,c=false/false,a=IDLE,uri=null,age=0}]
15:37:34.525 [qtp464872674-26] DEBUG org.eclipse.jetty.io.AbstractConnection - onClose HttpConnection@7596195b::NetworkTrafficSocketChannelEndPoint@28767371[{l=null,r=null,CLOSED,fill=-,flush=-,to=2/30000}{io=0/0,kio=-1,kro=-1}]->[HttpConnection@7596195b[p=HttpParser{s=CLOSED,0 of -1},g=HttpGenerator@43b88bcd{s=START}]=>HttpChannelOverHttp@26e17290{s=HttpChannelState@7abea496{s=IDLE rs=BLOCKING os=OPEN is=IDLE awp=false se=false i=true al=0},r=1,c=false/false,a=IDLE,uri=null,age=0}]
15:37:34.526 [qtp464872674-31] DEBUG org.eclipse.jetty.server.HttpConnection - HttpConnection@7596195b::NetworkTrafficSocketChannelEndPoint@28767371[{l=null,r=null,CLOSED,fill=-,flush=-,to=2/30000}{io=0/0,kio=-1,kro=-1}]->[HttpConnection@7596195b[p=HttpParser{s=CLOSED,0 of -1},g=HttpGenerator@43b88bcd{s=START}]=>HttpChannelOverHttp@26e17290{s=HttpChannelState@7abea496{s=IDLE rs=BLOCKING os=OPEN is=IDLE awp=false se=false i=true al=0},r=1,c=false/false,a=IDLE,uri=null,age=0}] onFillable exit HttpChannelState@7abea496{s=IDLE rs=BLOCKING os=OPEN is=IDLE awp=false se=false i=true al=0} null
15:37:34.526 [qtp464872674-31] DEBUG org.eclipse.jetty.util.thread.ReservedThreadExecutor - ReservedThread@7e04473d{RUNNING,thread=Thread[qtp464872674-31,5,main]} was=RUNNING next=RESERVED size=0+2 capacity=2
15:37:34.526 [qtp464872674-26] DEBUG org.eclipse.jetty.util.thread.QueuedThreadPool - ran org.eclipse.jetty.io.ManagedSelector$DestroyEndPoint@1ecab7f6 in QueuedThreadPool[qtp464872674]@1bb564e2{STARTED,8<=8<=25,i=0,r=-1,t=54751ms,q=0}[ReservedThreadExecutor@70807224{reserved=2/2,pending=0}]
15:37:34.526 [qtp464872674-31] DEBUG org.eclipse.jetty.util.thread.ReservedThreadExecutor - ReservedThread@7e04473d{RESERVED,thread=Thread[qtp464872674-31,5,main]} waiting ReservedThreadExecutor@70807224{reserved=2/2,pending=0}
15:37:34.526 [qtp464872674-26] DEBUG org.eclipse.jetty.util.thread.QueuedThreadPool - Evict skipped, no excess threads QueuedThreadPool[qtp464872674]@1bb564e2{STARTED,8<=8<=25,i=1,r=-1,t=54751ms,q=0}[ReservedThreadExecutor@70807224{reserved=2/2,pending=0}]
15:37:34.533 [main] ERROR com.intuit.karate - classpath:features/images/uploadImage.feature:12
Then status 201
status code was: 400, expected: 201, response time in milliseconds: 20, url: http://localhost:8080/images, response: 
{"error":"Bad Request","message":"Le corps de la requete doit etre multipart/form-data et contenir un fichier."}
classpath:features/images/uploadImage.feature:12
]]></system-out>
  </testcase>
  <testcase name="testAllFeatures[3][2]" classname="com.exemple.qa.runners.AllKarateTestsRunner" time="0.301">
    <failure message="status code was: 201, expected: 400, response time in milliseconds: 95, url: http://localhost:8080/images, response: &#10;{&quot;id&quot;:&quot;image-uuid-123&quot;,&quot;url&quot;:&quot;http://localhost:8080/images/image-uuid-123.jpg&quot;}&#10;classpath:features/images/uploadImage.feature:19" type="org.opentest4j.AssertionFailedError">org.opentest4j.AssertionFailedError: 
status code was: 201, expected: 400, response time in milliseconds: 95, url: http://localhost:8080/images, response: 
{"id":"image-uuid-123","url":"http://localhost:8080/images/image-uuid-123.jpg"}
classpath:features/images/uploadImage.feature:19
</failure>
    <system-out><![CDATA[15:37:34.590 [main] DEBUG io.netty.util.internal.logging.InternalLoggerFactory - Using SLF4J as the default logging framework
15:37:34.593 [main] DEBUG io.netty.util.internal.PlatformDependent0 - -Dio.netty.noUnsafe: false
15:37:34.593 [main] DEBUG io.netty.util.internal.PlatformDependent0 - Java version: 17
15:37:34.593 [main] DEBUG io.netty.util.internal.PlatformDependent0 - sun.misc.Unsafe.theUnsafe: available
15:37:34.594 [main] DEBUG io.netty.util.internal.PlatformDependent0 - sun.misc.Unsafe.copyMemory: available
15:37:34.594 [main] DEBUG io.netty.util.internal.PlatformDependent0 - sun.misc.Unsafe.storeFence: available
15:37:34.595 [main] DEBUG io.netty.util.internal.PlatformDependent0 - java.nio.Buffer.address: available
15:37:34.595 [main] DEBUG io.netty.util.internal.PlatformDependent0 - direct buffer constructor: unavailable: Reflective setAccessible(true) disabled
15:37:34.596 [main] DEBUG io.netty.util.internal.PlatformDependent0 - java.nio.Bits.unaligned: available, true
15:37:34.597 [main] DEBUG io.netty.util.internal.PlatformDependent0 - jdk.internal.misc.Unsafe.allocateUninitializedArray(int): unavailable: class io.netty.util.internal.PlatformDependent0$7 cannot access class jdk.internal.misc.Unsafe (in module java.base) because module java.base does not export jdk.internal.misc to unnamed module @7c573cad
15:37:34.598 [main] DEBUG io.netty.util.internal.PlatformDependent0 - java.nio.DirectByteBuffer.<init>(long, {int,long}): unavailable
15:37:34.598 [main] DEBUG io.netty.util.internal.PlatformDependent - sun.misc.Unsafe: available
15:37:34.599 [main] DEBUG io.netty.util.internal.PlatformDependent - maxDirectMemory: 6224347136 bytes (maybe)
15:37:34.599 [main] DEBUG io.netty.util.internal.PlatformDependent - -Dio.netty.tmpdir: /tmp (java.io.tmpdir)
15:37:34.599 [main] DEBUG io.netty.util.internal.PlatformDependent - -Dio.netty.bitMode: 64 (sun.arch.data.model)
15:37:34.600 [main] DEBUG io.netty.util.internal.PlatformDependent - -Dio.netty.maxDirectMemory: -1 bytes
15:37:34.600 [main] DEBUG io.netty.util.internal.PlatformDependent - -Dio.netty.uninitializedArrayAllocationThreshold: -1
15:37:34.601 [main] DEBUG io.netty.util.internal.CleanerJava9 - java.nio.ByteBuffer.cleaner(): available
15:37:34.601 [main] DEBUG io.netty.util.internal.PlatformDependent - -Dio.netty.noPreferDirect: false
15:37:34.623 [main] DEBUG io.netty.util.ResourceLeakDetector - -Dio.netty.leakDetection.level: simple
15:37:34.623 [main] DEBUG io.netty.util.ResourceLeakDetector - -Dio.netty.leakDetection.targetRecords: 4
15:37:34.635 [main] DEBUG io.netty.buffer.AbstractByteBuf - -Dio.netty.buffer.checkAccessible: true
15:37:34.635 [main] DEBUG io.netty.buffer.AbstractByteBuf - -Dio.netty.buffer.checkBounds: true
15:37:34.636 [main] DEBUG io.netty.util.ResourceLeakDetectorFactory - Loaded default ResourceLeakDetector: io.netty.util.ResourceLeakDetector@f237ae7
15:37:34.661 [main] DEBUG io.netty.util.internal.InternalThreadLocalMap - -Dio.netty.threadLocalMap.stringBuilder.initialSize: 1024
15:37:34.661 [main] DEBUG io.netty.util.internal.InternalThreadLocalMap - -Dio.netty.threadLocalMap.stringBuilder.maxSize: 4096
15:37:34.666 [main] DEBUG io.netty.buffer.PooledByteBufAllocator - -Dio.netty.allocator.numHeapArenas: 32
15:37:34.666 [main] DEBUG io.netty.buffer.PooledByteBufAllocator - -Dio.netty.allocator.numDirectArenas: 32
15:37:34.666 [main] DEBUG io.netty.buffer.PooledByteBufAllocator - -Dio.netty.allocator.pageSize: 8192
15:37:34.666 [main] DEBUG io.netty.buffer.PooledByteBufAllocator - -Dio.netty.allocator.maxOrder: 9
15:37:34.666 [main] DEBUG io.netty.buffer.PooledByteBufAllocator - -Dio.netty.allocator.chunkSize: 4194304
15:37:34.666 [main] DEBUG io.netty.buffer.PooledByteBufAllocator - -Dio.netty.allocator.smallCacheSize: 256
15:37:34.666 [main] DEBUG io.netty.buffer.PooledByteBufAllocator - -Dio.netty.allocator.normalCacheSize: 64
15:37:34.666 [main] DEBUG io.netty.buffer.PooledByteBufAllocator - -Dio.netty.allocator.maxCachedBufferCapacity: 32768
15:37:34.666 [main] DEBUG io.netty.buffer.PooledByteBufAllocator - -Dio.netty.allocator.cacheTrimInterval: 8192
15:37:34.666 [main] DEBUG io.netty.buffer.PooledByteBufAllocator - -Dio.netty.allocator.cacheTrimIntervalMillis: 0
15:37:34.666 [main] DEBUG io.netty.buffer.PooledByteBufAllocator - -Dio.netty.allocator.useCacheForAllThreads: false
15:37:34.666 [main] DEBUG io.netty.buffer.PooledByteBufAllocator - -Dio.netty.allocator.maxCachedByteBuffersPerChunk: 1023
15:37:34.690 [main] DEBUG io.netty.buffer.ByteBufUtil - -Dio.netty.allocator.type: pooled
15:37:34.690 [main] DEBUG io.netty.buffer.ByteBufUtil - -Dio.netty.threadLocalDirectBufferSize: 0
15:37:34.690 [main] DEBUG io.netty.buffer.ByteBufUtil - -Dio.netty.maxThreadLocalCharBufferSize: 16384
15:37:34.694 [main] DEBUG com.intuit.karate.http.MultiPartBuilder - multipart: content-disposition: form-data; name="image"; filename=""
content-type: text/plain; charset=UTF-8
content-length: 33
Completed: true
IsInMemory: true
15:37:34.714 [main] DEBUG org.apache.http.client.protocol.RequestAddCookies - CookieSpec selected: karate
15:37:34.714 [main] DEBUG org.apache.http.client.protocol.RequestAuthCache - Auth cache not set in the context
15:37:34.714 [main] DEBUG com.intuit.karate - request:
1 > POST http://localhost:8080/images
1 > Content-Type: multipart/form-data; boundary=168050703cc86486
1 > Content-Length: 186
1 > Host: localhost:8080
1 > Connection: Keep-Alive
1 > User-Agent: Apache-HttpClient/4.5.14 (Java/17.0.15)
1 > Accept-Encoding: gzip,deflate

content-disposition: form-data; name="image"; filename=""
content-type: text/plain; charset=UTF-8
content-length: 33
Completed: true
IsInMemory: true


15:37:34.716 [main] DEBUG org.apache.http.impl.conn.PoolingHttpClientConnectionManager - Connection request: [route: {}->http://localhost:8080][total available: 0; route allocated: 0 of 5; total allocated: 0 of 10]
15:37:34.716 [main] DEBUG org.apache.http.impl.conn.PoolingHttpClientConnectionManager - Connection leased: [id: 5][route: {}->http://localhost:8080][total available: 0; route allocated: 1 of 5; total allocated: 1 of 10]
15:37:34.716 [main] DEBUG org.apache.http.impl.execchain.MainClientExec - Opening connection {}->http://localhost:8080
15:37:34.717 [main] DEBUG org.apache.http.impl.conn.DefaultHttpClientConnectionOperator - Connecting to localhost/127.0.0.1:8080
15:37:34.717 [main] DEBUG org.apache.http.impl.conn.DefaultHttpClientConnectionOperator - Connection established 127.0.0.1:46282<->127.0.0.1:8080
15:37:34.717 [main] DEBUG org.apache.http.impl.conn.DefaultManagedHttpClientConnection - http-outgoing-5: set socket timeout to 30000
15:37:34.718 [main] DEBUG org.apache.http.impl.execchain.MainClientExec - Executing request POST /images HTTP/1.1
15:37:34.717 [qtp464872674-30-acceptor-2@1d207fad-NetworkTrafficServerConnector@6d24ffa1{HTTP/1.1, (http/1.1, h2c)}{0.0.0.0:8080}] DEBUG org.eclipse.jetty.io.ManagedSelector - Queued change lazy=false Accept@2b58c83c[java.nio.channels.SocketChannel[connected local=/127.0.0.1:8080 remote=/127.0.0.1:46282]] on ManagedSelector@264c5d07{STARTED} id=0 keys=0 selected=0 updates=0
15:37:34.718 [main] DEBUG org.apache.http.impl.execchain.MainClientExec - Target auth state: UNCHALLENGED
15:37:34.718 [main] DEBUG org.apache.http.impl.execchain.MainClientExec - Proxy auth state: UNCHALLENGED
15:37:34.718 [qtp464872674-30-acceptor-2@1d207fad-NetworkTrafficServerConnector@6d24ffa1{HTTP/1.1, (http/1.1, h2c)}{0.0.0.0:8080}] DEBUG org.eclipse.jetty.io.ManagedSelector - Wakeup on submit ManagedSelector@264c5d07{STARTED} id=0 keys=0 selected=0 updates=1
15:37:34.718 [qtp464872674-32] DEBUG org.eclipse.jetty.io.ManagedSelector - Selector sun.nio.ch.EPollSelectorImpl@2fc285fd woken with none selected
15:37:34.718 [qtp464872674-32] DEBUG org.eclipse.jetty.io.ManagedSelector - Selector sun.nio.ch.EPollSelectorImpl@2fc285fd woken up from select, 0/0/0 selected
15:37:34.718 [qtp464872674-32] DEBUG org.eclipse.jetty.io.ManagedSelector - Selector sun.nio.ch.EPollSelectorImpl@2fc285fd processing 0 keys, 1 updates
15:37:34.718 [qtp464872674-32] DEBUG org.eclipse.jetty.io.ManagedSelector - updateable 1
15:37:34.718 [main] DEBUG org.apache.http.headers - http-outgoing-5 >> POST /images HTTP/1.1
15:37:34.718 [qtp464872674-32] DEBUG org.eclipse.jetty.io.ManagedSelector - update Accept@2b58c83c[java.nio.channels.SocketChannel[connected local=/127.0.0.1:8080 remote=/127.0.0.1:46282]]
15:37:34.718 [main] DEBUG org.apache.http.headers - http-outgoing-5 >> Content-Type: multipart/form-data; boundary=168050703cc86486
15:37:34.718 [main] DEBUG org.apache.http.headers - http-outgoing-5 >> Content-Length: 186
15:37:34.718 [qtp464872674-32] DEBUG org.eclipse.jetty.util.thread.QueuedThreadPool - queue Accept@2b58c83c[java.nio.channels.SocketChannel[connected local=/127.0.0.1:8080 remote=/127.0.0.1:46282]] startThread=0
15:37:34.718 [qtp464872674-32] DEBUG org.eclipse.jetty.io.ManagedSelector - updates 0
15:37:34.718 [main] DEBUG org.apache.http.headers - http-outgoing-5 >> Host: localhost:8080
15:37:34.719 [main] DEBUG org.apache.http.headers - http-outgoing-5 >> Connection: Keep-Alive
15:37:34.719 [qtp464872674-32] DEBUG org.eclipse.jetty.io.ManagedSelector - Selector sun.nio.ch.EPollSelectorImpl@2fc285fd waiting with 1 keys
15:37:34.719 [main] DEBUG org.apache.http.headers - http-outgoing-5 >> User-Agent: Apache-HttpClient/4.5.14 (Java/17.0.15)
15:37:34.719 [main] DEBUG org.apache.http.headers - http-outgoing-5 >> Accept-Encoding: gzip,deflate
15:37:34.719 [qtp464872674-26] DEBUG org.eclipse.jetty.util.thread.QueuedThreadPool - run Accept@2b58c83c[java.nio.channels.SocketChannel[connected local=/127.0.0.1:8080 remote=/127.0.0.1:46282]] in QueuedThreadPool[qtp464872674]@1bb564e2{STARTED,8<=8<=25,i=0,r=-1,t=54558ms,q=0}[ReservedThreadExecutor@70807224{reserved=2/2,pending=0}]
15:37:34.719 [qtp464872674-26] DEBUG org.eclipse.jetty.io.IdleTimeout - Setting idle timeout 0 -> 30000 on NetworkTrafficSocketChannelEndPoint@6050e3b3[{l=/127.0.0.1:8080,r=/127.0.0.1:46282,OPEN,fill=-,flush=-,to=0/30000}{io=0/0,kio=0,kro=0}]->[<null>]
15:37:34.719 [main] DEBUG org.apache.http.wire - http-outgoing-5 >> "POST /images HTTP/1.1[\r][\n]"
15:37:34.719 [main] DEBUG org.apache.http.wire - http-outgoing-5 >> "Content-Type: multipart/form-data; boundary=168050703cc86486[\r][\n]"
15:37:34.719 [main] DEBUG org.apache.http.wire - http-outgoing-5 >> "Content-Length: 186[\r][\n]"
15:37:34.719 [qtp464872674-26] DEBUG org.eclipse.jetty.io.IdleTimeout - NetworkTrafficSocketChannelEndPoint@6050e3b3[{l=/127.0.0.1:8080,r=/127.0.0.1:46282,OPEN,fill=-,flush=-,to=0/30000}{io=0/0,kio=0,kro=0}]->[<null>] idle timeout check, elapsed: 0 ms, remaining: 30000 ms
15:37:34.719 [main] DEBUG org.apache.http.wire - http-outgoing-5 >> "Host: localhost:8080[\r][\n]"
15:37:34.719 [main] DEBUG org.apache.http.wire - http-outgoing-5 >> "Connection: Keep-Alive[\r][\n]"
15:37:34.719 [main] DEBUG org.apache.http.wire - http-outgoing-5 >> "User-Agent: Apache-HttpClient/4.5.14 (Java/17.0.15)[\r][\n]"
15:37:34.719 [main] DEBUG org.apache.http.wire - http-outgoing-5 >> "Accept-Encoding: gzip,deflate[\r][\n]"
15:37:34.719 [main] DEBUG org.apache.http.wire - http-outgoing-5 >> "[\r][\n]"
15:37:34.719 [main] DEBUG org.apache.http.wire - http-outgoing-5 >> "--168050703cc86486[\r][\n]"
15:37:34.719 [main] DEBUG org.apache.http.wire - http-outgoing-5 >> "content-disposition: form-data; name="image"[\r][\n]"
15:37:34.719 [main] DEBUG org.apache.http.wire - http-outgoing-5 >> "content-length: 33[\r][\n]"
15:37:34.719 [main] DEBUG org.apache.http.wire - http-outgoing-5 >> "content-type: text/plain; charset=UTF-8[\r][\n]"
15:37:34.719 [main] DEBUG org.apache.http.wire - http-outgoing-5 >> "[\r][\n]"
15:37:34.720 [main] DEBUG org.apache.http.wire - http-outgoing-5 >> "Ceci n'est pas un fichier image.[\n]"
15:37:34.720 [main] DEBUG org.apache.http.wire - http-outgoing-5 >> "[\r][\n]"
15:37:34.720 [main] DEBUG org.apache.http.wire - http-outgoing-5 >> "--168050703cc86486--[\r][\n]"
15:37:34.720 [qtp464872674-26] DEBUG org.eclipse.jetty.server.HttpChannel - new HttpChannelOverHttp@4430f65c{s=HttpChannelState@69e0325c{s=IDLE rs=BLOCKING os=OPEN is=IDLE awp=false se=false i=true al=0},r=0,c=false/false,a=IDLE,uri=null,age=0} -> NetworkTrafficSocketChannelEndPoint@6050e3b3[{l=/127.0.0.1:8080,r=/127.0.0.1:46282,OPEN,fill=-,flush=-,to=0/30000}{io=0/0,kio=0,kro=0}]->[<null>],null,HttpChannelState@69e0325c{s=IDLE rs=BLOCKING os=OPEN is=IDLE awp=false se=false i=true al=0}
15:37:34.720 [qtp464872674-26] DEBUG org.eclipse.jetty.server.HttpConnection - New HTTP Connection HttpConnection@1ea6fb9::NetworkTrafficSocketChannelEndPoint@6050e3b3[{l=/127.0.0.1:8080,r=/127.0.0.1:46282,OPEN,fill=-,flush=-,to=1/30000}{io=0/0,kio=0,kro=0}]->[<null>]
15:37:34.720 [qtp464872674-26] DEBUG org.eclipse.jetty.io.ManagedSelector - Queued change lazy=true org.eclipse.jetty.io.ManagedSelector$$Lambda$659/0x0000737bc058b2b8@6640494c on ManagedSelector@264c5d07{STARTED} id=0 keys=1 selected=0 updates=0
15:37:34.720 [qtp464872674-26] DEBUG org.eclipse.jetty.io.AbstractEndPoint - onOpen NetworkTrafficSocketChannelEndPoint@6050e3b3[{l=/127.0.0.1:8080,r=/127.0.0.1:46282,OPEN,fill=-,flush=-,to=1/30000}{io=0/0,kio=0,kro=0}]->[HttpConnection@1ea6fb9[p=HttpParser{s=START,0 of -1},g=HttpGenerator@2581d1ce{s=START}]=>HttpChannelOverHttp@4430f65c{s=HttpChannelState@69e0325c{s=IDLE rs=BLOCKING os=OPEN is=IDLE awp=false se=false i=true al=0},r=0,c=false/false,a=IDLE,uri=null,age=0}]
15:37:34.721 [qtp464872674-26] DEBUG org.eclipse.jetty.io.AbstractConnection - onOpen HttpConnection@1ea6fb9::NetworkTrafficSocketChannelEndPoint@6050e3b3[{l=/127.0.0.1:8080,r=/127.0.0.1:46282,OPEN,fill=-,flush=-,to=1/30000}{io=0/0,kio=0,kro=0}]->[HttpConnection@1ea6fb9[p=HttpParser{s=START,0 of -1},g=HttpGenerator@2581d1ce{s=START}]=>HttpChannelOverHttp@4430f65c{s=HttpChannelState@69e0325c{s=IDLE rs=BLOCKING os=OPEN is=IDLE awp=false se=false i=true al=0},r=0,c=false/false,a=IDLE,uri=null,age=0}]
15:37:34.721 [qtp464872674-26] DEBUG org.eclipse.jetty.io.AbstractConnection - fillInterested HttpConnection@1ea6fb9::NetworkTrafficSocketChannelEndPoint@6050e3b3[{l=/127.0.0.1:8080,r=/127.0.0.1:46282,OPEN,fill=-,flush=-,to=1/30000}{io=0/0,kio=0,kro=0}]->[HttpConnection@1ea6fb9[p=HttpParser{s=START,0 of -1},g=HttpGenerator@2581d1ce{s=START}]=>HttpChannelOverHttp@4430f65c{s=HttpChannelState@69e0325c{s=IDLE rs=BLOCKING os=OPEN is=IDLE awp=false se=false i=true al=0},r=0,c=false/false,a=IDLE,uri=null,age=0}]
15:37:34.721 [qtp464872674-26] DEBUG org.eclipse.jetty.io.FillInterest - interested FillInterest@4d9b75f0{ReadCallback@1fde4c5d{HttpConnection@1ea6fb9::NetworkTrafficSocketChannelEndPoint@6050e3b3[{l=/127.0.0.1:8080,r=/127.0.0.1:46282,OPEN,fill=FI,flush=-,to=0/30000}{io=0/0,kio=0,kro=0}]->[HttpConnection@1ea6fb9[p=HttpParser{s=START,0 of -1},g=HttpGenerator@2581d1ce{s=START}]=>HttpChannelOverHttp@4430f65c{s=HttpChannelState@69e0325c{s=IDLE rs=BLOCKING os=OPEN is=IDLE awp=false se=false i=true al=0},r=0,c=false/false,a=IDLE,uri=null,age=0}]}}
15:37:34.721 [qtp464872674-26] DEBUG org.eclipse.jetty.io.SelectableChannelEndPoint - changeInterests p=false 0->1 for NetworkTrafficSocketChannelEndPoint@6050e3b3[{l=/127.0.0.1:8080,r=/127.0.0.1:46282,OPEN,fill=FI,flush=-,to=0/30000}{io=0/1,kio=0,kro=0}]->[HttpConnection@1ea6fb9[p=HttpParser{s=START,0 of -1},g=HttpGenerator@2581d1ce{s=START}]=>HttpChannelOverHttp@4430f65c{s=HttpChannelState@69e0325c{s=IDLE rs=BLOCKING os=OPEN is=IDLE awp=false se=false i=true al=0},r=0,c=false/false,a=IDLE,uri=null,age=0}]
15:37:34.722 [qtp464872674-26] DEBUG org.eclipse.jetty.io.ManagedSelector - Queued change lazy=false org.eclipse.jetty.io.SelectableChannelEndPoint$$Lambda$653/0x0000737bc057b7b0@7bb07cc3 on ManagedSelector@264c5d07{STARTED} id=0 keys=1 selected=0 updates=1
15:37:34.722 [qtp464872674-26] DEBUG org.eclipse.jetty.io.ManagedSelector - Wakeup on submit ManagedSelector@264c5d07{STARTED} id=0 keys=1 selected=0 updates=2
15:37:34.722 [qtp464872674-32] DEBUG org.eclipse.jetty.io.ManagedSelector - Selector sun.nio.ch.EPollSelectorImpl@2fc285fd woken with none selected
15:37:34.722 [qtp464872674-32] DEBUG org.eclipse.jetty.io.ManagedSelector - Selector sun.nio.ch.EPollSelectorImpl@2fc285fd woken up from select, 0/0/1 selected
[...]
15:37:34.808 [qtp464872674-32] DEBUG org.eclipse.jetty.io.WriteFlusher - Flushed=true written=79 remaining=0 WriteFlusher@2212fcc3{WRITING}->null
15:37:34.809 [qtp464872674-32] DEBUG org.eclipse.jetty.io.WriteFlusher - update WriteFlusher@2212fcc3{IDLE}->null:WRITING-->IDLE
15:37:34.809 [qtp464872674-32] DEBUG org.eclipse.jetty.server.HttpConnection - generate: FLUSH for SendCallback@565c3557[PROCESSING][i=null,cb=org.eclipse.jetty.server.HttpChannel$SendCallback@46b2a793] (null,[p=73,l=73,c=32768,r=0],true)@COMPLETING
15:37:34.809 [qtp464872674-32] DEBUG org.eclipse.jetty.io.WriteFlusher - write: WriteFlusher@2212fcc3{IDLE}->null [DirectByteBuffer@471d979c[p=0,l=7,c=16,r=7]={<<<\r\n0\r\n\r\n>>>\x00\x00\x00\x00\x00\x00\x00\x00\x00}]
15:37:34.809 [qtp464872674-32] DEBUG org.eclipse.jetty.io.WriteFlusher - update WriteFlusher@2212fcc3{WRITING}->null:IDLE-->WRITING
15:37:34.809 [main] DEBUG org.apache.http.wire - http-outgoing-5 << "[0x1f][0x8b][0x8][0x0][0x0][0x0][0x0][0x0][0x0][0x0][\r][\n]"
15:37:34.809 [main] DEBUG org.apache.http.wire - http-outgoing-5 << "49[\r][\n]"
15:37:34.809 [main] DEBUG org.apache.http.wire - http-outgoing-5 << "[0xab]V[0xca]LQ[0xb2]R[0xca][0xcc]MLO[0xd5]--[0xcd]L[0xd1]542V[0xd2]Q*-[0xca][0x1][\n]"
15:37:34.809 [main] DEBUG org.apache.http.wire - http-outgoing-5 << "g[0x94][0x94][0x14]X[0xe9][0xeb][0xe7][0xe4]''[0xe6]d[0xe4][0x17][0x97]XY[0x18]X[0x18][0xe8][0x83][0x15][0x17][0xeb][0xa3][0xea][0xd1][0xcb]*HW[0xaa][0x5][0x0]2[0x87][0x84][0xe0]O[0x0][0x0][0x0]"
15:37:34.809 [qtp464872674-32] DEBUG org.eclipse.jetty.io.SocketChannelEndPoint - flushed 7 NetworkTrafficSocketChannelEndPoint@6050e3b3[{l=/127.0.0.1:8080,r=/127.0.0.1:46282,OPEN,fill=-,flush=W,to=0/30000}{io=0/0,kio=0,kro=1}]->[HttpConnection@1ea6fb9[p=HttpParser{s=END,186 of 186},g=HttpGenerator@2581d1ce{s=COMPLETING}]=>HttpChannelOverHttp@4430f65c{s=HttpChannelState@69e0325c{s=HANDLING rs=BLOCKING os=COMMITTED is=IDLE awp=false se=false i=true al=0},r=1,c=false/false,a=HANDLING,uri=http://localhost:8080/images,age=80}]
15:37:34.809 [qtp464872674-32] DEBUG org.eclipse.jetty.io.WriteFlusher - Flushed=true written=7 remaining=0 WriteFlusher@2212fcc3{WRITING}->null
15:37:34.809 [qtp464872674-32] DEBUG org.eclipse.jetty.io.WriteFlusher - update WriteFlusher@2212fcc3{IDLE}->null:WRITING-->IDLE
15:37:34.809 [qtp464872674-32] DEBUG org.eclipse.jetty.server.HttpConnection - generate: DONE for SendCallback@565c3557[PROCESSING][i=null,cb=org.eclipse.jetty.server.HttpChannel$SendCallback@46b2a793] (null,[p=73,l=73,c=32768,r=0],true)@END
15:37:34.810 [qtp464872674-32] DEBUG org.eclipse.jetty.server.HttpOutput - onWriteComplete(true,null) s=CLOSING,api=BLOCKED,sc=false,e=null->s=CLOSED,api=BLOCKING,sc=false,e=null c=null cb=null w=false
15:37:34.810 [qtp464872674-32] DEBUG org.eclipse.jetty.server.Server - handled=true async=false committed=true on HttpChannelOverHttp@4430f65c{s=HttpChannelState@69e0325c{s=HANDLING rs=BLOCKING os=COMPLETED is=IDLE awp=false se=false i=true al=0},r=1,c=false/true,a=HANDLING,uri=http://localhost:8080/images,age=81}
15:37:34.810 [qtp464872674-32] DEBUG org.eclipse.jetty.server.HttpChannelState - unhandle HttpChannelState@69e0325c{s=HANDLING rs=BLOCKING os=COMPLETED is=IDLE awp=false se=false i=true al=0}
15:37:34.810 [qtp464872674-32] DEBUG org.eclipse.jetty.server.HttpChannelState - nextAction(false) COMPLETE HttpChannelState@69e0325c{s=HANDLING rs=COMPLETING os=COMPLETED is=IDLE awp=false se=false i=false al=0}
15:37:34.810 [qtp464872674-32] DEBUG org.eclipse.jetty.server.HttpChannel - action COMPLETE HttpChannelOverHttp@4430f65c{s=HttpChannelState@69e0325c{s=HANDLING rs=COMPLETING os=COMPLETED is=IDLE awp=false se=false i=false al=0},r=1,c=false/true,a=HANDLING,uri=http://localhost:8080/images,age=81}
15:37:34.810 [qtp464872674-32] DEBUG org.eclipse.jetty.server.HttpOutput - complete(org.eclipse.jetty.util.Callback$3@7373af62) s=CLOSED,api=BLOCKING,sc=false,e=null s=true e=null, c=null
15:37:34.810 [main] DEBUG org.apache.http.impl.conn.DefaultManagedHttpClientConnection - http-outgoing-5: Close connection
15:37:34.810 [qtp464872674-32] DEBUG org.eclipse.jetty.server.HttpChannelState - completed HttpChannelState@69e0325c{s=HANDLING rs=COMPLETING os=COMPLETED is=IDLE awp=false se=false i=false al=0}
15:37:34.810 [qtp464872674-32] DEBUG org.eclipse.jetty.server.HttpChannelState - unhandle HttpChannelState@69e0325c{s=HANDLING rs=COMPLETED os=COMPLETED is=IDLE awp=false se=false i=false al=0}
15:37:34.810 [qtp464872674-32] DEBUG org.eclipse.jetty.server.HttpChannelState - nextAction(false) TERMINATED HttpChannelState@69e0325c{s=IDLE rs=COMPLETED os=COMPLETED is=IDLE awp=false se=false i=false al=0}
15:37:34.810 [qtp464872674-32] DEBUG org.eclipse.jetty.server.HttpChannel - action TERMINATED HttpChannelOverHttp@4430f65c{s=HttpChannelState@69e0325c{s=IDLE rs=COMPLETED os=COMPLETED is=IDLE awp=false se=false i=false al=0},r=1,c=true/true,a=IDLE,uri=http://localhost:8080/images,age=81}
15:37:34.810 [qtp464872674-32] DEBUG org.eclipse.jetty.server.HttpChannel - onCompleted for /images written=83
15:37:34.810 [main] DEBUG org.apache.http.impl.execchain.MainClientExec - Connection discarded
15:37:34.810 [qtp464872674-32] DEBUG org.eclipse.jetty.server.HttpInput - consumeAll HttpInput@1794487414 cs=HttpChannelState@69e0325c{s=IDLE rs=COMPLETED os=COMPLETED is=IDLE awp=false se=false i=false al=0} cp=org.eclipse.jetty.server.BlockingContentProducer@a458a3c eof=true
15:37:34.810 [qtp464872674-32] DEBUG org.eclipse.jetty.server.HttpChannelOverHttp - failing all content with org.eclipse.jetty.util.StaticException: Unconsumed content HttpChannelOverHttp@4430f65c{s=HttpChannelState@69e0325c{s=IDLE rs=COMPLETED os=COMPLETED is=IDLE awp=false se=false i=false al=0},r=1,c=true/true,a=IDLE,uri=http://localhost:8080/images,age=81}
15:37:34.810 [main] DEBUG org.apache.http.impl.conn.PoolingHttpClientConnectionManager - Connection released: [id: 5][route: {}->http://localhost:8080][total available: 0; route allocated: 0 of 5; total allocated: 0 of 10]
15:37:34.810 [main] DEBUG org.apache.http.impl.conn.PoolingHttpClientConnectionManager - Connection manager is shutting down
15:37:34.810 [qtp464872674-32] DEBUG org.eclipse.jetty.server.AsyncContentProducer - failed all content of http channel EOF=true AsyncContentProducer@4b86b9a0[r=ErrorContent [org.eclipse.jetty.util.StaticException: Unconsumed content],t=ErrorContent [org.eclipse.jetty.util.StaticException: Unconsumed content],i=null,error=false,c=HttpChannelOverHttp@4430f65c{s=HttpChannelState@69e0325c{s=IDLE rs=COMPLETED os=COMPLETED is=IDLE awp=false se=false i=false al=0},r=1,c=true/true,a=IDLE,uri=http://localhost:8080/images,age=81}]
15:37:34.811 [main] DEBUG org.apache.http.impl.conn.PoolingHttpClientConnectionManager - Connection manager shut down
15:37:34.811 [qtp464872674-32] DEBUG org.eclipse.jetty.server.HttpInput - isFinished=true HttpInput@1794487414 cs=HttpChannelState@69e0325c{s=IDLE rs=COMPLETED os=COMPLETED is=IDLE awp=false se=false i=false al=0} cp=org.eclipse.jetty.server.BlockingContentProducer@a458a3c eof=true
15:37:34.811 [qtp464872674-32] DEBUG org.eclipse.jetty.server.AsyncContentProducer - isError = false AsyncContentProducer@4b86b9a0[r=ErrorContent [org.eclipse.jetty.util.StaticException: Unconsumed content],t=ErrorContent [org.eclipse.jetty.util.StaticException: Unconsumed content],i=null,error=false,c=HttpChannelOverHttp@4430f65c{s=HttpChannelState@69e0325c{s=IDLE rs=COMPLETED os=COMPLETED is=IDLE awp=false se=false i=false al=0},r=1,c=true/true,a=IDLE,uri=http://localhost:8080/images,age=82}]
15:37:34.811 [qtp464872674-32] DEBUG org.eclipse.jetty.server.HttpInput - isError=false HttpInput@1794487414 cs=HttpChannelState@69e0325c{s=IDLE rs=COMPLETED os=COMPLETED is=IDLE awp=false se=false i=false al=0} cp=org.eclipse.jetty.server.BlockingContentProducer@a458a3c eof=true
15:37:34.811 [qtp464872674-32] DEBUG org.eclipse.jetty.server.HttpChannelState - recycle HttpChannelState@69e0325c{s=IDLE rs=COMPLETED os=COMPLETED is=IDLE awp=false se=false i=false al=0}
15:37:34.811 [main] DEBUG com.intuit.karate - response time in milliseconds: 95
1 < 201
1 < Content-Type: application/json
1 < Matched-Stub-Id: 9c034230-c781-4b2e-9b58-72552d303d4b
1 < Transfer-Encoding: chunked
{"id":"image-uuid-123","url":"http://localhost:8080/images/image-uuid-123.jpg"}

15:37:34.811 [qtp464872674-32] DEBUG org.eclipse.jetty.server.HttpInput - recycle HttpInput@1794487414 cs=HttpChannelState@69e0325c{s=IDLE rs=BLOCKING os=OPEN is=IDLE awp=false se=false i=true al=0} cp=org.eclipse.jetty.server.BlockingContentProducer@a458a3c eof=true
15:37:34.811 [qtp464872674-32] DEBUG org.eclipse.jetty.server.BlockingContentProducer - recycling org.eclipse.jetty.server.BlockingContentProducer@a458a3c
15:37:34.811 [qtp464872674-32] DEBUG org.eclipse.jetty.server.AsyncContentProducer - recycling AsyncContentProducer@4b86b9a0[r=ErrorContent [org.eclipse.jetty.util.StaticException: Unconsumed content],t=ErrorContent [org.eclipse.jetty.util.StaticException: Unconsumed content],i=null,error=false,c=HttpChannelOverHttp@4430f65c{s=HttpChannelState@69e0325c{s=IDLE rs=BLOCKING os=OPEN is=IDLE awp=false se=false i=true al=0},r=1,c=false/false,a=IDLE,uri=http://localhost:8080/images,age=82}]
15:37:34.811 [qtp464872674-32] DEBUG org.eclipse.jetty.http.HttpParser - reset HttpParser{s=END,186 of 186}
15:37:34.811 [qtp464872674-32] DEBUG org.eclipse.jetty.http.HttpParser - END --> START
15:37:34.811 [qtp464872674-32] DEBUG org.eclipse.jetty.server.HttpChannel - !handle TERMINATED HttpChannelOverHttp@4430f65c{s=HttpChannelState@69e0325c{s=IDLE rs=BLOCKING os=OPEN is=IDLE awp=false se=false i=true al=0},r=1,c=false/false,a=IDLE,uri=null,age=0}
15:37:34.811 [qtp464872674-32] DEBUG org.eclipse.jetty.io.AbstractEndPoint - shutdownInput NetworkTrafficSocketChannelEndPoint@6050e3b3[{l=/127.0.0.1:8080,r=/127.0.0.1:46282,OPEN,fill=-,flush=-,to=1/30000}{io=0/0,kio=0,kro=1}]->[HttpConnection@1ea6fb9[p=HttpParser{s=START,0 of -1},g=HttpGenerator@2581d1ce{s=START}]=>HttpChannelOverHttp@4430f65c{s=HttpChannelState@69e0325c{s=IDLE rs=BLOCKING os=OPEN is=IDLE awp=false se=false i=true al=0},r=1,c=false/false,a=IDLE,uri=null,age=0}]
15:37:34.812 [qtp464872674-32] DEBUG org.eclipse.jetty.io.SocketChannelEndPoint - filled -1 DirectByteBuffer@7fb0f97[p=0,l=0,c=8192,r=0]={<<<>>>POST /ima...\x00\x00\x00\x00\x00\x00\x00}
15:37:34.813 [qtp464872674-32] DEBUG org.eclipse.jetty.http.HttpParser - atEOF HttpParser{s=START,0 of -1}
15:37:34.813 [qtp464872674-32] DEBUG org.eclipse.jetty.server.HttpConnection - HttpConnection@1ea6fb9::NetworkTrafficSocketChannelEndPoint@6050e3b3[{l=/127.0.0.1:8080,r=/127.0.0.1:46282,ISHUT,fill=-,flush=-,to=3/30000}{io=0/0,kio=0,kro=1}]->[HttpConnection@1ea6fb9[p=HttpParser{s=START,0 of -1},g=HttpGenerator@2581d1ce{s=START}]=>HttpChannelOverHttp@4430f65c{s=HttpChannelState@69e0325c{s=IDLE rs=BLOCKING os=OPEN is=IDLE awp=false se=false i=true al=0},r=1,c=false/false,a=IDLE,uri=null,age=0}] filled -1 RetainableByteBuffer@2fcc58f2{DirectByteBuffer@7fb0f97[p=0,l=0,c=8192,r=0]={<<<>>>POST /ima...\x00\x00\x00\x00\x00\x00\x00},r=1}
15:37:34.813 [qtp464872674-32] DEBUG org.eclipse.jetty.server.HttpConnection - HttpConnection@1ea6fb9::NetworkTrafficSocketChannelEndPoint@6050e3b3[{l=/127.0.0.1:8080,r=/127.0.0.1:46282,ISHUT,fill=-,flush=-,to=4/30000}{io=0/0,kio=0,kro=1}]->[HttpConnection@1ea6fb9[p=HttpParser{s=START,0 of -1},g=HttpGenerator@2581d1ce{s=START}]=>HttpChannelOverHttp@4430f65c{s=HttpChannelState@69e0325c{s=IDLE rs=BLOCKING os=OPEN is=IDLE awp=false se=false i=true al=0},r=1,c=false/false,a=IDLE,uri=null,age=0}] parse RetainableByteBuffer@2fcc58f2{DirectByteBuffer@7fb0f97[p=0,l=0,c=8192,r=0]={<<<>>>POST /ima...\x00\x00\x00\x00\x00\x00\x00},r=1}
15:37:34.814 [qtp464872674-32] DEBUG org.eclipse.jetty.http.HttpParser - parseNext s=START DirectByteBuffer@7fb0f97[p=0,l=0,c=8192,r=0]={<<<>>>POST /ima...\x00\x00\x00\x00\x00\x00\x00}
15:37:34.814 [qtp464872674-32] DEBUG org.eclipse.jetty.http.HttpParser - START --> CLOSED
15:37:34.814 [qtp464872674-32] DEBUG org.eclipse.jetty.io.AbstractEndPoint - close NetworkTrafficSocketChannelEndPoint@6050e3b3[{l=/127.0.0.1:8080,r=/127.0.0.1:46282,ISHUT,fill=-,flush=-,to=4/30000}{io=0/0,kio=0,kro=1}]->[HttpConnection@1ea6fb9[p=HttpParser{s=CLOSED,0 of -1},g=HttpGenerator@2581d1ce{s=START}]=>HttpChannelOverHttp@4430f65c{s=HttpChannelState@69e0325c{s=IDLE rs=BLOCKING os=OPEN is=IDLE awp=false se=false i=true al=0},r=1,c=false/false,a=IDLE,uri=null,age=0}]
15:37:34.814 [qtp464872674-32] DEBUG org.eclipse.jetty.io.AbstractEndPoint - close(null) NetworkTrafficSocketChannelEndPoint@6050e3b3[{l=/127.0.0.1:8080,r=/127.0.0.1:46282,ISHUT,fill=-,flush=-,to=4/30000}{io=0/0,kio=0,kro=1}]->[HttpConnection@1ea6fb9[p=HttpParser{s=CLOSED,0 of -1},g=HttpGenerator@2581d1ce{s=START}]=>HttpChannelOverHttp@4430f65c{s=HttpChannelState@69e0325c{s=IDLE rs=BLOCKING os=OPEN is=IDLE awp=false se=false i=true al=0},r=1,c=false/false,a=IDLE,uri=null,age=0}]
15:37:34.814 [qtp464872674-32] DEBUG org.eclipse.jetty.io.SelectableChannelEndPoint - doClose NetworkTrafficSocketChannelEndPoint@6050e3b3[{l=/127.0.0.1:8080,r=/127.0.0.1:46282,CLOSED,fill=-,flush=-,to=4/30000}{io=0/0,kio=0,kro=1}]->[HttpConnection@1ea6fb9[p=HttpParser{s=CLOSED,0 of -1},g=HttpGenerator@2581d1ce{s=START}]=>HttpChannelOverHttp@4430f65c{s=HttpChannelState@69e0325c{s=IDLE rs=BLOCKING os=OPEN is=IDLE awp=false se=false i=true al=0},r=1,c=false/false,a=IDLE,uri=null,age=0}]
15:37:34.814 [qtp464872674-32] DEBUG org.eclipse.jetty.io.FillInterest - onClose FillInterest@4d9b75f0{null}
15:37:34.814 [qtp464872674-32] DEBUG org.eclipse.jetty.io.ManagedSelector - Wakeup ManagedSelector@264c5d07{STARTED} id=0 keys=1 selected=0 updates=0
15:37:34.814 [main] ERROR com.intuit.karate - classpath:features/images/uploadImage.feature:19
Then status 400
status code was: 201, expected: 400, response time in milliseconds: 95, url: http://localhost:8080/images, response: 
{"id":"image-uuid-123","url":"http://localhost:8080/images/image-uuid-123.jpg"}
classpath:features/images/uploadImage.feature:19
15:37:34.814 [qtp464872674-32] DEBUG org.eclipse.jetty.util.thread.QueuedThreadPool - queue org.eclipse.jetty.io.ManagedSelector$DestroyEndPoint@7a33331c startThread=0
15:37:34.815 [qtp464872674-31] DEBUG org.eclipse.jetty.io.ManagedSelector - Selector sun.nio.ch.EPollSelectorImpl@2fc285fd woken with none selected
15:37:34.814 [qtp464872674-26] DEBUG org.eclipse.jetty.util.thread.QueuedThreadPool - run org.eclipse.jetty.io.ManagedSelector$DestroyEndPoint@7a33331c in QueuedThreadPool[qtp464872674]@1bb564e2{STARTED,8<=8<=25,i=0,r=-1,t=54463ms,q=0}[ReservedThreadExecutor@70807224{reserved=1/2,pending=0}]
15:37:34.815 [qtp464872674-31] DEBUG org.eclipse.jetty.io.ManagedSelector - Selector sun.nio.ch.EPollSelectorImpl@2fc285fd woken up from select, 0/0/0 selected
15:37:34.815 [qtp464872674-31] DEBUG org.eclipse.jetty.io.ManagedSelector - Selector sun.nio.ch.EPollSelectorImpl@2fc285fd processing 0 keys, 0 updates
15:37:34.815 [qtp464872674-31] DEBUG org.eclipse.jetty.io.ManagedSelector - updateable 0
15:37:34.815 [qtp464872674-31] DEBUG org.eclipse.jetty.io.ManagedSelector - updates 0
15:37:34.815 [qtp464872674-31] DEBUG org.eclipse.jetty.io.ManagedSelector - Selector sun.nio.ch.EPollSelectorImpl@2fc285fd waiting with 0 keys
15:37:34.814 [qtp464872674-32] DEBUG org.eclipse.jetty.server.HttpConnection - HttpConnection@1ea6fb9::NetworkTrafficSocketChannelEndPoint@6050e3b3[{l=null,r=null,CLOSED,fill=-,flush=-,to=5/30000}{io=0/0,kio=-1,kro=-1}]->[HttpConnection@1ea6fb9[p=HttpParser{s=CLOSED,0 of -1},g=HttpGenerator@2581d1ce{s=START}]=>HttpChannelOverHttp@4430f65c{s=HttpChannelState@69e0325c{s=IDLE rs=BLOCKING os=OPEN is=IDLE awp=false se=false i=true al=0},r=1,c=false/false,a=IDLE,uri=null,age=0}] parsed false HttpParser{s=CLOSED,0 of -1}
15:37:34.815 [qtp464872674-26] DEBUG org.eclipse.jetty.io.ManagedSelector - Destroyed NetworkTrafficSocketChannelEndPoint@6050e3b3[{l=null,r=null,CLOSED,fill=-,flush=-,to=5/30000}{io=0/0,kio=-1,kro=-1}]->[HttpConnection@1ea6fb9[p=HttpParser{s=CLOSED,0 of -1},g=HttpGenerator@2581d1ce{s=START}]=>HttpChannelOverHttp@4430f65c{s=HttpChannelState@69e0325c{s=IDLE rs=BLOCKING os=OPEN is=IDLE awp=false se=false i=true al=0},r=1,c=false/false,a=IDLE,uri=null,age=0}]
15:37:34.815 [qtp464872674-32] DEBUG org.eclipse.jetty.server.HttpConnection - releaseRequestBuffer HttpConnection@1ea6fb9::NetworkTrafficSocketChannelEndPoint@6050e3b3[{l=null,r=null,CLOSED,fill=-,flush=-,to=5/30000}{io=0/0,kio=-1,kro=-1}]->[HttpConnection@1ea6fb9[p=HttpParser{s=CLOSED,0 of -1},g=HttpGenerator@2581d1ce{s=START}]=>HttpChannelOverHttp@4430f65c{s=HttpChannelState@69e0325c{s=IDLE rs=BLOCKING os=OPEN is=IDLE awp=false se=false i=true al=0},r=1,c=false/false,a=IDLE,uri=null,age=0}]
15:37:34.815 [qtp464872674-26] DEBUG org.eclipse.jetty.io.AbstractConnection - onClose HttpConnection@1ea6fb9::NetworkTrafficSocketChannelEndPoint@6050e3b3[{l=null,r=null,CLOSED,fill=-,flush=-,to=5/30000}{io=0/0,kio=-1,kro=-1}]->[HttpConnection@1ea6fb9[p=HttpParser{s=CLOSED,0 of -1},g=HttpGenerator@2581d1ce{s=START}]=>HttpChannelOverHttp@4430f65c{s=HttpChannelState@69e0325c{s=IDLE rs=BLOCKING os=OPEN is=IDLE awp=false se=false i=true al=0},r=1,c=false/false,a=IDLE,uri=null,age=0}]
15:37:34.815 [qtp464872674-26] DEBUG org.eclipse.jetty.util.thread.QueuedThreadPool - ran org.eclipse.jetty.io.ManagedSelector$DestroyEndPoint@7a33331c in QueuedThreadPool[qtp464872674]@1bb564e2{STARTED,8<=8<=25,i=0,r=-1,t=54462ms,q=0}[ReservedThreadExecutor@70807224{reserved=1/2,pending=0}]
15:37:34.815 [qtp464872674-26] DEBUG org.eclipse.jetty.util.thread.QueuedThreadPool - Evict skipped, no excess threads QueuedThreadPool[qtp464872674]@1bb564e2{STARTED,8<=8<=25,i=1,r=-1,t=54462ms,q=0}[ReservedThreadExecutor@70807224{reserved=1/2,pending=0}]
15:37:34.815 [qtp464872674-32] DEBUG org.eclipse.jetty.io.AbstractEndPoint - shutdownOutput NetworkTrafficSocketChannelEndPoint@6050e3b3[{l=null,r=null,CLOSED,fill=-,flush=-,to=6/30000}{io=0/0,kio=-1,kro=-1}]->[HttpConnection@1ea6fb9[p=HttpParser{s=CLOSED,0 of -1},g=HttpGenerator@2581d1ce{s=START}]=>HttpChannelOverHttp@4430f65c{s=HttpChannelState@69e0325c{s=IDLE rs=BLOCKING os=OPEN is=IDLE awp=false se=false i=true al=0},r=1,c=false/false,a=IDLE,uri=null,age=0}]
15:37:34.815 [qtp464872674-32] DEBUG org.eclipse.jetty.server.HttpConnection - HttpConnection@1ea6fb9::NetworkTrafficSocketChannelEndPoint@6050e3b3[{l=null,r=null,CLOSED,fill=-,flush=-,to=6/30000}{io=0/0,kio=-1,kro=-1}]->[HttpConnection@1ea6fb9[p=HttpParser{s=CLOSED,0 of -1},g=HttpGenerator@2581d1ce{s=START}]=>HttpChannelOverHttp@4430f65c{s=HttpChannelState@69e0325c{s=IDLE rs=BLOCKING os=OPEN is=IDLE awp=false se=false i=true al=0},r=1,c=false/false,a=IDLE,uri=null,age=0}] onFillable exit HttpChannelState@69e0325c{s=IDLE rs=BLOCKING os=OPEN is=IDLE awp=false se=false i=true al=0} null
15:37:34.816 [qtp464872674-32] DEBUG org.eclipse.jetty.util.thread.ReservedThreadExecutor - ReservedThread@2dc4c7bf{RUNNING,thread=Thread[qtp464872674-32,5,main]} was=RUNNING next=RESERVED size=0+2 capacity=2
15:37:34.816 [qtp464872674-32] DEBUG org.eclipse.jetty.util.thread.ReservedThreadExecutor - ReservedThread@2dc4c7bf{RESERVED,thread=Thread[qtp464872674-32,5,main]} waiting ReservedThreadExecutor@70807224{reserved=2/2,pending=0}
]]></system-out>
  </testcase>
  <testcase name="testAllFeatures[3][3]" classname="com.exemple.qa.runners.AllKarateTestsRunner" time="0.833"/>
</testsuite>