<?xml version="1.0" encoding="UTF-8"?>
<testsuite xmlns:xsi="http://www.w3.org/2001/XMLSchema-instance" xsi:noNamespaceSchemaLocation="https://maven.apache.org/surefire/maven-surefire-plugin/xsd/surefire-test-report.xsd" name="com.exemple.qa.runners.AllKarateTestsRunner" time="10.525" tests="15" errors="0" skipped="0" failures="7">
  <properties>
[...]
</properties>
  <testcase name="testAllFeatures[1][1]" classname="com.exemple.qa.runners.AllKarateTestsRunner" time="2.314">
    <failure message="status code was: 404, expected: 201, response time in milliseconds: 545, url: http://localhost:8080/variants, response: &#10;&#10;                                               Request was not matched&#10;                                               =======================&#10;&#10;-----------------------------------------------------------------------------------------------------------------------&#10;| Closest stub                                             | Request                                                  |&#10;-----------------------------------------------------------------------------------------------------------------------&#10;                                                           |&#10;POST                                                       | POST&#10;/variants                                                  | /variants&#10;                                                           |&#10;Authorization: Bearer admin-token                          | Authorization: adminToken                           &lt;&lt;&lt;&lt;&lt; Header does not match&#10;                                                           |&#10;                                                           |&#10;-----------------------------------------------------------------------------------------------------------------------&#10;&#10;classpath:features/variants/createVariant.feature:15" type="org.opentest4j.AssertionFailedError"><![CDATA[org.opentest4j.AssertionFailedError: 
status code was: 404, expected: 201, response time in milliseconds: 545, url: http://localhost:8080/variants, response: 

                                               Request was not matched
                                               =======================

-----------------------------------------------------------------------------------------------------------------------
| Closest stub                                             | Request                                                  |
-----------------------------------------------------------------------------------------------------------------------
                                                           |
POST                                                       | POST
/variants                                                  | /variants
                                                           |
Authorization: Bearer admin-token                          | Authorization: adminToken                           <<<<< Header does not match
                                                           |
                                                           |
-----------------------------------------------------------------------------------------------------------------------

classpath:features/variants/createVariant.feature:15
]]></failure>
    <system-out><![CDATA[16:06:28.480 [main] DEBUG org.eclipse.jetty.util.component.ContainerLifeCycle -- QueuedThreadPool[qtp1860886124]@6eeade6c{STOPPED,8<=0<=25,i=0,r=-1,t=-10120077ms,q=0}[NO_TRY] added {org.eclipse.jetty.util.thread.ThreadPoolBudget@79145d5a,POJO}
16:06:28.485 [main] DEBUG org.eclipse.jetty.util.component.ContainerLifeCycle -- Server@4b672daa{STOPPED}[11.0.15,sto=0] added {QueuedThreadPool[qtp1860886124]@6eeade6c{STOPPED,8<=0<=25,i=0,r=-1,t=-10120087ms,q=0}[NO_TRY],AUTO}
16:06:28.492 [main] DEBUG org.eclipse.jetty.util.component.ContainerLifeCycle -- Server@4b672daa{STOPPED}[11.0.15,sto=0] added {AttributeContainerMap@2e11485{size=0},AUTO}
16:06:28.530 [main] DEBUG org.eclipse.jetty.util.component.ContainerLifeCycle -- HTTP2CServerConnectionFactory@78fb9a67[h2c] added {HTTP2SessionContainer@73ff4fae[size=0],POJO}
16:06:28.531 [main] DEBUG org.eclipse.jetty.util.component.ContainerLifeCycle -- HTTP2CServerConnectionFactory@78fb9a67[h2c] added {HttpConfiguration@21aa6d6c{32768/8192,32768/32768,https://:0,[SecureRequestCustomizer@b968a76]},POJO}
16:06:28.534 [main] DEBUG org.eclipse.jetty.util.component.ContainerLifeCycle -- HttpConnectionFactory@9ed238c[HTTP/1.1] added {HttpConfiguration@21aa6d6c{32768/8192,32768/32768,https://:0,[SecureRequestCustomizer@b968a76]},POJO}
16:06:28.544 [main] DEBUG org.eclipse.jetty.util.component.ContainerLifeCycle -- NetworkTrafficServerConnector@292d1c71{null, ()}{0.0.0.0:0} added {QueuedThreadPool[qtp1860886124]@6eeade6c{STOPPED,8<=0<=25,i=0,r=-1,t=-10120140ms,q=0}[NO_TRY],AUTO}
16:06:28.546 [main] DEBUG org.eclipse.jetty.util.component.ContainerLifeCycle -- NetworkTrafficServerConnector@292d1c71{null, ()}{0.0.0.0:0} added {ScheduledExecutorScheduler@50eca7c6{STOPPED},AUTO}
16:06:28.557 [main] DEBUG org.eclipse.jetty.util.component.ContainerLifeCycle -- Server@4b672daa{STOPPED}[11.0.15,sto=0] added {LogarithmicArrayByteBufferPool@65aa6596{minBufferCapacity=0, maxBufferCapacity=65536, maxQueueLength=-1, factor=4096},POJO}
16:06:28.558 [main] DEBUG org.eclipse.jetty.util.component.ContainerLifeCycle -- NetworkTrafficServerConnector@292d1c71{null, ()}{0.0.0.0:0} added {LogarithmicArrayByteBufferPool@65aa6596{minBufferCapacity=0, maxBufferCapacity=65536, maxQueueLength=-1, factor=4096},UNMANAGED}
16:06:28.559 [main] DEBUG org.eclipse.jetty.util.component.ContainerLifeCycle -- NetworkTrafficServerConnector@292d1c71{null, ()}{0.0.0.0:0} added {org.eclipse.jetty.io.LogarithmicArrayByteBufferPool$LogarithmicRetainablePool@67389cb8{min=0,max=65536,buckets=17,heap=0/-1,direct=0/-1},POJO}
16:06:28.560 [main] DEBUG org.eclipse.jetty.util.component.ContainerLifeCycle -- NetworkTrafficServerConnector@292d1c71{null, ()}{0.0.0.0:0} added {org.eclipse.jetty.server.AbstractConnector$1@f27ea3,POJO}
16:06:28.562 [main] DEBUG org.eclipse.jetty.util.component.ContainerLifeCycle -- NetworkTrafficServerConnector@292d1c71{null, (http/1.1)}{0.0.0.0:0} added {HttpConnectionFactory@9ed238c[HTTP/1.1],AUTO}
16:06:28.563 [main] DEBUG org.eclipse.jetty.server.AbstractConnector -- NetworkTrafficServerConnector@292d1c71{HTTP/1.1, (http/1.1)}{0.0.0.0:0} added HttpConnectionFactory@9ed238c[HTTP/1.1]
16:06:28.564 [main] DEBUG org.eclipse.jetty.util.component.ContainerLifeCycle -- NetworkTrafficServerConnector@292d1c71{HTTP/1.1, (http/1.1, h2c)}{0.0.0.0:0} added {HTTP2CServerConnectionFactory@78fb9a67[h2c],AUTO}
16:06:28.565 [main] DEBUG org.eclipse.jetty.server.AbstractConnector -- NetworkTrafficServerConnector@292d1c71{HTTP/1.1, (http/1.1, h2c)}{0.0.0.0:0} added HTTP2CServerConnectionFactory@78fb9a67[h2c]
16:06:28.576 [main] DEBUG org.eclipse.jetty.util.component.ContainerLifeCycle -- NetworkTrafficServerConnector@292d1c71{HTTP/1.1, (http/1.1, h2c)}{0.0.0.0:0} added {SelectorManager@NetworkTrafficServerConnector@292d1c71{HTTP/1.1, (http/1.1, h2c)}{0.0.0.0:0},MANAGED}
16:06:28.579 [main] DEBUG org.eclipse.jetty.util.component.ContainerLifeCycle -- Server@4b672daa{STOPPED}[11.0.15,sto=0] added {NetworkTrafficServerConnector@292d1c71{HTTP/1.1, (http/1.1, h2c)}{0.0.0.0:8080},AUTO}
16:06:28.622 [main] DEBUG org.eclipse.jetty.util.component.ContainerLifeCycle -- o.e.j.s.ServletContextHandler@c7a975a{/,null,STOPPED} added {SymlinkAllowedResourceAliasChecker@226642a5{base=null,protected=[]},MANAGED}
16:06:28.630 [main] DEBUG org.eclipse.jetty.util.component.ContainerLifeCycle -- Server@4b672daa{STOPPED}[11.0.15,sto=0] added {o.e.j.s.ServletContextHandler@c7a975a{/__admin,null,STOPPED},MANAGED}
16:06:28.638 [main] DEBUG org.eclipse.jetty.util.component.ContainerLifeCycle -- o.e.j.s.ServletContextHandler@c7a975a{/__admin,null,STOPPED} added {ServletHandler@5f2f577{STOPPED},MANAGED}
16:06:28.654 [main] DEBUG org.eclipse.jetty.util.component.ContainerLifeCycle -- ServletHandler@5f2f577{STOPPED} added {org.eclipse.jetty.servlet.DefaultServlet-51df223b==org.eclipse.jetty.servlet.DefaultServlet@52c4690c{jsp=null,order=-1,inst=false,async=true,src=EMBEDDED:null,STOPPED},AUTO}
16:06:28.657 [main] DEBUG org.eclipse.jetty.util.component.ContainerLifeCycle -- ServletHandler@5f2f577{STOPPED} added {[/swagger-ui/*]=>org.eclipse.jetty.servlet.DefaultServlet-51df223b,POJO}
16:06:28.658 [main] DEBUG org.eclipse.jetty.util.component.ContainerLifeCycle -- ServletHandler@5f2f577{STOPPED} added {org.eclipse.jetty.servlet.DefaultServlet-1849db1a==org.eclipse.jetty.servlet.DefaultServlet@d1400359{jsp=null,order=-1,inst=false,async=true,src=EMBEDDED:null,STOPPED},AUTO}
16:06:28.659 [main] DEBUG org.eclipse.jetty.util.component.ContainerLifeCycle -- ServletHandler@5f2f577{STOPPED} added {[/recorder/*]=>org.eclipse.jetty.servlet.DefaultServlet-1849db1a,POJO}
16:06:28.660 [main] DEBUG org.eclipse.jetty.util.component.ContainerLifeCycle -- ServletHandler@5f2f577{STOPPED} added {com.github.tomakehurst.wiremock.servlet.WireMockHandlerDispatchingServlet-5fcacc0==com.github.tomakehurst.wiremock.servlet.WireMockHandlerDispatchingServlet@60125af3{jsp=null,order=-1,inst=false,async=true,src=EMBEDDED:null,STOPPED},AUTO}
16:06:28.661 [main] DEBUG org.eclipse.jetty.util.component.ContainerLifeCycle -- ServletHandler@5f2f577{STOPPED} added {[/]=>com.github.tomakehurst.wiremock.servlet.WireMockHandlerDispatchingServlet-5fcacc0,POJO}
16:06:28.663 [main] DEBUG org.eclipse.jetty.util.component.ContainerLifeCycle -- ServletHandler@5f2f577{STOPPED} added {com.github.tomakehurst.wiremock.servlet.NotMatchedServlet-1d71006f==com.github.tomakehurst.wiremock.servlet.NotMatchedServlet@89785bef{jsp=null,order=-1,inst=false,async=true,src=EMBEDDED:null,STOPPED},AUTO}
16:06:28.663 [main] DEBUG org.eclipse.jetty.util.component.ContainerLifeCycle -- ServletHandler@5f2f577{STOPPED} added {[/not-matched]=>com.github.tomakehurst.wiremock.servlet.NotMatchedServlet-1d71006f,POJO}
16:06:28.667 [main] DEBUG org.eclipse.jetty.util.component.ContainerLifeCycle -- ServletHandler@5f2f577{STOPPED} added {org.eclipse.jetty.servlets.CrossOriginFilter-60b71e8f==org.eclipse.jetty.servlets.CrossOriginFilter@60b71e8f{inst=false,async=true,src=EMBEDDED:null},AUTO}
16:06:28.669 [main] DEBUG org.eclipse.jetty.util.component.ContainerLifeCycle -- ServletHandler@5f2f577{STOPPED} added {[/*]/[]/[]=>org.eclipse.jetty.servlets.CrossOriginFilter-60b71e8f,POJO}
16:06:28.679 [main] DEBUG org.eclipse.jetty.util.component.ContainerLifeCycle -- o.e.j.s.ServletContextHandler@6e521c1e{/,null,STOPPED} added {SymlinkAllowedResourceAliasChecker@224b4d61{base=null,protected=[]},MANAGED}
16:06:28.680 [main] DEBUG org.eclipse.jetty.util.component.ContainerLifeCycle -- Server@4b672daa{STOPPED}[11.0.15,sto=0] added {o.e.j.s.ServletContextHandler@6e521c1e{/,null,STOPPED},MANAGED}
16:06:28.681 [main] DEBUG org.eclipse.jetty.util.component.ContainerLifeCycle -- o.e.j.s.ServletContextHandler@6e521c1e{/,null,STOPPED} added {ServletHandler@5d5d9e5{STOPPED},MANAGED}
16:06:28.681 [main] DEBUG org.eclipse.jetty.util.component.ContainerLifeCycle -- ServletHandler@5d5d9e5{STOPPED} added {org.eclipse.jetty.servlet.DefaultServlet-303e3593==org.eclipse.jetty.servlet.DefaultServlet@fa70c64a{jsp=null,order=-1,inst=false,async=true,src=EMBEDDED:null,STOPPED},AUTO}
16:06:28.682 [main] DEBUG org.eclipse.jetty.util.component.ContainerLifeCycle -- ServletHandler@5d5d9e5{STOPPED} added {[/__files/*]=>org.eclipse.jetty.servlet.DefaultServlet-303e3593,POJO}
16:06:28.684 [main] DEBUG org.eclipse.jetty.util.component.ContainerLifeCycle -- ServletHandler@5d5d9e5{STOPPED} added {com.github.tomakehurst.wiremock.servlet.WireMockHandlerDispatchingServlet-439a8f59==com.github.tomakehurst.wiremock.servlet.WireMockHandlerDispatchingServlet@68bafea7{jsp=null,order=-1,inst=false,async=true,src=EMBEDDED:null,STOPPED},AUTO}
16:06:28.684 [main] DEBUG org.eclipse.jetty.util.component.ContainerLifeCycle -- ServletHandler@5d5d9e5{STOPPED} added {[/]=>com.github.tomakehurst.wiremock.servlet.WireMockHandlerDispatchingServlet-439a8f59,POJO}
16:06:28.695 [main] DEBUG org.eclipse.jetty.http.PreEncodedHttpField -- HttpField encoders loaded: [org.eclipse.jetty.http.Http1FieldPreEncoder@7876d598, org.eclipse.jetty.http2.hpack.HpackFieldPreEncoder@4a3e3e8b]
16:06:28.726 [main] DEBUG org.eclipse.jetty.util.component.ContainerLifeCycle -- o.e.j.s.ServletContextHandler@6e521c1e{/,null,STOPPED} added {NotFoundHandler@114a85c2{STOPPED},MANAGED}
16:06:28.727 [main] DEBUG org.eclipse.jetty.util.component.ContainerLifeCycle -- ServletHandler@5d5d9e5{STOPPED} added {com.github.tomakehurst.wiremock.servlet.ContentTypeSettingFilter-724f138e==com.github.tomakehurst.wiremock.servlet.ContentTypeSettingFilter@724f138e{inst=false,async=true,src=EMBEDDED:null},AUTO}
16:06:28.727 [main] DEBUG org.eclipse.jetty.util.component.ContainerLifeCycle -- ServletHandler@5d5d9e5{STOPPED} added {[/__files/*]/[]/[]=>com.github.tomakehurst.wiremock.servlet.ContentTypeSettingFilter-724f138e,POJO}
16:06:28.728 [main] DEBUG org.eclipse.jetty.util.component.ContainerLifeCycle -- ServletHandler@5d5d9e5{STOPPED} added {com.github.tomakehurst.wiremock.servlet.TrailingSlashFilter-c9413d8==com.github.tomakehurst.wiremock.servlet.TrailingSlashFilter@c9413d8{inst=false,async=true,src=EMBEDDED:null},AUTO}
16:06:28.729 [main] DEBUG org.eclipse.jetty.util.component.ContainerLifeCycle -- ServletHandler@5d5d9e5{STOPPED} added {[/__files/*]/[]/[]=>com.github.tomakehurst.wiremock.servlet.TrailingSlashFilter-c9413d8,POJO}
16:06:28.742 [main] DEBUG org.eclipse.jetty.util.component.ContainerLifeCycle -- HandlerCollection@54709809{STOPPED} added {o.e.j.s.ServletContextHandler@c7a975a{/__admin,null,STOPPED},AUTO}
16:06:28.742 [main] DEBUG org.eclipse.jetty.util.component.ContainerLifeCycle -- HandlerCollection@54709809{STOPPED} added {AbstractHandler@24f360b2{STOPPED},AUTO}
16:06:28.752 [main] DEBUG org.eclipse.jetty.http.pathmap.ServletPathSpec -- Creating ServletPathSpec[*.svgz] (group: SUFFIX_GLOB, prefix: "null", suffix: "svgz")
16:06:28.753 [main] DEBUG org.eclipse.jetty.http.pathmap.PathMappings -- Added MappedResource[pathSpec=ServletPathSpec@9727ded2{*.svgz},resource=true] to PathMappings[size=1]
16:06:28.754 [main] DEBUG org.eclipse.jetty.server.handler.gzip.GzipHandler -- GzipHandler@6de54b40{STOPPED,min=32,inflate=-1} mime types IncludeExclude@43ed0ff3{i=[],ip=CONTAINS,e=[image/ief, image/vnd.wap.wbmp, image/jpeg, application/bzip2, image/x-portable-graymap, application/brotli, image/bmp, image/gif, image/x-icon, image/apng, audio/midi, image/webp, video/x-msvideo, image/x-xbitmap, application/x-rar-compressed, text/event-stream, image/avif, image/x-portable-bitmap, image/x-rgb, image/x-cmu-raster, application/gzip, audio/x-wav, audio/x-pn-realaudio, audio/basic, application/compress, audio/x-aiff, video/x.ms.asx, video/x.ms.asf, image/png, video/vnd.rn-realvideo, image/x-xwindowdump, image/jpeg2000, video/x-sgi-movie, audio/mpeg, image/xcf, video/mpeg, image/x-portable-pixmap, image/tiff, image/x-portable-anymap, image/x-xpixmap, application/zip, video/quicktime, application/x-xz, video/mp4],ep=CONTAINS}
16:06:28.755 [main] DEBUG org.eclipse.jetty.util.component.ContainerLifeCycle -- GzipHandler@6de54b40{STOPPED,min=32,inflate=-1} added {o.e.j.s.ServletContextHandler@6e521c1e{/,null,STOPPED},MANAGED}
16:06:28.755 [main] DEBUG org.eclipse.jetty.util.component.ContainerLifeCycle -- HandlerCollection@54709809{STOPPED} added {GzipHandler@6de54b40{STOPPED,min=32,inflate=-1},AUTO}
16:06:28.755 [main] DEBUG org.eclipse.jetty.util.component.ContainerLifeCycle -- Server@4b672daa{STOPPED}[11.0.15,sto=0] added {HandlerCollection@54709809{STOPPED},MANAGED}
16:06:28.975 [main] DEBUG org.eclipse.jetty.util.component.AbstractLifeCycle -- STARTING Server@4b672daa{STOPPED}[11.0.15,sto=1000]
16:06:28.975 [main] DEBUG org.eclipse.jetty.util.component.ContainerLifeCycle -- Server@4b672daa{STARTING}[11.0.15,sto=1000] added {ErrorHandler@6b04acb2{STOPPED},AUTO}
16:06:28.977 [main] INFO org.eclipse.jetty.server.Server -- jetty-11.0.15; built: 2023-04-11T18:37:53.775Z; git: 5bc5e562c8d05c5862505aebe5cf83a61bdbcb96; jvm 17.0.15+6-Ubuntu-0ubuntu122.04
16:06:28.990 [main] DEBUG org.eclipse.jetty.util.component.ContainerLifeCycle -- NetworkTrafficServerConnector@292d1c71{HTTP/1.1, (http/1.1, h2c)}{0.0.0.0:8080} added {sun.nio.ch.ServerSocketChannelImpl[/[0:0:0:0:0:0:0:0]:8080],POJO}
16:06:28.991 [main] DEBUG org.eclipse.jetty.server.handler.AbstractHandler -- starting Server@4b672daa{STARTING}[11.0.15,sto=1000]
16:06:28.991 [main] DEBUG org.eclipse.jetty.util.component.AbstractLifeCycle -- STARTING QueuedThreadPool[qtp1860886124]@6eeade6c{STOPPED,8<=0<=25,i=0,r=-1,t=-10120586ms,q=0}[NO_TRY]
16:06:28.992 [main] DEBUG org.eclipse.jetty.util.thread.ReservedThreadExecutor -- ReservedThreadExecutor@6e28bb87{reserved=0/2,pending=0}
16:06:28.993 [main] DEBUG org.eclipse.jetty.util.component.ContainerLifeCycle -- QueuedThreadPool[qtp1860886124]@6eeade6c{STARTING,8<=0<=25,i=0,r=-1,t=-10120588ms,q=0}[ReservedThreadExecutor@6e28bb87{reserved=0/2,pending=0}] added {ReservedThreadExecutor@6e28bb87{reserved=0/2,pending=0},AUTO}
16:06:28.993 [main] DEBUG org.eclipse.jetty.util.component.AbstractLifeCycle -- STARTING ReservedThreadExecutor@6e28bb87{reserved=0/2,pending=0}
16:06:28.996 [main] DEBUG org.eclipse.jetty.util.component.AbstractLifeCycle -- STARTED @2191ms ReservedThreadExecutor@6e28bb87{reserved=0/2,pending=0}
16:06:29.000 [main] DEBUG org.eclipse.jetty.util.thread.QueuedThreadPool -- Starting Thread[qtp1860886124-26,5,main]
16:06:29.001 [main] DEBUG org.eclipse.jetty.util.thread.QueuedThreadPool -- Starting Thread[qtp1860886124-27,5,main]
16:06:29.001 [qtp1860886124-26] DEBUG org.eclipse.jetty.util.thread.QueuedThreadPool -- Runner started for QueuedThreadPool[qtp1860886124]@6eeade6c{STARTING,8<=2<=25,i=2,r=-1,t=59999ms,q=0}[ReservedThreadExecutor@6e28bb87{reserved=0/2,pending=0}]
16:06:29.002 [main] DEBUG org.eclipse.jetty.util.thread.QueuedThreadPool -- Starting Thread[qtp1860886124-28,5,main]
16:06:29.002 [main] DEBUG org.eclipse.jetty.util.thread.QueuedThreadPool -- Starting Thread[qtp1860886124-29,5,main]
16:06:29.002 [qtp1860886124-27] DEBUG org.eclipse.jetty.util.thread.QueuedThreadPool -- Runner started for QueuedThreadPool[qtp1860886124]@6eeade6c{STARTING,8<=3<=25,i=3,r=-1,t=59999ms,q=0}[ReservedThreadExecutor@6e28bb87{reserved=0/2,pending=0}]
16:06:29.002 [qtp1860886124-28] DEBUG org.eclipse.jetty.util.thread.QueuedThreadPool -- Runner started for QueuedThreadPool[qtp1860886124]@6eeade6c{STARTING,8<=4<=25,i=4,r=-1,t=59999ms,q=0}[ReservedThreadExecutor@6e28bb87{reserved=0/2,pending=0}]
16:06:29.003 [main] DEBUG org.eclipse.jetty.util.thread.QueuedThreadPool -- Starting Thread[qtp1860886124-30,5,main]
16:06:29.003 [qtp1860886124-29] DEBUG org.eclipse.jetty.util.thread.QueuedThreadPool -- Runner started for QueuedThreadPool[qtp1860886124]@6eeade6c{STARTING,8<=5<=25,i=5,r=-1,t=59999ms,q=0}[ReservedThreadExecutor@6e28bb87{reserved=0/2,pending=0}]
16:06:29.004 [main] DEBUG org.eclipse.jetty.util.thread.QueuedThreadPool -- Starting Thread[qtp1860886124-31,5,main]
16:06:29.004 [qtp1860886124-30] DEBUG org.eclipse.jetty.util.thread.QueuedThreadPool -- Runner started for QueuedThreadPool[qtp1860886124]@6eeade6c{STARTING,8<=6<=25,i=6,r=-1,t=59999ms,q=0}[ReservedThreadExecutor@6e28bb87{reserved=0/2,pending=0}]
16:06:29.004 [main] DEBUG org.eclipse.jetty.util.thread.QueuedThreadPool -- Starting Thread[qtp1860886124-32,5,main]
16:06:29.004 [qtp1860886124-31] DEBUG org.eclipse.jetty.util.thread.QueuedThreadPool -- Runner started for QueuedThreadPool[qtp1860886124]@6eeade6c{STARTING,8<=7<=25,i=7,r=-1,t=59999ms,q=0}[ReservedThreadExecutor@6e28bb87{reserved=0/2,pending=0}]
16:06:29.005 [main] DEBUG org.eclipse.jetty.util.thread.QueuedThreadPool -- Starting Thread[qtp1860886124-33,5,main]
16:06:29.005 [qtp1860886124-32] DEBUG org.eclipse.jetty.util.thread.QueuedThreadPool -- Runner started for QueuedThreadPool[qtp1860886124]@6eeade6c{STARTING,8<=8<=25,i=8,r=-1,t=59999ms,q=0}[ReservedThreadExecutor@6e28bb87{reserved=0/2,pending=0}]
16:06:29.005 [main] DEBUG org.eclipse.jetty.util.component.AbstractLifeCycle -- STARTED @2200ms QueuedThreadPool[qtp1860886124]@6eeade6c{STARTED,8<=8<=25,i=8,r=-1,t=59999ms,q=0}[ReservedThreadExecutor@6e28bb87{reserved=0/2,pending=0}]
16:06:29.006 [qtp1860886124-33] DEBUG org.eclipse.jetty.util.thread.QueuedThreadPool -- Runner started for QueuedThreadPool[qtp1860886124]@6eeade6c{STARTED,8<=8<=25,i=8,r=-1,t=59999ms,q=0}[ReservedThreadExecutor@6e28bb87{reserved=0/2,pending=0}]
16:06:29.006 [main] DEBUG org.eclipse.jetty.util.component.AbstractLifeCycle -- STARTING AttributeContainerMap@2e11485{size=0}
16:06:29.007 [main] DEBUG org.eclipse.jetty.util.component.AbstractLifeCycle -- STARTED @2201ms AttributeContainerMap@2e11485{size=0}
16:06:29.007 [main] DEBUG org.eclipse.jetty.util.component.AbstractLifeCycle -- STARTING HandlerCollection@54709809{STOPPED}
16:06:29.007 [main] DEBUG org.eclipse.jetty.server.handler.AbstractHandler -- starting HandlerCollection@54709809{STARTING}
16:06:29.007 [main] DEBUG org.eclipse.jetty.util.component.AbstractLifeCycle -- STARTING o.e.j.s.ServletContextHandler@c7a975a{/__admin,null,STOPPED}
16:06:29.008 [main] DEBUG org.eclipse.jetty.util.DecoratedObjectFactory -- Adding Decorator: org.eclipse.jetty.util.DeprecationWarning@389562d6
16:06:29.009 [main] DEBUG org.eclipse.jetty.server.handler.AbstractHandler -- starting o.e.j.s.ServletContextHandler@c7a975a{/__admin,null,STARTING}
16:06:29.010 [main] DEBUG org.eclipse.jetty.util.component.AbstractLifeCycle -- STARTING SymlinkAllowedResourceAliasChecker@226642a5{base=null,protected=[]}
16:06:29.010 [main] DEBUG org.eclipse.jetty.util.component.ContainerLifeCycle -- o.e.j.s.ServletContextHandler@c7a975a{/__admin,null,STARTING} added {org.eclipse.jetty.server.AllowedResourceAliasChecker$AllowedResourceAliasCheckListener@60f2e0bd,POJO}
16:06:29.012 [main] DEBUG org.eclipse.jetty.util.component.AbstractLifeCycle -- STARTED @2206ms SymlinkAllowedResourceAliasChecker@226642a5{base=null,protected=[]}
16:06:29.012 [main] DEBUG org.eclipse.jetty.util.component.AbstractLifeCycle -- STARTING ServletHandler@5f2f577{STOPPED}
16:06:29.015 [main] DEBUG org.eclipse.jetty.servlet.ServletHandler -- Path=/not-matched[EMBEDDED:null] mapped to servlet=com.github.tomakehurst.wiremock.servlet.NotMatchedServlet-1d71006f[EMBEDDED:null]
16:06:29.016 [main] DEBUG org.eclipse.jetty.http.pathmap.ServletPathSpec -- Creating ServletPathSpec[/not-matched] (group: EXACT, prefix: "/not-matched", suffix: "null")
16:06:29.019 [main] DEBUG org.eclipse.jetty.http.pathmap.PathMappings -- Added MappedResource[pathSpec=ServletPathSpec@ee4519a{/not-matched},resource=MappedServlet66908383{/not-matched->com.github.tomakehurst.wiremock.servlet.NotMatchedServlet-1d71006f==com.github.tomakehurst.wiremock.servlet.NotMatchedServlet@89785bef{jsp=null,order=-1,inst=false,async=true,src=EMBEDDED:null,STOPPED}}] to PathMappings[size=1]
16:06:29.020 [main] DEBUG org.eclipse.jetty.servlet.ServletHandler -- Path=/recorder/*[EMBEDDED:null] mapped to servlet=org.eclipse.jetty.servlet.DefaultServlet-1849db1a[EMBEDDED:null]
16:06:29.020 [main] DEBUG org.eclipse.jetty.http.pathmap.ServletPathSpec -- Creating ServletPathSpec[/recorder/*] (group: PREFIX_GLOB, prefix: "/recorder", suffix: "null")
16:06:29.020 [main] DEBUG org.eclipse.jetty.http.pathmap.PathMappings -- Added MappedResource[pathSpec=ServletPathSpec@4ccddc4a{/recorder/*},resource=MappedServlet41477a6d{/recorder/*->org.eclipse.jetty.servlet.DefaultServlet-1849db1a==org.eclipse.jetty.servlet.DefaultServlet@d1400359{jsp=null,order=-1,inst=false,async=true,src=EMBEDDED:null,STOPPED}}] to PathMappings[size=2]
16:06:29.021 [main] DEBUG org.eclipse.jetty.servlet.ServletHandler -- Path=/[EMBEDDED:null] mapped to servlet=com.github.tomakehurst.wiremock.servlet.WireMockHandlerDispatchingServlet-5fcacc0[EMBEDDED:null]
16:06:29.021 [main] DEBUG org.eclipse.jetty.http.pathmap.PathMappings -- Added MappedResource[pathSpec=ServletPathSpec@9457dcb7{/},resource=MappedServlet2bc12da{/->com.github.tomakehurst.wiremock.servlet.WireMockHandlerDispatchingServlet-5fcacc0==com.github.tomakehurst.wiremock.servlet.WireMockHandlerDispatchingServlet@60125af3{jsp=null,order=-1,inst=false,async=true,src=EMBEDDED:null,STOPPED}}] to PathMappings[size=3]
16:06:29.022 [main] DEBUG org.eclipse.jetty.servlet.ServletHandler -- Path=/swagger-ui/*[EMBEDDED:null] mapped to servlet=org.eclipse.jetty.servlet.DefaultServlet-51df223b[EMBEDDED:null]
16:06:29.022 [main] DEBUG org.eclipse.jetty.http.pathmap.ServletPathSpec -- Creating ServletPathSpec[/swagger-ui/*] (group: PREFIX_GLOB, prefix: "/swagger-ui", suffix: "null")
16:06:29.022 [main] DEBUG org.eclipse.jetty.http.pathmap.PathMappings -- Added MappedResource[pathSpec=ServletPathSpec@fe042bf3{/swagger-ui/*},resource=MappedServlet3122b117{/swagger-ui/*->org.eclipse.jetty.servlet.DefaultServlet-51df223b==org.eclipse.jetty.servlet.DefaultServlet@52c4690c{jsp=null,order=-1,inst=false,async=false,src=EMBEDDED:null,STOPPED}}] to PathMappings[size=4]
16:06:29.023 [main] DEBUG org.eclipse.jetty.servlet.ServletHandler -- filterNameMap={org.eclipse.jetty.servlets.CrossOriginFilter-60b71e8f=org.eclipse.jetty.servlets.CrossOriginFilter-60b71e8f==org.eclipse.jetty.servlets.CrossOriginFilter@60b71e8f{inst=false,async=true,src=EMBEDDED:null}} pathFilters=[[/*]/[]/[REQUEST]=>org.eclipse.jetty.servlets.CrossOriginFilter-60b71e8f] servletFilterMap={} servletPathMap=PathMappings[size=4] servletNameMap={com.github.tomakehurst.wiremock.servlet.WireMockHandlerDispatchingServlet-5fcacc0=MappedServlet29a23c3d{null->com.github.tomakehurst.wiremock.servlet.WireMockHandlerDispatchingServlet-5fcacc0==com.github.tomakehurst.wiremock.servlet.WireMockHandlerDispatchingServlet@60125af3{jsp=null,order=-1,inst=false,async=true,src=EMBEDDED:null,STOPPED}}, com.github.tomakehurst.wiremock.servlet.NotMatchedServlet-1d71006f=MappedServlet4b6ac111{null->com.github.tomakehurst.wiremock.servlet.NotMatchedServlet-1d71006f==com.github.tomakehurst.wiremock.servlet.NotMatchedServlet@89785bef{jsp=null,order=-1,inst=false,async=true,src=EMBEDDED:null,STOPPED}}, org.eclipse.jetty.servlet.DefaultServlet-51df223b=MappedServlet6fe46b62{null->org.eclipse.jetty.servlet.DefaultServlet-51df223b==org.eclipse.jetty.servlet.DefaultServlet@52c4690c{jsp=null,order=-1,inst=false,async=false,src=EMBEDDED:null,STOPPED}}, org.eclipse.jetty.servlet.DefaultServlet-1849db1a=MappedServlet591fd34d{null->org.eclipse.jetty.servlet.DefaultServlet-1849db1a==org.eclipse.jetty.servlet.DefaultServlet@d1400359{jsp=null,order=-1,inst=false,async=true,src=EMBEDDED:null,STOPPED}}}
16:06:29.024 [main] DEBUG org.eclipse.jetty.server.handler.AbstractHandler -- starting ServletHandler@5f2f577{STARTING}
16:06:29.024 [main] DEBUG org.eclipse.jetty.util.component.AbstractLifeCycle -- STARTED @2219ms ServletHandler@5f2f577{STARTED}
16:06:29.025 [main] DEBUG org.eclipse.jetty.util.component.AbstractLifeCycle -- STARTING org.eclipse.jetty.servlets.CrossOriginFilter-60b71e8f==org.eclipse.jetty.servlets.CrossOriginFilter@60b71e8f{inst=false,async=true,src=EMBEDDED:null}
16:06:29.026 [main] DEBUG org.eclipse.jetty.util.component.AbstractLifeCycle -- STARTED @2220ms org.eclipse.jetty.servlets.CrossOriginFilter-60b71e8f==org.eclipse.jetty.servlets.CrossOriginFilter@60b71e8f{inst=false,async=true,src=EMBEDDED:null}
16:06:29.028 [main] DEBUG org.eclipse.jetty.servlet.FilterHolder -- Filter.init org.eclipse.jetty.servlets.CrossOriginFilter@69eb86b4
16:06:29.044 [main] DEBUG org.eclipse.jetty.servlets.CrossOriginFilter -- Cross-origin filter configuration: allowedOrigins = *, allowedTimingOrigins = null, allowedMethods = OPTIONS,GET,POST,PUT,PATCH,DELETE, allowedHeaders = *, preflightMaxAge = 1800, allowCredentials = true,exposedHeaders = ,chainPreflight = false
16:06:29.044 [main] DEBUG org.eclipse.jetty.util.component.AbstractLifeCycle -- STARTING com.github.tomakehurst.wiremock.servlet.NotMatchedServlet-1d71006f==com.github.tomakehurst.wiremock.servlet.NotMatchedServlet@89785bef{jsp=null,order=-1,inst=false,async=true,src=EMBEDDED:null,STOPPED}
16:06:29.046 [main] DEBUG org.eclipse.jetty.util.component.AbstractLifeCycle -- STARTED @2240ms com.github.tomakehurst.wiremock.servlet.NotMatchedServlet-1d71006f==com.github.tomakehurst.wiremock.servlet.NotMatchedServlet@89785bef{jsp=null,order=-1,inst=false,async=true,src=EMBEDDED:null,STARTED}
16:06:29.046 [main] DEBUG org.eclipse.jetty.util.component.AbstractLifeCycle -- STARTING com.github.tomakehurst.wiremock.servlet.WireMockHandlerDispatchingServlet-5fcacc0==com.github.tomakehurst.wiremock.servlet.WireMockHandlerDispatchingServlet@60125af3{jsp=null,order=-1,inst=false,async=true,src=EMBEDDED:null,STOPPED}
16:06:29.047 [main] DEBUG org.eclipse.jetty.util.component.AbstractLifeCycle -- STARTED @2242ms com.github.tomakehurst.wiremock.servlet.WireMockHandlerDispatchingServlet-5fcacc0==com.github.tomakehurst.wiremock.servlet.WireMockHandlerDispatchingServlet@60125af3{jsp=null,order=-1,inst=false,async=true,src=EMBEDDED:null,STARTED}
16:06:29.048 [main] DEBUG org.eclipse.jetty.util.component.AbstractLifeCycle -- STARTING org.eclipse.jetty.servlet.DefaultServlet-1849db1a==org.eclipse.jetty.servlet.DefaultServlet@d1400359{jsp=null,order=-1,inst=false,async=true,src=EMBEDDED:null,STOPPED}
16:06:29.048 [main] DEBUG org.eclipse.jetty.util.component.AbstractLifeCycle -- STARTED @2243ms org.eclipse.jetty.servlet.DefaultServlet-1849db1a==org.eclipse.jetty.servlet.DefaultServlet@d1400359{jsp=null,order=-1,inst=false,async=true,src=EMBEDDED:null,STARTED}
16:06:29.048 [main] DEBUG org.eclipse.jetty.util.component.AbstractLifeCycle -- STARTING org.eclipse.jetty.servlet.DefaultServlet-51df223b==org.eclipse.jetty.servlet.DefaultServlet@52c4690c{jsp=null,order=-1,inst=false,async=false,src=EMBEDDED:null,STOPPED}
16:06:29.049 [main] DEBUG org.eclipse.jetty.util.component.AbstractLifeCycle -- STARTED @2244ms org.eclipse.jetty.servlet.DefaultServlet-51df223b==org.eclipse.jetty.servlet.DefaultServlet@52c4690c{jsp=null,order=-1,inst=false,async=false,src=EMBEDDED:null,STARTED}
16:06:29.050 [main] INFO org.eclipse.jetty.server.handler.ContextHandler -- Started o.e.j.s.ServletContextHandler@c7a975a{/__admin,null,AVAILABLE}
16:06:29.050 [main] DEBUG org.eclipse.jetty.util.component.AbstractLifeCycle -- STARTED @2245ms o.e.j.s.ServletContextHandler@c7a975a{/__admin,null,AVAILABLE}
16:06:29.051 [main] DEBUG org.eclipse.jetty.util.component.AbstractLifeCycle -- STARTING AbstractHandler@24f360b2{STOPPED}
16:06:29.051 [main] DEBUG org.eclipse.jetty.server.handler.AbstractHandler -- starting AbstractHandler@24f360b2{STARTING}
16:06:29.051 [main] DEBUG org.eclipse.jetty.util.component.AbstractLifeCycle -- STARTED @2246ms AbstractHandler@24f360b2{STARTED}
16:06:29.051 [main] DEBUG org.eclipse.jetty.util.component.AbstractLifeCycle -- STARTING GzipHandler@6de54b40{STOPPED,min=32,inflate=-1}
16:06:29.053 [main] DEBUG org.eclipse.jetty.util.component.AbstractLifeCycle -- STARTING InflaterPool@1ee29c84{STOPPED,size=-1,capacity=25}
16:06:29.053 [main] DEBUG org.eclipse.jetty.util.component.ContainerLifeCycle -- InflaterPool@1ee29c84{STARTING,size=0,capacity=25} added {Pool@7c8326a4[inUse=0,size=0,max=25,closed=false],POJO}
16:06:29.055 [main] DEBUG org.eclipse.jetty.util.component.AbstractLifeCycle -- STARTED @2250ms InflaterPool@1ee29c84{STARTED,size=0,capacity=25}
16:06:29.056 [main] DEBUG org.eclipse.jetty.util.component.ContainerLifeCycle -- Server@4b672daa{STARTING}[11.0.15,sto=1000] added {InflaterPool@1ee29c84{STARTED,size=0,capacity=25},MANAGED}
16:06:29.057 [main] DEBUG org.eclipse.jetty.util.component.ContainerLifeCycle -- GzipHandler@6de54b40{STARTING,min=32,inflate=-1} added {InflaterPool@1ee29c84{STARTED,size=0,capacity=25},UNMANAGED}
16:06:29.059 [main] DEBUG org.eclipse.jetty.util.component.AbstractLifeCycle -- STARTING DeflaterPool@61533ae{STOPPED,size=-1,capacity=25}
16:06:29.060 [main] DEBUG org.eclipse.jetty.util.component.ContainerLifeCycle -- DeflaterPool@61533ae{STARTING,size=0,capacity=25} added {Pool@732bb66d[inUse=0,size=0,max=25,closed=false],POJO}
16:06:29.060 [main] DEBUG org.eclipse.jetty.util.component.AbstractLifeCycle -- STARTED @2255ms DeflaterPool@61533ae{STARTED,size=0,capacity=25}
16:06:29.061 [main] DEBUG org.eclipse.jetty.util.component.ContainerLifeCycle -- Server@4b672daa{STARTING}[11.0.15,sto=1000] added {DeflaterPool@61533ae{STARTED,size=0,capacity=25},MANAGED}
16:06:29.061 [main] DEBUG org.eclipse.jetty.util.component.ContainerLifeCycle -- GzipHandler@6de54b40{STARTING,min=32,inflate=-1} added {DeflaterPool@61533ae{STARTED,size=0,capacity=25},UNMANAGED}
16:06:29.061 [main] DEBUG org.eclipse.jetty.server.handler.AbstractHandler -- starting GzipHandler@6de54b40{STARTING,min=32,inflate=-1}
16:06:29.062 [main] DEBUG org.eclipse.jetty.util.component.AbstractLifeCycle -- STARTING o.e.j.s.ServletContextHandler@6e521c1e{/,null,STOPPED}
16:06:29.062 [main] DEBUG org.eclipse.jetty.util.DecoratedObjectFactory -- Adding Decorator: org.eclipse.jetty.util.DeprecationWarning@720653c2
16:06:29.062 [main] DEBUG org.eclipse.jetty.server.handler.AbstractHandler -- starting o.e.j.s.ServletContextHandler@6e521c1e{/,null,STARTING}
16:06:29.062 [main] DEBUG org.eclipse.jetty.util.component.AbstractLifeCycle -- STARTING SymlinkAllowedResourceAliasChecker@224b4d61{base=null,protected=[]}
16:06:29.062 [main] DEBUG org.eclipse.jetty.util.component.ContainerLifeCycle -- o.e.j.s.ServletContextHandler@6e521c1e{/,null,STARTING} added {org.eclipse.jetty.server.AllowedResourceAliasChecker$AllowedResourceAliasCheckListener@45f24169,POJO}
16:06:29.063 [main] DEBUG org.eclipse.jetty.util.component.AbstractLifeCycle -- STARTED @2257ms SymlinkAllowedResourceAliasChecker@224b4d61{base=null,protected=[]}
16:06:29.063 [main] DEBUG org.eclipse.jetty.util.component.AbstractLifeCycle -- STARTING ServletHandler@5d5d9e5{STOPPED}
16:06:29.063 [main] DEBUG org.eclipse.jetty.servlet.ServletHandler -- Path=/__files/*[EMBEDDED:null] mapped to servlet=org.eclipse.jetty.servlet.DefaultServlet-303e3593[EMBEDDED:null]
16:06:29.063 [main] DEBUG org.eclipse.jetty.http.pathmap.ServletPathSpec -- Creating ServletPathSpec[/__files/*] (group: PREFIX_GLOB, prefix: "/__files", suffix: "null")
16:06:29.064 [main] DEBUG org.eclipse.jetty.http.pathmap.PathMappings -- Added MappedResource[pathSpec=ServletPathSpec@6b2fe10e{/__files/*},resource=MappedServlet6ad5923a{/__files/*->org.eclipse.jetty.servlet.DefaultServlet-303e3593==org.eclipse.jetty.servlet.DefaultServlet@fa70c64a{jsp=null,order=-1,inst=false,async=true,src=EMBEDDED:null,STOPPED}}] to PathMappings[size=1]
16:06:29.064 [main] DEBUG org.eclipse.jetty.servlet.ServletHandler -- Path=/[EMBEDDED:null] mapped to servlet=com.github.tomakehurst.wiremock.servlet.WireMockHandlerDispatchingServlet-439a8f59[EMBEDDED:null]
16:06:29.064 [main] DEBUG org.eclipse.jetty.http.pathmap.PathMappings -- Added MappedResource[pathSpec=ServletPathSpec@9457dcb7{/},resource=MappedServlet4463d9d3{/->com.github.tomakehurst.wiremock.servlet.WireMockHandlerDispatchingServlet-439a8f59==com.github.tomakehurst.wiremock.servlet.WireMockHandlerDispatchingServlet@68bafea7{jsp=null,order=1,inst=false,async=true,src=EMBEDDED:null,STOPPED}}] to PathMappings[size=2]
16:06:29.065 [main] DEBUG org.eclipse.jetty.servlet.ServletHandler -- filterNameMap={com.github.tomakehurst.wiremock.servlet.ContentTypeSettingFilter-724f138e=com.github.tomakehurst.wiremock.servlet.ContentTypeSettingFilter-724f138e==com.github.tomakehurst.wiremock.servlet.ContentTypeSettingFilter@724f138e{inst=false,async=true,src=EMBEDDED:null}, com.github.tomakehurst.wiremock.servlet.TrailingSlashFilter-c9413d8=com.github.tomakehurst.wiremock.servlet.TrailingSlashFilter-c9413d8==com.github.tomakehurst.wiremock.servlet.TrailingSlashFilter@c9413d8{inst=false,async=true,src=EMBEDDED:null}} pathFilters=[[/__files/*]/[]/[ERROR, ASYNC, FORWARD, REQUEST, INCLUDE]=>com.github.tomakehurst.wiremock.servlet.TrailingSlashFilter-c9413d8, [/__files/*]/[]/[FORWARD]=>com.github.tomakehurst.wiremock.servlet.ContentTypeSettingFilter-724f138e] servletFilterMap={} servletPathMap=PathMappings[size=2] servletNameMap={org.eclipse.jetty.servlet.DefaultServlet-303e3593=MappedServlet13d186db{null->org.eclipse.jetty.servlet.DefaultServlet-303e3593==org.eclipse.jetty.servlet.DefaultServlet@fa70c64a{jsp=null,order=-1,inst=false,async=true,src=EMBEDDED:null,STOPPED}}, com.github.tomakehurst.wiremock.servlet.WireMockHandlerDispatchingServlet-439a8f59=MappedServlet6f6962ba{null->com.github.tomakehurst.wiremock.servlet.WireMockHandlerDispatchingServlet-439a8f59==com.github.tomakehurst.wiremock.servlet.WireMockHandlerDispatchingServlet@68bafea7{jsp=null,order=1,inst=false,async=true,src=EMBEDDED:null,STOPPED}}}
16:06:29.066 [main] DEBUG org.eclipse.jetty.server.handler.AbstractHandler -- starting ServletHandler@5d5d9e5{STARTING}
16:06:29.067 [main] DEBUG org.eclipse.jetty.util.component.AbstractLifeCycle -- STARTED @2262ms ServletHandler@5d5d9e5{STARTED}
16:06:29.067 [main] DEBUG org.eclipse.jetty.util.component.AbstractLifeCycle -- STARTING NotFoundHandler@114a85c2{STOPPED}
16:06:29.067 [main] DEBUG org.eclipse.jetty.server.handler.AbstractHandler -- starting NotFoundHandler@114a85c2{STARTING}
16:06:29.067 [main] DEBUG org.eclipse.jetty.util.component.AbstractLifeCycle -- STARTED @2262ms NotFoundHandler@114a85c2{STARTED}
16:06:29.068 [main] DEBUG org.eclipse.jetty.util.component.AbstractLifeCycle -- STARTING com.github.tomakehurst.wiremock.servlet.ContentTypeSettingFilter-724f138e==com.github.tomakehurst.wiremock.servlet.ContentTypeSettingFilter@724f138e{inst=false,async=true,src=EMBEDDED:null}
16:06:29.068 [main] DEBUG org.eclipse.jetty.util.component.AbstractLifeCycle -- STARTED @2263ms com.github.tomakehurst.wiremock.servlet.ContentTypeSettingFilter-724f138e==com.github.tomakehurst.wiremock.servlet.ContentTypeSettingFilter@724f138e{inst=false,async=true,src=EMBEDDED:null}
16:06:29.068 [main] DEBUG org.eclipse.jetty.servlet.FilterHolder -- Filter.init com.github.tomakehurst.wiremock.servlet.ContentTypeSettingFilter@312afbc7
16:06:29.068 [main] DEBUG org.eclipse.jetty.util.component.AbstractLifeCycle -- STARTING com.github.tomakehurst.wiremock.servlet.TrailingSlashFilter-c9413d8==com.github.tomakehurst.wiremock.servlet.TrailingSlashFilter@c9413d8{inst=false,async=true,src=EMBEDDED:null}
16:06:29.068 [main] DEBUG org.eclipse.jetty.util.component.AbstractLifeCycle -- STARTED @2263ms com.github.tomakehurst.wiremock.servlet.TrailingSlashFilter-c9413d8==com.github.tomakehurst.wiremock.servlet.TrailingSlashFilter@c9413d8{inst=false,async=true,src=EMBEDDED:null}
16:06:29.069 [main] DEBUG org.eclipse.jetty.servlet.FilterHolder -- Filter.init com.github.tomakehurst.wiremock.servlet.TrailingSlashFilter@7b60c3e
16:06:29.069 [main] DEBUG org.eclipse.jetty.util.component.AbstractLifeCycle -- STARTING org.eclipse.jetty.servlet.DefaultServlet-303e3593==org.eclipse.jetty.servlet.DefaultServlet@fa70c64a{jsp=null,order=-1,inst=false,async=true,src=EMBEDDED:null,STOPPED}
16:06:29.069 [main] DEBUG org.eclipse.jetty.util.component.AbstractLifeCycle -- STARTED @2264ms org.eclipse.jetty.servlet.DefaultServlet-303e3593==org.eclipse.jetty.servlet.DefaultServlet@fa70c64a{jsp=null,order=-1,inst=false,async=true,src=EMBEDDED:null,STARTED}
16:06:29.070 [main] DEBUG org.eclipse.jetty.util.component.AbstractLifeCycle -- STARTING com.github.tomakehurst.wiremock.servlet.WireMockHandlerDispatchingServlet-439a8f59==com.github.tomakehurst.wiremock.servlet.WireMockHandlerDispatchingServlet@68bafea7{jsp=null,order=1,inst=false,async=true,src=EMBEDDED:null,STOPPED}
16:06:29.070 [main] DEBUG org.eclipse.jetty.util.component.AbstractLifeCycle -- STARTED @2265ms com.github.tomakehurst.wiremock.servlet.WireMockHandlerDispatchingServlet-439a8f59==com.github.tomakehurst.wiremock.servlet.WireMockHandlerDispatchingServlet@68bafea7{jsp=null,order=1,inst=false,async=true,src=EMBEDDED:null,STARTED}
16:06:29.083 [main] DEBUG org.eclipse.jetty.servlet.ServletHolder -- Servlet.init null for com.github.tomakehurst.wiremock.servlet.WireMockHandlerDispatchingServlet-439a8f59
16:06:29.083 [main] INFO org.eclipse.jetty.server.handler.ContextHandler.ROOT -- RequestHandlerClass from context returned com.github.tomakehurst.wiremock.http.StubRequestHandler. Normalized mapped under returned 'null'
16:06:29.084 [main] INFO org.eclipse.jetty.server.handler.ContextHandler -- Started o.e.j.s.ServletContextHandler@6e521c1e{/,null,AVAILABLE}
16:06:29.084 [main] DEBUG org.eclipse.jetty.util.component.AbstractLifeCycle -- STARTED @2279ms o.e.j.s.ServletContextHandler@6e521c1e{/,null,AVAILABLE}
16:06:29.084 [main] DEBUG org.eclipse.jetty.util.component.AbstractLifeCycle -- STARTED @2279ms GzipHandler@6de54b40{STARTED,min=32,inflate=-1}
16:06:29.084 [main] DEBUG org.eclipse.jetty.util.component.AbstractLifeCycle -- STARTED @2279ms HandlerCollection@54709809{STARTED}
16:06:29.084 [main] DEBUG org.eclipse.jetty.util.component.AbstractLifeCycle -- STARTING ErrorHandler@6b04acb2{STOPPED}
16:06:29.084 [main] DEBUG org.eclipse.jetty.server.handler.AbstractHandler -- starting ErrorHandler@6b04acb2{STARTING}
16:06:29.085 [main] DEBUG org.eclipse.jetty.util.component.AbstractLifeCycle -- STARTED @2279ms ErrorHandler@6b04acb2{STARTED}
16:06:29.085 [main] DEBUG org.eclipse.jetty.util.component.AbstractLifeCycle -- STARTING NetworkTrafficServerConnector@292d1c71{HTTP/1.1, (http/1.1, h2c)}{0.0.0.0:8080}
16:06:29.088 [main] DEBUG org.eclipse.jetty.util.component.AbstractLifeCycle -- STARTING ScheduledExecutorScheduler@50eca7c6{STOPPED}
16:06:29.089 [main] DEBUG org.eclipse.jetty.util.component.AbstractLifeCycle -- STARTED @2283ms ScheduledExecutorScheduler@50eca7c6{STARTED}
16:06:29.089 [main] DEBUG org.eclipse.jetty.util.component.AbstractLifeCycle -- STARTING HttpConnectionFactory@9ed238c[HTTP/1.1]
16:06:29.089 [main] DEBUG org.eclipse.jetty.util.component.AbstractLifeCycle -- STARTED @2284ms HttpConnectionFactory@9ed238c[HTTP/1.1]
16:06:29.089 [main] DEBUG org.eclipse.jetty.util.component.AbstractLifeCycle -- STARTING HTTP2CServerConnectionFactory@78fb9a67[h2c]
16:06:29.089 [main] DEBUG org.eclipse.jetty.util.component.AbstractLifeCycle -- STARTED @2284ms HTTP2CServerConnectionFactory@78fb9a67[h2c]
16:06:29.089 [main] DEBUG org.eclipse.jetty.util.component.AbstractLifeCycle -- STARTING SelectorManager@NetworkTrafficServerConnector@292d1c71{HTTP/1.1, (http/1.1, h2c)}{0.0.0.0:8080}
16:06:29.096 [main] DEBUG org.eclipse.jetty.util.component.ContainerLifeCycle -- AdaptiveExecutionStrategy@2d84cb86/SelectorProducer@71a3a190/IDLE/p=false/QueuedThreadPool[qtp1860886124]@6eeade6c{STARTED,8<=8<=25,i=8,r=-1,t=59909ms,q=0}[ReservedThreadExecutor@6e28bb87{reserved=0/2,pending=0}][pc=0,pic=0,pec=0,epc=0]@2025-07-13T16:06:29.096758945+01:00 added {SelectorProducer@71a3a190,POJO}
16:06:29.097 [main] DEBUG org.eclipse.jetty.util.component.ContainerLifeCycle -- AdaptiveExecutionStrategy@2d84cb86/SelectorProducer@71a3a190/IDLE/p=false/QueuedThreadPool[qtp1860886124]@6eeade6c{STARTED,8<=8<=25,i=8,r=-1,t=59908ms,q=0}[ReservedThreadExecutor@6e28bb87{reserved=0/2,pending=0}][pc=0,pic=0,pec=0,epc=0]@2025-07-13T16:06:29.097545094+01:00 added {QueuedThreadPool[qtp1860886124]@6eeade6c{STARTED,8<=8<=25,i=8,r=-1,t=59907ms,q=0}[ReservedThreadExecutor@6e28bb87{reserved=0/2,pending=0}],UNMANAGED}
16:06:29.097 [main] DEBUG org.eclipse.jetty.util.thread.strategy.AdaptiveExecutionStrategy -- AdaptiveExecutionStrategy@2d84cb86/SelectorProducer@71a3a190/IDLE/p=false/QueuedThreadPool[qtp1860886124]@6eeade6c{STARTED,8<=8<=25,i=8,r=-1,t=59907ms,q=0}[ReservedThreadExecutor@6e28bb87{reserved=0/2,pending=0}][pc=0,pic=0,pec=0,epc=0]@2025-07-13T16:06:29.098180789+01:00 created
16:06:29.098 [main] DEBUG org.eclipse.jetty.util.component.ContainerLifeCycle -- ManagedSelector@588ffeb{STOPPED} id=0 keys=-1 selected=-1 updates=0 added {AdaptiveExecutionStrategy@2d84cb86/SelectorProducer@71a3a190/IDLE/p=false/QueuedThreadPool[qtp1860886124]@6eeade6c{STARTED,8<=8<=25,i=8,r=-1,t=59907ms,q=0}[ReservedThreadExecutor@6e28bb87{reserved=0/2,pending=0}][pc=0,pic=0,pec=0,epc=0]@2025-07-13T16:06:29.099195348+01:00,MANAGED}
16:06:29.099 [main] DEBUG org.eclipse.jetty.util.component.ContainerLifeCycle -- SelectorManager@NetworkTrafficServerConnector@292d1c71{HTTP/1.1, (http/1.1, h2c)}{0.0.0.0:8080} added {ManagedSelector@588ffeb{STOPPED} id=0 keys=-1 selected=-1 updates=0,AUTO}
16:06:29.099 [main] DEBUG org.eclipse.jetty.util.component.ContainerLifeCycle -- AdaptiveExecutionStrategy@7c28c1/SelectorProducer@baf1bb3/IDLE/p=false/QueuedThreadPool[qtp1860886124]@6eeade6c{STARTED,8<=8<=25,i=8,r=-1,t=59905ms,q=0}[ReservedThreadExecutor@6e28bb87{reserved=0/2,pending=0}][pc=0,pic=0,pec=0,epc=0]@2025-07-13T16:06:29.100093594+01:00 added {SelectorProducer@baf1bb3,POJO}
16:06:29.100 [main] DEBUG org.eclipse.jetty.util.component.ContainerLifeCycle -- AdaptiveExecutionStrategy@7c28c1/SelectorProducer@baf1bb3/IDLE/p=false/QueuedThreadPool[qtp1860886124]@6eeade6c{STARTED,8<=8<=25,i=8,r=-1,t=59905ms,q=0}[ReservedThreadExecutor@6e28bb87{reserved=0/2,pending=0}][pc=0,pic=0,pec=0,epc=0]@2025-07-13T16:06:29.100462098+01:00 added {QueuedThreadPool[qtp1860886124]@6eeade6c{STARTED,8<=8<=25,i=8,r=-1,t=59905ms,q=0}[ReservedThreadExecutor@6e28bb87{reserved=0/2,pending=0}],UNMANAGED}
16:06:29.100 [main] DEBUG org.eclipse.jetty.util.thread.strategy.AdaptiveExecutionStrategy -- AdaptiveExecutionStrategy@7c28c1/SelectorProducer@baf1bb3/IDLE/p=false/QueuedThreadPool[qtp1860886124]@6eeade6c{STARTED,8<=8<=25,i=8,r=-1,t=59904ms,q=0}[ReservedThreadExecutor@6e28bb87{reserved=0/2,pending=0}][pc=0,pic=0,pec=0,epc=0]@2025-07-13T16:06:29.101027913+01:00 created
16:06:29.101 [main] DEBUG org.eclipse.jetty.util.component.ContainerLifeCycle -- ManagedSelector@67ec8477{STOPPED} id=1 keys=-1 selected=-1 updates=0 added {AdaptiveExecutionStrategy@7c28c1/SelectorProducer@baf1bb3/IDLE/p=false/QueuedThreadPool[qtp1860886124]@6eeade6c{STARTED,8<=8<=25,i=8,r=-1,t=59904ms,q=0}[ReservedThreadExecutor@6e28bb87{reserved=0/2,pending=0}][pc=0,pic=0,pec=0,epc=0]@2025-07-13T16:06:29.101408781+01:00,MANAGED}
16:06:29.101 [main] DEBUG org.eclipse.jetty.util.component.ContainerLifeCycle -- SelectorManager@NetworkTrafficServerConnector@292d1c71{HTTP/1.1, (http/1.1, h2c)}{0.0.0.0:8080} added {ManagedSelector@67ec8477{STOPPED} id=1 keys=-1 selected=-1 updates=0,AUTO}
16:06:29.101 [main] DEBUG org.eclipse.jetty.util.component.AbstractLifeCycle -- STARTING ManagedSelector@588ffeb{STOPPED} id=0 keys=-1 selected=-1 updates=0
16:06:29.102 [main] DEBUG org.eclipse.jetty.util.component.AbstractLifeCycle -- STARTING AdaptiveExecutionStrategy@2d84cb86/SelectorProducer@71a3a190/IDLE/p=false/QueuedThreadPool[qtp1860886124]@6eeade6c{STARTED,8<=8<=25,i=8,r=-1,t=59903ms,q=0}[ReservedThreadExecutor@6e28bb87{reserved=0/2,pending=0}][pc=0,pic=0,pec=0,epc=0]@2025-07-13T16:06:29.102156167+01:00
16:06:29.102 [main] DEBUG org.eclipse.jetty.util.component.AbstractLifeCycle -- STARTED @2297ms AdaptiveExecutionStrategy@2d84cb86/SelectorProducer@71a3a190/IDLE/p=false/QueuedThreadPool[qtp1860886124]@6eeade6c{STARTED,8<=8<=25,i=8,r=-1,t=59903ms,q=0}[ReservedThreadExecutor@6e28bb87{reserved=0/2,pending=0}][pc=0,pic=0,pec=0,epc=0]@2025-07-13T16:06:29.102539783+01:00
16:06:29.105 [main] DEBUG org.eclipse.jetty.util.thread.QueuedThreadPool -- queue org.eclipse.jetty.io.ManagedSelector$$Lambda$482/0x000073d7302ae098@6443b128 startThread=0
16:06:29.105 [qtp1860886124-26] DEBUG org.eclipse.jetty.util.thread.QueuedThreadPool -- run org.eclipse.jetty.io.ManagedSelector$$Lambda$482/0x000073d7302ae098@6443b128 in QueuedThreadPool[qtp1860886124]@6eeade6c{STARTED,8<=8<=25,i=7,r=-1,t=59899ms,q=0}[ReservedThreadExecutor@6e28bb87{reserved=0/2,pending=0}]
16:06:29.106 [main] DEBUG org.eclipse.jetty.io.ManagedSelector -- Queued change lazy=false org.eclipse.jetty.io.ManagedSelector$Start@1b32cd16 on ManagedSelector@588ffeb{STARTING} id=0 keys=0 selected=0 updates=0
16:06:29.106 [qtp1860886124-26] DEBUG org.eclipse.jetty.util.thread.strategy.AdaptiveExecutionStrategy -- AdaptiveExecutionStrategy@2d84cb86/SelectorProducer@71a3a190/IDLE/p=false/QueuedThreadPool[qtp1860886124]@6eeade6c{STARTED,8<=8<=25,i=7,r=-1,t=59899ms,q=0}[ReservedThreadExecutor@6e28bb87{reserved=0/2,pending=0}][pc=0,pic=0,pec=0,epc=0]@2025-07-13T16:06:29.106646269+01:00 tryProduce false
16:06:29.108 [qtp1860886124-26] DEBUG org.eclipse.jetty.io.ManagedSelector -- updateable 1
16:06:29.109 [qtp1860886124-26] DEBUG org.eclipse.jetty.io.ManagedSelector -- update org.eclipse.jetty.io.ManagedSelector$Start@1b32cd16
16:06:29.109 [qtp1860886124-26] DEBUG org.eclipse.jetty.io.ManagedSelector -- updates 0
16:06:29.109 [qtp1860886124-26] DEBUG org.eclipse.jetty.io.ManagedSelector -- Selector sun.nio.ch.EPollSelectorImpl@1f751e5c waiting with 0 keys
16:06:29.109 [main] DEBUG org.eclipse.jetty.util.component.AbstractLifeCycle -- STARTED @2304ms ManagedSelector@588ffeb{STARTED} id=0 keys=0 selected=0 updates=0
16:06:29.110 [main] DEBUG org.eclipse.jetty.util.component.AbstractLifeCycle -- STARTING ManagedSelector@67ec8477{STOPPED} id=1 keys=-1 selected=-1 updates=0
16:06:29.110 [main] DEBUG org.eclipse.jetty.util.component.AbstractLifeCycle -- STARTING AdaptiveExecutionStrategy@7c28c1/SelectorProducer@baf1bb3/IDLE/p=false/QueuedThreadPool[qtp1860886124]@6eeade6c{STARTED,8<=8<=25,i=7,r=-1,t=59894ms,q=0}[ReservedThreadExecutor@6e28bb87{reserved=0/2,pending=0}][pc=0,pic=0,pec=0,epc=0]@2025-07-13T16:06:29.110935799+01:00
16:06:29.111 [main] DEBUG org.eclipse.jetty.util.component.AbstractLifeCycle -- STARTED @2305ms AdaptiveExecutionStrategy@7c28c1/SelectorProducer@baf1bb3/IDLE/p=false/QueuedThreadPool[qtp1860886124]@6eeade6c{STARTED,8<=8<=25,i=7,r=-1,t=59894ms,q=0}[ReservedThreadExecutor@6e28bb87{reserved=0/2,pending=0}][pc=0,pic=0,pec=0,epc=0]@2025-07-13T16:06:29.111459657+01:00
16:06:29.112 [main] DEBUG org.eclipse.jetty.util.thread.QueuedThreadPool -- queue org.eclipse.jetty.io.ManagedSelector$$Lambda$482/0x000073d7302ae098@61d01788 startThread=0
16:06:29.112 [qtp1860886124-27] DEBUG org.eclipse.jetty.util.thread.QueuedThreadPool -- run org.eclipse.jetty.io.ManagedSelector$$Lambda$482/0x000073d7302ae098@61d01788 in QueuedThreadPool[qtp1860886124]@6eeade6c{STARTED,8<=8<=25,i=6,r=-1,t=59893ms,q=0}[ReservedThreadExecutor@6e28bb87{reserved=0/2,pending=0}]
16:06:29.112 [main] DEBUG org.eclipse.jetty.io.ManagedSelector -- Queued change lazy=false org.eclipse.jetty.io.ManagedSelector$Start@2b9b7f1f on ManagedSelector@67ec8477{STARTING} id=1 keys=0 selected=0 updates=0
16:06:29.112 [qtp1860886124-27] DEBUG org.eclipse.jetty.util.thread.strategy.AdaptiveExecutionStrategy -- AdaptiveExecutionStrategy@7c28c1/SelectorProducer@baf1bb3/IDLE/p=false/QueuedThreadPool[qtp1860886124]@6eeade6c{STARTED,8<=8<=25,i=6,r=-1,t=59893ms,q=0}[ReservedThreadExecutor@6e28bb87{reserved=0/2,pending=0}][pc=0,pic=0,pec=0,epc=0]@2025-07-13T16:06:29.112681819+01:00 tryProduce false
16:06:29.112 [qtp1860886124-27] DEBUG org.eclipse.jetty.io.ManagedSelector -- updateable 1
16:06:29.112 [qtp1860886124-27] DEBUG org.eclipse.jetty.io.ManagedSelector -- update org.eclipse.jetty.io.ManagedSelector$Start@2b9b7f1f
16:06:29.113 [qtp1860886124-27] DEBUG org.eclipse.jetty.io.ManagedSelector -- updates 0
16:06:29.113 [main] DEBUG org.eclipse.jetty.util.component.AbstractLifeCycle -- STARTED @2307ms ManagedSelector@67ec8477{STARTED} id=1 keys=0 selected=0 updates=0
16:06:29.113 [qtp1860886124-27] DEBUG org.eclipse.jetty.io.ManagedSelector -- Selector sun.nio.ch.EPollSelectorImpl@13605ab0 waiting with 0 keys
16:06:29.113 [main] DEBUG org.eclipse.jetty.util.component.AbstractLifeCycle -- STARTED @2308ms SelectorManager@NetworkTrafficServerConnector@292d1c71{HTTP/1.1, (http/1.1, h2c)}{0.0.0.0:8080}
16:06:29.114 [main] DEBUG org.eclipse.jetty.util.component.ContainerLifeCycle -- NetworkTrafficServerConnector@292d1c71{HTTP/1.1, (http/1.1, h2c)}{0.0.0.0:8080} added {acceptor-0@19593091,POJO}
16:06:29.115 [main] DEBUG org.eclipse.jetty.util.thread.QueuedThreadPool -- queue acceptor-0@19593091 startThread=0
16:06:29.115 [qtp1860886124-28] DEBUG org.eclipse.jetty.util.thread.QueuedThreadPool -- run acceptor-0@19593091 in QueuedThreadPool[qtp1860886124]@6eeade6c{STARTED,8<=8<=25,i=5,r=-1,t=59890ms,q=0}[ReservedThreadExecutor@6e28bb87{reserved=0/2,pending=0}]
16:06:29.115 [main] DEBUG org.eclipse.jetty.util.component.ContainerLifeCycle -- NetworkTrafficServerConnector@292d1c71{HTTP/1.1, (http/1.1, h2c)}{0.0.0.0:8080} added {acceptor-1@5d39f2d8,POJO}
16:06:29.115 [main] DEBUG org.eclipse.jetty.util.thread.QueuedThreadPool -- queue acceptor-1@5d39f2d8 startThread=0
16:06:29.116 [main] DEBUG org.eclipse.jetty.util.component.ContainerLifeCycle -- NetworkTrafficServerConnector@292d1c71{HTTP/1.1, (http/1.1, h2c)}{0.0.0.0:8080} added {acceptor-2@6ad6fa53,POJO}
16:06:29.116 [main] DEBUG org.eclipse.jetty.util.thread.QueuedThreadPool -- queue acceptor-2@6ad6fa53 startThread=0
16:06:29.116 [qtp1860886124-29] DEBUG org.eclipse.jetty.util.thread.QueuedThreadPool -- run acceptor-1@5d39f2d8 in QueuedThreadPool[qtp1860886124]@6eeade6c{STARTED,8<=8<=25,i=3,r=-1,t=59889ms,q=0}[ReservedThreadExecutor@6e28bb87{reserved=0/2,pending=0}]
16:06:29.116 [main] INFO org.eclipse.jetty.server.AbstractConnector -- Started NetworkTrafficServerConnector@292d1c71{HTTP/1.1, (http/1.1, h2c)}{0.0.0.0:8080}
16:06:29.116 [qtp1860886124-30] DEBUG org.eclipse.jetty.util.thread.QueuedThreadPool -- run acceptor-2@6ad6fa53 in QueuedThreadPool[qtp1860886124]@6eeade6c{STARTED,8<=8<=25,i=3,r=-1,t=59889ms,q=0}[ReservedThreadExecutor@6e28bb87{reserved=0/2,pending=0}]
16:06:29.116 [main] DEBUG org.eclipse.jetty.util.component.AbstractLifeCycle -- STARTED @2311ms NetworkTrafficServerConnector@292d1c71{HTTP/1.1, (http/1.1, h2c)}{0.0.0.0:8080}
16:06:29.117 [main] INFO org.eclipse.jetty.server.Server -- Started Server@4b672daa{STARTING}[11.0.15,sto=1000] @2311ms
16:06:29.117 [main] DEBUG org.eclipse.jetty.util.component.AbstractLifeCycle -- STARTED @2312ms Server@4b672daa{STARTED}[11.0.15,sto=1000]
WireMock démarré sur le port : http://localhost:8080
16:06:30.435 [main] DEBUG com.intuit.karate.Suite -- [config] classpath:karate-config.js
16:06:31.939 [main] DEBUG com.intuit.karate.core.ScenarioEngine -- over-writing existing variable 'adminToken' with new value: 'Bearer admin-token'
16:06:31.941 [main] DEBUG com.intuit.karate.core.ScenarioEngine -- over-writing existing variable 'userNoPermissionToken' with new value: 'Bearer user-no-permission'
16:06:31.957 [main] DEBUG com.jayway.jsonpath.internal.path.CompiledPath -- Evaluating path: $
16:06:31.963 [main] DEBUG com.jayway.jsonpath.internal.path.CompiledPath -- Evaluating path: $
16:06:31.987 [main] DEBUG io.netty.util.internal.logging.InternalLoggerFactory -- Using SLF4J as the default logging framework
16:06:31.989 [main] DEBUG io.netty.util.internal.PlatformDependent0 -- -Dio.netty.noUnsafe: false
16:06:31.990 [main] DEBUG io.netty.util.internal.PlatformDependent0 -- Java version: 17
16:06:31.991 [main] DEBUG io.netty.util.internal.PlatformDependent0 -- sun.misc.Unsafe.theUnsafe: available
16:06:31.992 [main] DEBUG io.netty.util.internal.PlatformDependent0 -- sun.misc.Unsafe.copyMemory: available
16:06:31.992 [main] DEBUG io.netty.util.internal.PlatformDependent0 -- sun.misc.Unsafe.storeFence: available
16:06:31.992 [main] DEBUG io.netty.util.internal.PlatformDependent0 -- java.nio.Buffer.address: available
16:06:31.993 [main] DEBUG io.netty.util.internal.PlatformDependent0 -- direct buffer constructor: unavailable: Reflective setAccessible(true) disabled
16:06:31.993 [main] DEBUG io.netty.util.internal.PlatformDependent0 -- java.nio.Bits.unaligned: available, true
16:06:31.995 [main] DEBUG io.netty.util.internal.PlatformDependent0 -- jdk.internal.misc.Unsafe.allocateUninitializedArray(int): unavailable: class io.netty.util.internal.PlatformDependent0$7 cannot access class jdk.internal.misc.Unsafe (in module java.base) because module java.base does not export jdk.internal.misc to unnamed module @7c573cad
16:06:31.996 [main] DEBUG io.netty.util.internal.PlatformDependent0 -- java.nio.DirectByteBuffer.<init>(long, {int,long}): unavailable
16:06:31.996 [main] DEBUG io.netty.util.internal.PlatformDependent -- sun.misc.Unsafe: available
16:06:31.997 [main] DEBUG io.netty.util.internal.PlatformDependent -- maxDirectMemory: 6224347136 bytes (maybe)
16:06:31.998 [main] DEBUG io.netty.util.internal.PlatformDependent -- -Dio.netty.tmpdir: /tmp (java.io.tmpdir)
16:06:31.998 [main] DEBUG io.netty.util.internal.PlatformDependent -- -Dio.netty.bitMode: 64 (sun.arch.data.model)
16:06:31.999 [main] DEBUG io.netty.util.internal.PlatformDependent -- -Dio.netty.maxDirectMemory: -1 bytes
16:06:31.999 [main] DEBUG io.netty.util.internal.PlatformDependent -- -Dio.netty.uninitializedArrayAllocationThreshold: -1
16:06:31.999 [main] DEBUG io.netty.util.internal.CleanerJava9 -- java.nio.ByteBuffer.cleaner(): available
16:06:32.000 [main] DEBUG io.netty.util.internal.PlatformDependent -- -Dio.netty.noPreferDirect: false
16:06:32.092 [main] DEBUG org.apache.http.client.protocol.RequestAddCookies -- CookieSpec selected: karate
16:06:32.098 [main] DEBUG org.apache.http.client.protocol.RequestAuthCache -- Auth cache not set in the context
16:06:32.101 [main] DEBUG com.intuit.karate -- request:
1 > POST http://localhost:8080/variants
1 > Authorization: adminToken
1 > Content-Type: application/json; charset=UTF-8
1 > Content-Length: 177
1 > Host: localhost:8080
1 > Connection: Keep-Alive
1 > User-Agent: Apache-HttpClient/4.5.14 (Java/17.0.15)
1 > Accept-Encoding: gzip,deflate
{"product_id":"prod-456","name":"Variante Chaussures Noires","sku":"SKU-BLACK-SIZE42","price":120.0,"characteristics":[{"id":"char-1","value":"42"}],"packaging":{"id":"pack-A"}}

16:06:32.103 [main] DEBUG org.apache.http.impl.conn.PoolingHttpClientConnectionManager -- Connection request: [route: {}->http://localhost:8080][total available: 0; route allocated: 0 of 5; total allocated: 0 of 10]
16:06:32.115 [main] DEBUG org.apache.http.impl.conn.PoolingHttpClientConnectionManager -- Connection leased: [id: 0][route: {}->http://localhost:8080][total available: 0; route allocated: 1 of 5; total allocated: 1 of 10]
16:06:32.118 [main] DEBUG org.apache.http.impl.execchain.MainClientExec -- Opening connection {}->http://localhost:8080
16:06:32.122 [main] DEBUG org.apache.http.impl.conn.DefaultHttpClientConnectionOperator -- Connecting to localhost/127.0.0.1:8080
16:06:32.123 [main] DEBUG org.apache.http.impl.conn.DefaultHttpClientConnectionOperator -- Connection established 127.0.0.1:43010<->127.0.0.1:8080
16:06:32.124 [main] DEBUG org.apache.http.impl.conn.DefaultManagedHttpClientConnection -- http-outgoing-0: set socket timeout to 30000
16:06:32.124 [main] DEBUG org.apache.http.impl.execchain.MainClientExec -- Executing request POST /variants HTTP/1.1
16:06:32.124 [main] DEBUG org.apache.http.impl.execchain.MainClientExec -- Proxy auth state: UNCHALLENGED
16:06:32.124 [qtp1860886124-28-acceptor-0@19593091-NetworkTrafficServerConnector@292d1c71{HTTP/1.1, (http/1.1, h2c)}{0.0.0.0:8080}] DEBUG org.eclipse.jetty.io.ManagedSelector -- Queued change lazy=false Accept@7dab47ac[java.nio.channels.SocketChannel[connected local=/127.0.0.1:8080 remote=/127.0.0.1:43010]] on ManagedSelector@67ec8477{STARTED} id=1 keys=0 selected=0 updates=0
16:06:32.125 [qtp1860886124-28-acceptor-0@19593091-NetworkTrafficServerConnector@292d1c71{HTTP/1.1, (http/1.1, h2c)}{0.0.0.0:8080}] DEBUG org.eclipse.jetty.io.ManagedSelector -- Wakeup on submit ManagedSelector@67ec8477{STARTED} id=1 keys=0 selected=0 updates=1
16:06:32.126 [qtp1860886124-27] DEBUG org.eclipse.jetty.io.ManagedSelector -- Selector sun.nio.ch.EPollSelectorImpl@13605ab0 woken with none selected
16:06:32.126 [qtp1860886124-27] DEBUG org.eclipse.jetty.io.ManagedSelector -- Selector sun.nio.ch.EPollSelectorImpl@13605ab0 woken up from select, 0/0/0 selected
16:06:32.126 [qtp1860886124-27] DEBUG org.eclipse.jetty.io.ManagedSelector -- Selector sun.nio.ch.EPollSelectorImpl@13605ab0 processing 0 keys, 1 updates
16:06:32.126 [qtp1860886124-27] DEBUG org.eclipse.jetty.io.ManagedSelector -- updateable 1
16:06:32.126 [qtp1860886124-27] DEBUG org.eclipse.jetty.io.ManagedSelector -- update Accept@7dab47ac[java.nio.channels.SocketChannel[connected local=/127.0.0.1:8080 remote=/127.0.0.1:43010]]
16:06:32.127 [qtp1860886124-27] DEBUG org.eclipse.jetty.util.thread.QueuedThreadPool -- queue Accept@7dab47ac[java.nio.channels.SocketChannel[connected local=/127.0.0.1:8080 remote=/127.0.0.1:43010]] startThread=0
16:06:32.127 [qtp1860886124-27] DEBUG org.eclipse.jetty.io.ManagedSelector -- updates 0
16:06:32.127 [qtp1860886124-27] DEBUG org.eclipse.jetty.io.ManagedSelector -- Selector sun.nio.ch.EPollSelectorImpl@13605ab0 waiting with 1 keys
16:06:32.127 [qtp1860886124-31] DEBUG org.eclipse.jetty.util.thread.QueuedThreadPool -- run Accept@7dab47ac[java.nio.channels.SocketChannel[connected local=/127.0.0.1:8080 remote=/127.0.0.1:43010]] in QueuedThreadPool[qtp1860886124]@6eeade6c{STARTED,8<=8<=25,i=2,r=-1,t=56878ms,q=0}[ReservedThreadExecutor@6e28bb87{reserved=0/2,pending=0}]
16:06:32.127 [main] DEBUG org.apache.http.headers -- http-outgoing-0 >> POST /variants HTTP/1.1
16:06:32.127 [main] DEBUG org.apache.http.headers -- http-outgoing-0 >> Authorization: adminToken
16:06:32.128 [main] DEBUG org.apache.http.headers -- http-outgoing-0 >> Content-Type: application/json; charset=UTF-8
16:06:32.128 [main] DEBUG org.apache.http.headers -- http-outgoing-0 >> Content-Length: 177
16:06:32.128 [main] DEBUG org.apache.http.headers -- http-outgoing-0 >> Host: localhost:8080
16:06:32.128 [main] DEBUG org.apache.http.headers -- http-outgoing-0 >> Connection: Keep-Alive
16:06:32.128 [main] DEBUG org.apache.http.headers -- http-outgoing-0 >> User-Agent: Apache-HttpClient/4.5.14 (Java/17.0.15)
16:06:32.128 [main] DEBUG org.apache.http.headers -- http-outgoing-0 >> Accept-Encoding: gzip,deflate
16:06:32.128 [main] DEBUG org.apache.http.wire -- http-outgoing-0 >> "POST /variants HTTP/1.1[\r][\n]"
16:06:32.128 [main] DEBUG org.apache.http.wire -- http-outgoing-0 >> "Authorization: adminToken[\r][\n]"
16:06:32.128 [main] DEBUG org.apache.http.wire -- http-outgoing-0 >> "Content-Type: application/json; charset=UTF-8[\r][\n]"
16:06:32.128 [main] DEBUG org.apache.http.wire -- http-outgoing-0 >> "Content-Length: 177[\r][\n]"
16:06:32.129 [main] DEBUG org.apache.http.wire -- http-outgoing-0 >> "Host: localhost:8080[\r][\n]"
16:06:32.129 [main] DEBUG org.apache.http.wire -- http-outgoing-0 >> "Connection: Keep-Alive[\r][\n]"
16:06:32.129 [main] DEBUG org.apache.http.wire -- http-outgoing-0 >> "User-Agent: Apache-HttpClient/4.5.14 (Java/17.0.15)[\r][\n]"
16:06:32.129 [main] DEBUG org.apache.http.wire -- http-outgoing-0 >> "Accept-Encoding: gzip,deflate[\r][\n]"
16:06:32.129 [main] DEBUG org.apache.http.wire -- http-outgoing-0 >> "[\r][\n]"
16:06:32.129 [main] DEBUG org.apache.http.wire -- http-outgoing-0 >> "{"product_id":"prod-456","name":"Variante Chaussures Noires","sku":"SKU-BLACK-SIZE42","price":120.0,"characteristics":[{"id":"char-1","value":"42"}],"packaging":{"id":"pack-A"}}"
16:06:32.134 [qtp1860886124-31] DEBUG org.eclipse.jetty.io.IdleTimeout -- Setting idle timeout 0 -> 30000 on NetworkTrafficSocketChannelEndPoint@5aae2a42[{l=/127.0.0.1:8080,r=/127.0.0.1:43010,OPEN,fill=-,flush=-,to=4/30000}{io=0/0,kio=0,kro=0}]->[<null>]
16:06:32.135 [qtp1860886124-31] DEBUG org.eclipse.jetty.io.IdleTimeout -- NetworkTrafficSocketChannelEndPoint@5aae2a42[{l=/127.0.0.1:8080,r=/127.0.0.1:43010,OPEN,fill=-,flush=-,to=5/30000}{io=0/0,kio=0,kro=0}]->[<null>] idle timeout check, elapsed: 4 ms, remaining: 29996 ms
16:06:32.179 [qtp1860886124-31] DEBUG org.eclipse.jetty.server.HttpChannel -- new HttpChannelOverHttp@726aaebd{s=HttpChannelState@7926e088{s=IDLE rs=BLOCKING os=OPEN is=IDLE awp=false se=false i=true al=0},r=0,c=false/false,a=IDLE,uri=null,age=0} -> NetworkTrafficSocketChannelEndPoint@5aae2a42[{l=/127.0.0.1:8080,r=/127.0.0.1:43010,OPEN,fill=-,flush=-,to=49/30000}{io=0/0,kio=0,kro=0}]->[<null>],null,HttpChannelState@7926e088{s=IDLE rs=BLOCKING os=OPEN is=IDLE awp=false se=false i=true al=0}
16:06:32.192 [qtp1860886124-31] DEBUG org.eclipse.jetty.server.HttpConnection -- New HTTP Connection HttpConnection@7451fdc6::NetworkTrafficSocketChannelEndPoint@5aae2a42[{l=/127.0.0.1:8080,r=/127.0.0.1:43010,OPEN,fill=-,flush=-,to=62/30000}{io=0/0,kio=0,kro=0}]->[<null>]
16:06:32.194 [qtp1860886124-31] DEBUG org.eclipse.jetty.io.ManagedSelector -- Queued change lazy=true org.eclipse.jetty.io.ManagedSelector$$Lambda$656/0x000073d730584d20@7c2c01f2 on ManagedSelector@67ec8477{STARTED} id=1 keys=1 selected=0 updates=0
16:06:32.194 [qtp1860886124-31] DEBUG org.eclipse.jetty.io.AbstractEndPoint -- onOpen NetworkTrafficSocketChannelEndPoint@5aae2a42[{l=/127.0.0.1:8080,r=/127.0.0.1:43010,OPEN,fill=-,flush=-,to=63/30000}{io=0/0,kio=0,kro=0}]->[HttpConnection@7451fdc6[p=HttpParser{s=START,0 of -1},g=HttpGenerator@18ada6b2{s=START}]=>HttpChannelOverHttp@726aaebd{s=HttpChannelState@7926e088{s=IDLE rs=BLOCKING os=OPEN is=IDLE awp=false se=false i=true al=0},r=0,c=false/false,a=IDLE,uri=null,age=0}]
16:06:32.195 [qtp1860886124-31] DEBUG org.eclipse.jetty.io.AbstractConnection -- onOpen HttpConnection@7451fdc6::NetworkTrafficSocketChannelEndPoint@5aae2a42[{l=/127.0.0.1:8080,r=/127.0.0.1:43010,OPEN,fill=-,flush=-,to=65/30000}{io=0/0,kio=0,kro=0}]->[HttpConnection@7451fdc6[p=HttpParser{s=START,0 of -1},g=HttpGenerator@18ada6b2{s=START}]=>HttpChannelOverHttp@726aaebd{s=HttpChannelState@7926e088{s=IDLE rs=BLOCKING os=OPEN is=IDLE awp=false se=false i=true al=0},r=0,c=false/false,a=IDLE,uri=null,age=0}]
16:06:32.196 [qtp1860886124-31] DEBUG org.eclipse.jetty.io.AbstractConnection -- fillInterested HttpConnection@7451fdc6::NetworkTrafficSocketChannelEndPoint@5aae2a42[{l=/127.0.0.1:8080,r=/127.0.0.1:43010,OPEN,fill=-,flush=-,to=65/30000}{io=0/0,kio=0,kro=0}]->[HttpConnection@7451fdc6[p=HttpParser{s=START,0 of -1},g=HttpGenerator@18ada6b2{s=START}]=>HttpChannelOverHttp@726aaebd{s=HttpChannelState@7926e088{s=IDLE rs=BLOCKING os=OPEN is=IDLE awp=false se=false i=true al=0},r=0,c=false/false,a=IDLE,uri=null,age=0}]
16:06:32.196 [qtp1860886124-31] DEBUG org.eclipse.jetty.io.FillInterest -- interested FillInterest@3e7bf2b7{ReadCallback@4b165bfc{HttpConnection@7451fdc6::NetworkTrafficSocketChannelEndPoint@5aae2a42[{l=/127.0.0.1:8080,r=/127.0.0.1:43010,OPEN,fill=FI,flush=-,to=0/30000}{io=0/0,kio=0,kro=0}]->[HttpConnection@7451fdc6[p=HttpParser{s=START,0 of -1},g=HttpGenerator@18ada6b2{s=START}]=>HttpChannelOverHttp@726aaebd{s=HttpChannelState@7926e088{s=IDLE rs=BLOCKING os=OPEN is=IDLE awp=false se=false i=true al=0},r=0,c=false/false,a=IDLE,uri=null,age=0}]}}
16:06:32.197 [qtp1860886124-31] DEBUG org.eclipse.jetty.io.SelectableChannelEndPoint -- changeInterests p=false 0->1 for NetworkTrafficSocketChannelEndPoint@5aae2a42[{l=/127.0.0.1:8080,r=/127.0.0.1:43010,OPEN,fill=FI,flush=-,to=0/30000}{io=0/1,kio=0,kro=0}]->[HttpConnection@7451fdc6[p=HttpParser{s=START,0 of -1},g=HttpGenerator@18ada6b2{s=START}]=>HttpChannelOverHttp@726aaebd{s=HttpChannelState@7926e088{s=IDLE rs=BLOCKING os=OPEN is=IDLE awp=false se=false i=true al=0},r=0,c=false/false,a=IDLE,uri=null,age=0}]
16:06:32.197 [qtp1860886124-31] DEBUG org.eclipse.jetty.io.ManagedSelector -- Queued change lazy=false org.eclipse.jetty.io.SelectableChannelEndPoint$$Lambda$650/0x000073d730565340@2a5fa9c8 on ManagedSelector@67ec8477{STARTED} id=1 keys=1 selected=0 updates=1
16:06:32.197 [qtp1860886124-31] DEBUG org.eclipse.jetty.io.ManagedSelector -- Wakeup on submit ManagedSelector@67ec8477{STARTED} id=1 keys=1 selected=0 updates=2
16:06:32.197 [qtp1860886124-27] DEBUG org.eclipse.jetty.io.ManagedSelector -- Selector sun.nio.ch.EPollSelectorImpl@13605ab0 woken with none selected
16:06:32.197 [qtp1860886124-27] DEBUG org.eclipse.jetty.io.ManagedSelector -- Selector sun.nio.ch.EPollSelectorImpl@13605ab0 woken up from select, 0/0/1 selected
16:06:32.198 [qtp1860886124-27] DEBUG org.eclipse.jetty.io.ManagedSelector -- Selector sun.nio.ch.EPollSelectorImpl@13605ab0 processing 0 keys, 2 updates
16:06:32.198 [qtp1860886124-27] DEBUG org.eclipse.jetty.io.ManagedSelector -- updateable 2
16:06:32.198 [qtp1860886124-27] DEBUG org.eclipse.jetty.io.ManagedSelector -- update org.eclipse.jetty.io.ManagedSelector$$Lambda$656/0x000073d730584d20@7c2c01f2
16:06:32.198 [qtp1860886124-27] DEBUG org.eclipse.jetty.io.ManagedSelector -- update org.eclipse.jetty.io.SelectableChannelEndPoint$$Lambda$650/0x000073d730565340@2a5fa9c8
16:06:32.197 [qtp1860886124-31] DEBUG org.eclipse.jetty.io.ManagedSelector -- Created NetworkTrafficSocketChannelEndPoint@5aae2a42[{l=/127.0.0.1:8080,r=/127.0.0.1:43010,OPEN,fill=FI,flush=-,to=1/30000}{io=0/1,kio=0,kro=0}]->[HttpConnection@7451fdc6[p=HttpParser{s=START,0 of -1},g=HttpGenerator@18ada6b2{s=START}]=>HttpChannelOverHttp@726aaebd{s=HttpChannelState@7926e088{s=IDLE rs=BLOCKING os=OPEN is=IDLE awp=false se=false i=true al=0},r=0,c=false/false,a=IDLE,uri=null,age=0}]
16:06:32.198 [qtp1860886124-31] DEBUG org.eclipse.jetty.util.thread.QueuedThreadPool -- ran Accept@7dab47ac[java.nio.channels.SocketChannel[connected local=/127.0.0.1:8080 remote=/127.0.0.1:43010]] in QueuedThreadPool[qtp1860886124]@6eeade6c{STARTED,8<=8<=25,i=2,r=-1,t=56806ms,q=0}[ReservedThreadExecutor@6e28bb87{reserved=0/2,pending=0}]
16:06:32.198 [qtp1860886124-27] DEBUG org.eclipse.jetty.io.SelectableChannelEndPoint -- Key interests updated 0 -> 1 on NetworkTrafficSocketChannelEndPoint@5aae2a42[{l=/127.0.0.1:8080,r=/127.0.0.1:43010,OPEN,fill=FI,flush=-,to=1/30000}{io=1/1,kio=1,kro=0}]->[HttpConnection@7451fdc6[p=HttpParser{s=START,0 of -1},g=HttpGenerator@18ada6b2{s=START}]=>HttpChannelOverHttp@726aaebd{s=HttpChannelState@7926e088{s=IDLE rs=BLOCKING os=OPEN is=IDLE awp=false se=false i=true al=0},r=0,c=false/false,a=IDLE,uri=null,age=0}]
16:06:32.199 [qtp1860886124-27] DEBUG org.eclipse.jetty.io.ManagedSelector -- updates 0
16:06:32.199 [qtp1860886124-31] DEBUG org.eclipse.jetty.util.thread.QueuedThreadPool -- Evict skipped, no excess threads QueuedThreadPool[qtp1860886124]@6eeade6c{STARTED,8<=8<=25,i=3,r=-1,t=56806ms,q=0}[ReservedThreadExecutor@6e28bb87{reserved=0/2,pending=0}]
16:06:32.199 [qtp1860886124-27] DEBUG org.eclipse.jetty.io.ManagedSelector -- Selector sun.nio.ch.EPollSelectorImpl@13605ab0 waiting with 1 keys
16:06:32.199 [qtp1860886124-27] DEBUG org.eclipse.jetty.io.ManagedSelector -- Selector sun.nio.ch.EPollSelectorImpl@13605ab0 woken up from select, 1/1/1 selected
16:06:32.199 [qtp1860886124-27] DEBUG org.eclipse.jetty.io.ManagedSelector -- Selector sun.nio.ch.EPollSelectorImpl@13605ab0 processing 1 keys, 0 updates
16:06:32.199 [qtp1860886124-27] DEBUG org.eclipse.jetty.io.ManagedSelector -- selected 1 channel=java.nio.channels.SocketChannel[connected local=/127.0.0.1:8080 remote=/127.0.0.1:43010], selector=sun.nio.ch.EPollSelectorImpl@13605ab0, interestOps=1, readyOps=1 NetworkTrafficSocketChannelEndPoint@5aae2a42[{l=/127.0.0.1:8080,r=/127.0.0.1:43010,OPEN,fill=FI,flush=-,to=3/30000}{io=1/1,kio=1,kro=1}]->[HttpConnection@7451fdc6[p=HttpParser{s=START,0 of -1},g=HttpGenerator@18ada6b2{s=START}]=>HttpChannelOverHttp@726aaebd{s=HttpChannelState@7926e088{s=IDLE rs=BLOCKING os=OPEN is=IDLE awp=false se=false i=true al=0},r=0,c=false/false,a=IDLE,uri=null,age=0}] 
16:06:32.200 [qtp1860886124-27] DEBUG org.eclipse.jetty.io.SelectableChannelEndPoint -- onSelected 1->0 r=true w=false for NetworkTrafficSocketChannelEndPoint@5aae2a42[{l=/127.0.0.1:8080,r=/127.0.0.1:43010,OPEN,fill=FI,flush=-,to=3/30000}{io=1/0,kio=1,kro=1}]->[HttpConnection@7451fdc6[p=HttpParser{s=START,0 of -1},g=HttpGenerator@18ada6b2{s=START}]=>HttpChannelOverHttp@726aaebd{s=HttpChannelState@7926e088{s=IDLE rs=BLOCKING os=OPEN is=IDLE awp=false se=false i=true al=0},r=0,c=false/false,a=IDLE,uri=null,age=0}]
16:06:32.200 [qtp1860886124-27] DEBUG org.eclipse.jetty.io.SelectableChannelEndPoint -- task NetworkTrafficSocketChannelEndPoint@5aae2a42[{l=/127.0.0.1:8080,r=/127.0.0.1:43010,OPEN,fill=FI,flush=-,to=4/30000}{io=1/0,kio=1,kro=1}]->[HttpConnection@7451fdc6[p=HttpParser{s=START,0 of -1},g=HttpGenerator@18ada6b2{s=START}]=>HttpChannelOverHttp@726aaebd{s=HttpChannelState@7926e088{s=IDLE rs=BLOCKING os=OPEN is=IDLE awp=false se=false i=true al=0},r=0,c=false/false,a=IDLE,uri=null,age=0}]:runFillable:BLOCKING
16:06:32.201 [qtp1860886124-27] DEBUG org.eclipse.jetty.util.thread.ReservedThreadExecutor -- ReservedThreadExecutor@6e28bb87{reserved=0/2,pending=0} tryExecute org.eclipse.jetty.util.thread.strategy.AdaptiveExecutionStrategy$$Lambda$481/0x000073d7302ada30@3542bff3
16:06:32.201 [qtp1860886124-27] DEBUG org.eclipse.jetty.util.thread.ReservedThreadExecutor -- ReservedThreadExecutor@6e28bb87{reserved=0/2,pending=1} startReservedThread p=1
16:06:32.203 [qtp1860886124-27] DEBUG org.eclipse.jetty.util.thread.QueuedThreadPool -- queue ReservedThread@707dfad4{PENDING,thread=null} startThread=0
16:06:32.203 [qtp1860886124-32] DEBUG org.eclipse.jetty.util.thread.QueuedThreadPool -- run ReservedThread@707dfad4{PENDING,thread=null} in QueuedThreadPool[qtp1860886124]@6eeade6c{STARTED,8<=8<=25,i=2,r=-1,t=56802ms,q=0}[ReservedThreadExecutor@6e28bb87{reserved=0/2,pending=1}]
16:06:32.203 [qtp1860886124-32] DEBUG org.eclipse.jetty.util.thread.ReservedThreadExecutor -- ReservedThread@707dfad4{PENDING,thread=Thread[qtp1860886124-32,5,main]} was=PENDING next=RESERVED size=0+1 capacity=2
16:06:32.203 [qtp1860886124-32] DEBUG org.eclipse.jetty.util.thread.ReservedThreadExecutor -- ReservedThread@707dfad4{RESERVED,thread=Thread[qtp1860886124-32,5,main]} waiting ReservedThreadExecutor@6e28bb87{reserved=1/2,pending=0}
16:06:32.203 [qtp1860886124-27] DEBUG org.eclipse.jetty.util.thread.strategy.AdaptiveExecutionStrategy -- ss=PRODUCE_EXECUTE_CONSUME t=NetworkTrafficSocketChannelEndPoint@5aae2a42[{l=/127.0.0.1:8080,r=/127.0.0.1:43010,OPEN,fill=FI,flush=-,to=7/30000}{io=1/0,kio=1,kro=1}]->[HttpConnection@7451fdc6[p=HttpParser{s=START,0 of -1},g=HttpGenerator@18ada6b2{s=START}]=>HttpChannelOverHttp@726aaebd{s=HttpChannelState@7926e088{s=IDLE rs=BLOCKING os=OPEN is=IDLE awp=false se=false i=true al=0},r=0,c=false/false,a=IDLE,uri=null,age=0}]:runFillable:BLOCKING/BLOCKING AdaptiveExecutionStrategy@7c28c1/SelectorProducer@baf1bb3/PRODUCING/p=false/QueuedThreadPool[qtp1860886124]@6eeade6c{STARTED,8<=8<=25,i=2,r=-1,t=56801ms,q=0}[ReservedThreadExecutor@6e28bb87{reserved=1/2,pending=0}][pc=0,pic=0,pec=0,epc=0]@2025-07-13T16:06:32.20430062+01:00
16:06:32.204 [qtp1860886124-27] DEBUG org.eclipse.jetty.util.thread.QueuedThreadPool -- queue NetworkTrafficSocketChannelEndPoint@5aae2a42[{l=/127.0.0.1:8080,r=/127.0.0.1:43010,OPEN,fill=FI,flush=-,to=8/30000}{io=1/0,kio=1,kro=1}]->[HttpConnection@7451fdc6[p=HttpParser{s=START,0 of -1},g=HttpGenerator@18ada6b2{s=START}]=>HttpChannelOverHttp@726aaebd{s=HttpChannelState@7926e088{s=IDLE rs=BLOCKING os=OPEN is=IDLE awp=false se=false i=true al=0},r=0,c=false/false,a=IDLE,uri=null,age=0}]:runFillable:BLOCKING startThread=0
16:06:32.204 [qtp1860886124-33] DEBUG org.eclipse.jetty.util.thread.QueuedThreadPool -- run NetworkTrafficSocketChannelEndPoint@5aae2a42[{l=/127.0.0.1:8080,r=/127.0.0.1:43010,OPEN,fill=FI,flush=-,to=8/30000}{io=1/0,kio=1,kro=1}]->[HttpConnection@7451fdc6[p=HttpParser{s=START,0 of -1},g=HttpGenerator@18ada6b2{s=START}]=>HttpChannelOverHttp@726aaebd{s=HttpChannelState@7926e088{s=IDLE rs=BLOCKING os=OPEN is=IDLE awp=false se=false i=true al=0},r=0,c=false/false,a=IDLE,uri=null,age=0}]:runFillable:BLOCKING in QueuedThreadPool[qtp1860886124]@6eeade6c{STARTED,8<=8<=25,i=1,r=-1,t=56800ms,q=0}[ReservedThreadExecutor@6e28bb87{reserved=1/2,pending=0}]
16:06:32.205 [qtp1860886124-27] DEBUG org.eclipse.jetty.io.ManagedSelector -- updateable 0
16:06:32.205 [qtp1860886124-27] DEBUG org.eclipse.jetty.io.ManagedSelector -- updates 0
16:06:32.205 [qtp1860886124-33] DEBUG org.eclipse.jetty.io.FillInterest -- fillable FillInterest@3e7bf2b7{ReadCallback@4b165bfc{HttpConnection@7451fdc6::NetworkTrafficSocketChannelEndPoint@5aae2a42[{l=/127.0.0.1:8080,r=/127.0.0.1:43010,OPEN,fill=FI,flush=-,to=8/30000}{io=1/0,kio=1,kro=1}]->[HttpConnection@7451fdc6[p=HttpParser{s=START,0 of -1},g=HttpGenerator@18ada6b2{s=START}]=>HttpChannelOverHttp@726aaebd{s=HttpChannelState@7926e088{s=IDLE rs=BLOCKING os=OPEN is=IDLE awp=false se=false i=true al=0},r=0,c=false/false,a=IDLE,uri=null,age=0}]}}
16:06:32.205 [qtp1860886124-27] DEBUG org.eclipse.jetty.io.SelectableChannelEndPoint -- Key interests updated 1 -> 0 on NetworkTrafficSocketChannelEndPoint@5aae2a42[{l=/127.0.0.1:8080,r=/127.0.0.1:43010,OPEN,fill=FI,flush=-,to=8/30000}{io=0/0,kio=0,kro=1}]->[HttpConnection@7451fdc6[p=HttpParser{s=START,0 of -1},g=HttpGenerator@18ada6b2{s=START}]=>HttpChannelOverHttp@726aaebd{s=HttpChannelState@7926e088{s=IDLE rs=BLOCKING os=OPEN is=IDLE awp=false se=false i=true al=0},r=0,c=false/false,a=IDLE,uri=null,age=0}]
16:06:32.205 [qtp1860886124-27] DEBUG org.eclipse.jetty.io.ManagedSelector -- Selector sun.nio.ch.EPollSelectorImpl@13605ab0 waiting with 1 keys
16:06:32.205 [qtp1860886124-33] DEBUG org.eclipse.jetty.server.HttpConnection -- HttpConnection@7451fdc6::NetworkTrafficSocketChannelEndPoint@5aae2a42[{l=/127.0.0.1:8080,r=/127.0.0.1:43010,OPEN,fill=-,flush=-,to=9/30000}{io=0/0,kio=0,kro=1}]->[HttpConnection@7451fdc6[p=HttpParser{s=START,0 of -1},g=HttpGenerator@18ada6b2{s=START}]=>HttpChannelOverHttp@726aaebd{s=HttpChannelState@7926e088{s=IDLE rs=BLOCKING os=OPEN is=IDLE awp=false se=false i=true al=0},r=0,c=false/false,a=IDLE,uri=null,age=0}] onFillable enter HttpChannelState@7926e088{s=IDLE rs=BLOCKING os=OPEN is=IDLE awp=false se=false i=true al=0} null
16:06:32.206 [qtp1860886124-33] DEBUG org.eclipse.jetty.util.Pool -- RetainedBucket@73d90034[inUse=0,size=1,max=-1,closed=false]{capacity=8192,inuse=0(0%)} returning new reserved entry MonoEntry@77e69a97{PENDING,pooled=null}
16:06:32.209 [qtp1860886124-33] DEBUG org.eclipse.jetty.io.SocketChannelEndPoint -- filled 429 DirectByteBuffer@2fc00118[p=0,l=429,c=8192,r=429]={<<<POST /variants HTTP/1.1\r\n...aging":{"id":"pack-A"}}>>>\x00\x00\x00\x00\x00\x00\x00\x00\x00...\x00\x00\x00\x00\x00\x00\x00}
16:06:32.209 [qtp1860886124-33] DEBUG org.eclipse.jetty.server.HttpConnection -- HttpConnection@7451fdc6::NetworkTrafficSocketChannelEndPoint@5aae2a42[{l=/127.0.0.1:8080,r=/127.0.0.1:43010,OPEN,fill=-,flush=-,to=0/30000}{io=0/0,kio=0,kro=1}]->[HttpConnection@7451fdc6[p=HttpParser{s=START,0 of -1},g=HttpGenerator@18ada6b2{s=START}]=>HttpChannelOverHttp@726aaebd{s=HttpChannelState@7926e088{s=IDLE rs=BLOCKING os=OPEN is=IDLE awp=false se=false i=true al=0},r=0,c=false/false,a=IDLE,uri=null,age=0}] filled 429 RetainableByteBuffer@57e49389{DirectByteBuffer@2fc00118[p=0,l=429,c=8192,r=429]={<<<POST /variants HTTP/1.1\r\n...aging":{"id":"pack-A"}}>>>\x00\x00\x00\x00\x00\x00\x00\x00\x00...\x00\x00\x00\x00\x00\x00\x00},r=1}
[...]
[THYMELEAF]             * [* {th:summary,data-th-summary}] [1000]: org.thymeleaf.standard.processor.StandardRemovableAttributeTagProcessor
[THYMELEAF]             * [* {th:high,data-th-high}] [1000]: org.thymeleaf.standard.processor.StandardRemovableAttributeTagProcessor
[THYMELEAF]             * [* {th:dir,data-th-dir}] [1000]: org.thymeleaf.standard.processor.StandardRemovableAttributeTagProcessor
[THYMELEAF]             * [* {th:scheme,data-th-scheme}] [1000]: org.thymeleaf.standard.processor.StandardRemovableAttributeTagProcessor
[THYMELEAF]             * [* {th:tabindex,data-th-tabindex}] [1000]: org.thymeleaf.standard.processor.StandardRemovableAttributeTagProcessor
[THYMELEAF]             * [* {th:radiogroup,data-th-radiogroup}] [1000]: org.thymeleaf.standard.processor.StandardRemovableAttributeTagProcessor
[THYMELEAF]             * [* {th:rel,data-th-rel}] [1000]: org.thymeleaf.standard.processor.StandardRemovableAttributeTagProcessor
[THYMELEAF]             * [* {th:kind,data-th-kind}] [1000]: org.thymeleaf.standard.processor.StandardRemovableAttributeTagProcessor
[THYMELEAF]             * [* {th:height,data-th-height}] [1000]: org.thymeleaf.standard.processor.StandardRemovableAttributeTagProcessor
[THYMELEAF]             * [* {th:sizes,data-th-sizes}] [1000]: org.thymeleaf.standard.processor.StandardRemovableAttributeTagProcessor
[THYMELEAF]             * [* {th:alt,data-th-alt}] [1000]: org.thymeleaf.standard.processor.StandardRemovableAttributeTagProcessor
[THYMELEAF]             * [* {th:autocomplete,data-th-autocomplete}] [1000]: org.thymeleaf.standard.processor.StandardRemovableAttributeTagProcessor
[THYMELEAF]             * [* {th:enctype,data-th-enctype}] [1000]: org.thymeleaf.standard.processor.StandardRemovableAttributeTagProcessor
[THYMELEAF]             * [* {th:formmethod,data-th-formmethod}] [1000]: org.thymeleaf.standard.processor.StandardRemovableAttributeTagProcessor
[THYMELEAF]             * [* {th:codebase,data-th-codebase}] [1000]: org.thymeleaf.standard.processor.StandardRemovableAttributeTagProcessor
[THYMELEAF]             * [* {th:datetime,data-th-datetime}] [1000]: org.thymeleaf.standard.processor.StandardRemovableAttributeTagProcessor
[THYMELEAF]             * [* {th:pattern,data-th-pattern}] [1000]: org.thymeleaf.standard.processor.StandardRemovableAttributeTagProcessor
[THYMELEAF]             * [* {th:cellspacing,data-th-cellspacing}] [1000]: org.thymeleaf.standard.processor.StandardRemovableAttributeTagProcessor
[THYMELEAF]             * [* {th:compact,data-th-compact}] [1000]: org.thymeleaf.standard.processor.StandardRemovableAttributeTagProcessor
[THYMELEAF]             * [* {th:scrolling,data-th-scrolling}] [1000]: org.thymeleaf.standard.processor.StandardRemovableAttributeTagProcessor
[THYMELEAF]             * [* {th:max,data-th-max}] [1000]: org.thymeleaf.standard.processor.StandardRemovableAttributeTagProcessor
[THYMELEAF]             * [* {th:accesskey,data-th-accesskey}] [1000]: org.thymeleaf.standard.processor.StandardRemovableAttributeTagProcessor
[THYMELEAF]             * [* {th:label,data-th-label}] [1000]: org.thymeleaf.standard.processor.StandardRemovableAttributeTagProcessor
[THYMELEAF]             * [* {th:marginwidth,data-th-marginwidth}] [1000]: org.thymeleaf.standard.processor.StandardRemovableAttributeTagProcessor
[THYMELEAF]             * [* {th:maxlength,data-th-maxlength}] [1000]: org.thymeleaf.standard.processor.StandardRemovableAttributeTagProcessor
[THYMELEAF]             * [* {th:icon,data-th-icon}] [1000]: org.thymeleaf.standard.processor.StandardRemovableAttributeTagProcessor
[THYMELEAF]             * [* {th:low,data-th-low}] [1000]: org.thymeleaf.standard.processor.StandardRemovableAttributeTagProcessor
[THYMELEAF]             * [* {th:step,data-th-step}] [1000]: org.thymeleaf.standard.processor.StandardRemovableAttributeTagProcessor
[THYMELEAF]             * [* {th:abbr,data-th-abbr}] [1000]: org.thymeleaf.standard.processor.StandardRemovableAttributeTagProcessor
[THYMELEAF]             * [* {th:width,data-th-width}] [1000]: org.thymeleaf.standard.processor.StandardRemovableAttributeTagProcessor
[THYMELEAF]             * [* {th:poster,data-th-poster}] [1000]: org.thymeleaf.standard.processor.StandardRemovableAttributeTagProcessor
[THYMELEAF]             * [* {th:list,data-th-list}] [1000]: org.thymeleaf.standard.processor.StandardRemovableAttributeTagProcessor
[THYMELEAF]             * [* {th:manifest,data-th-manifest}] [1000]: org.thymeleaf.standard.processor.StandardRemovableAttributeTagProcessor
[THYMELEAF]             * [* {th:content,data-th-content}] [1000]: org.thymeleaf.standard.processor.StandardRemovableAttributeTagProcessor
[THYMELEAF]             * [* {th:form,data-th-form}] [1000]: org.thymeleaf.standard.processor.StandardRemovableAttributeTagProcessor
[THYMELEAF]             * [* {th:hreflang,data-th-hreflang}] [1000]: org.thymeleaf.standard.processor.StandardRemovableAttributeTagProcessor
[THYMELEAF]             * [* {th:src,data-th-src}] [1000]: org.thymeleaf.standard.processor.StandardSrcTagProcessor
[THYMELEAF]             * [* {th:value,data-th-value}] [1000]: org.thymeleaf.standard.processor.StandardValueTagProcessor
[THYMELEAF]             * [* {th:xmlbase,data-th-xmlbase}] [1000]: org.thymeleaf.standard.processor.StandardXmlBaseTagProcessor
[THYMELEAF]             * [* {th:xmllang,data-th-xmllang}] [1000]: org.thymeleaf.standard.processor.StandardXmlLangTagProcessor
[THYMELEAF]             * [* {xmlns:th}] [1000]: org.thymeleaf.standard.processor.StandardXmlNsTagProcessor
[THYMELEAF]             * [* {th:xmlspace,data-th-xmlspace}] [1000]: org.thymeleaf.standard.processor.StandardXmlSpaceTagProcessor
[THYMELEAF]             * [* {th:classappend,data-th-classappend}] [1100]: org.thymeleaf.standard.processor.StandardClassappendTagProcessor
[THYMELEAF]             * [* {th:styleappend,data-th-styleappend}] [1100]: org.thymeleaf.standard.processor.StandardStyleappendTagProcessor
[THYMELEAF]             * [* {th:text,data-th-text}] [1300]: org.thymeleaf.standard.processor.StandardTextTagProcessor
[THYMELEAF]             * [* {th:utext,data-th-utext}] [1400]: org.thymeleaf.standard.processor.StandardUtextTagProcessor
[THYMELEAF]             * [* {th:fragment,data-th-fragment}] [1500]: org.thymeleaf.standard.processor.StandardFragmentTagProcessor
[THYMELEAF]             * [* {th:assert,data-th-assert}] [1550]: org.thymeleaf.standard.processor.StandardAssertTagProcessor
[THYMELEAF]             * [* {th:remove,data-th-remove}] [1600]: org.thymeleaf.standard.processor.StandardRemoveTagProcessor
[THYMELEAF]             * [* {th:ref,data-th-ref}] [10000]: org.thymeleaf.standard.processor.StandardRefAttributeTagProcessor
[THYMELEAF]             * [{th:block,th-block} *] [100000]: org.thymeleaf.standard.processor.StandardBlockTagProcessor
[THYMELEAF]             * [* th:*] [2147483647]: org.thymeleaf.standard.processor.StandardDefaultAttributesTagProcessor
[THYMELEAF]         * Text Processors by [precedence]:
[THYMELEAF]             * [1000]: org.thymeleaf.standard.processor.StandardInliningTextProcessor
[THYMELEAF]         * DOCTYPE Processors by [precedence]:
[THYMELEAF]             * [1000]: org.thymeleaf.standard.processor.StandardTranslationDocTypeProcessor
[THYMELEAF]         * CDATA Section Processors by [precedence]:
[THYMELEAF]             * [1000]: org.thymeleaf.standard.processor.StandardInliningCDATASectionProcessor
[THYMELEAF]         * Comment Processors by [precedence]:
[THYMELEAF]             * [1000]: org.thymeleaf.standard.processor.StandardInliningCommentProcessor
[THYMELEAF]             * [1100]: org.thymeleaf.standard.processor.StandardConditionalCommentProcessor
[THYMELEAF]     * Processors for Template Mode: XML
[THYMELEAF]         * Element Tag Processors by [matching element and attribute name] [precedence]:
[THYMELEAF]             * [* {th:include}] [100]: org.thymeleaf.standard.processor.StandardIncludeTagProcessor
[THYMELEAF]             * [* {th:insert}] [100]: org.thymeleaf.standard.processor.StandardInsertTagProcessor
[THYMELEAF]             * [* {th:replace}] [100]: org.thymeleaf.standard.processor.StandardReplaceTagProcessor
[THYMELEAF]             * [* {th:each}] [200]: com.intuit.karate.template.KarateEachTagProcessor
[THYMELEAF]             * [* {th:switch}] [250]: org.thymeleaf.standard.processor.StandardSwitchTagProcessor
[THYMELEAF]             * [* {th:case}] [275]: org.thymeleaf.standard.processor.StandardCaseTagProcessor
[THYMELEAF]             * [* {th:if}] [300]: org.thymeleaf.standard.processor.StandardIfTagProcessor
[THYMELEAF]             * [* {th:unless}] [400]: org.thymeleaf.standard.processor.StandardUnlessTagProcessor
[THYMELEAF]             * [* {th:object}] [500]: org.thymeleaf.standard.processor.StandardObjectTagProcessor
[THYMELEAF]             * [* {th:with}] [600]: com.intuit.karate.template.KarateWithTagProcessor
[THYMELEAF]             * [* {th:attr}] [700]: com.intuit.karate.template.KarateAttributeTagProcessor.KarateAttrTagProcessor
[THYMELEAF]             * [* {th:attrappend}] [900]: com.intuit.karate.template.KarateAttributeTagProcessor.KarateAttrappendTagProcessor
[THYMELEAF]             * [* {th:attrprepend}] [900]: com.intuit.karate.template.KarateAttributeTagProcessor.KarateAttrprependTagProcessor
[THYMELEAF]             * [* {th:inline}] [1000]: org.thymeleaf.standard.processor.StandardInlineXMLTagProcessor
[THYMELEAF]             * [* {xmlns:th}] [1000]: org.thymeleaf.standard.processor.StandardXmlNsTagProcessor
[THYMELEAF]             * [* {th:text}] [1300]: org.thymeleaf.standard.processor.StandardTextTagProcessor
[THYMELEAF]             * [* {th:utext}] [1400]: org.thymeleaf.standard.processor.StandardUtextTagProcessor
[THYMELEAF]             * [* {th:fragment}] [1500]: org.thymeleaf.standard.processor.StandardFragmentTagProcessor
[THYMELEAF]             * [* {th:assert}] [1550]: org.thymeleaf.standard.processor.StandardAssertTagProcessor
[THYMELEAF]             * [* {th:remove}] [1600]: org.thymeleaf.standard.processor.StandardRemoveTagProcessor
[THYMELEAF]             * [* {th:ref}] [10000]: org.thymeleaf.standard.processor.StandardRefAttributeTagProcessor
[THYMELEAF]             * [{th:block} *] [100000]: org.thymeleaf.standard.processor.StandardBlockTagProcessor
[THYMELEAF]             * [* th:*] [2147483647]: org.thymeleaf.standard.processor.StandardDefaultAttributesTagProcessor
[THYMELEAF]         * Text Processors by [precedence]:
[THYMELEAF]             * [1000]: org.thymeleaf.standard.processor.StandardInliningTextProcessor
[THYMELEAF]         * CDATA Section Processors by [precedence]:
[THYMELEAF]             * [1000]: org.thymeleaf.standard.processor.StandardInliningCDATASectionProcessor
[THYMELEAF]         * Comment Processors by [precedence]:
[THYMELEAF]             * [1000]: org.thymeleaf.standard.processor.StandardInliningCommentProcessor
[THYMELEAF]     * Processors for Template Mode: TEXT
[THYMELEAF]         * Element Tag Processors by [matching element and attribute name] [precedence]:
[THYMELEAF]             * [* {th:insert}] [100]: org.thymeleaf.standard.processor.StandardInsertTagProcessor
[THYMELEAF]             * [* {th:replace}] [100]: org.thymeleaf.standard.processor.StandardReplaceTagProcessor
[THYMELEAF]             * [* {th:each}] [200]: com.intuit.karate.template.KarateEachTagProcessor
[THYMELEAF]             * [* {th:switch}] [250]: org.thymeleaf.standard.processor.StandardSwitchTagProcessor
[THYMELEAF]             * [* {th:case}] [275]: org.thymeleaf.standard.processor.StandardCaseTagProcessor
[THYMELEAF]             * [* {th:if}] [300]: org.thymeleaf.standard.processor.StandardIfTagProcessor
[THYMELEAF]             * [* {th:unless}] [400]: org.thymeleaf.standard.processor.StandardUnlessTagProcessor
[THYMELEAF]             * [* {th:object}] [500]: org.thymeleaf.standard.processor.StandardObjectTagProcessor
[THYMELEAF]             * [* {th:with}] [600]: com.intuit.karate.template.KarateWithTagProcessor
[THYMELEAF]             * [* {th:inline}] [1000]: org.thymeleaf.standard.processor.StandardInlineTextualTagProcessor
[THYMELEAF]             * [* {th:text}] [1300]: org.thymeleaf.standard.processor.StandardTextTagProcessor
[THYMELEAF]             * [* {th:utext}] [1400]: org.thymeleaf.standard.processor.StandardUtextTagProcessor
[THYMELEAF]             * [* {th:assert}] [1550]: org.thymeleaf.standard.processor.StandardAssertTagProcessor
[THYMELEAF]             * [* {th:remove}] [1600]: org.thymeleaf.standard.processor.StandardRemoveTagProcessor
[THYMELEAF]             * [* 100000] [org.thymeleaf.standard.processor.StandardBlockTagProcessor]: {}
[THYMELEAF]             * [{th:block} *] [100000]: org.thymeleaf.standard.processor.StandardBlockTagProcessor
[THYMELEAF]         * Text Processors by [precedence]:
[THYMELEAF]             * [1000]: org.thymeleaf.standard.processor.StandardInliningTextProcessor
[THYMELEAF]     * Processors for Template Mode: JAVASCRIPT
[THYMELEAF]         * Element Tag Processors by [matching element and attribute name] [precedence]:
[THYMELEAF]             * [* {th:insert}] [100]: org.thymeleaf.standard.processor.StandardInsertTagProcessor
[THYMELEAF]             * [* {th:replace}] [100]: org.thymeleaf.standard.processor.StandardReplaceTagProcessor
[THYMELEAF]             * [* {th:each}] [200]: com.intuit.karate.template.KarateEachTagProcessor
[THYMELEAF]             * [* {th:switch}] [250]: org.thymeleaf.standard.processor.StandardSwitchTagProcessor
[THYMELEAF]             * [* {th:case}] [275]: org.thymeleaf.standard.processor.StandardCaseTagProcessor
[THYMELEAF]             * [* {th:if}] [300]: org.thymeleaf.standard.processor.StandardIfTagProcessor
[THYMELEAF]             * [* {th:unless}] [400]: org.thymeleaf.standard.processor.StandardUnlessTagProcessor
[THYMELEAF]             * [* {th:object}] [500]: org.thymeleaf.standard.processor.StandardObjectTagProcessor
[THYMELEAF]             * [* {th:with}] [600]: com.intuit.karate.template.KarateWithTagProcessor
[THYMELEAF]             * [* {th:inline}] [1000]: org.thymeleaf.standard.processor.StandardInlineTextualTagProcessor
[THYMELEAF]             * [* {th:text}] [1300]: org.thymeleaf.standard.processor.StandardTextTagProcessor
[THYMELEAF]             * [* {th:utext}] [1400]: org.thymeleaf.standard.processor.StandardUtextTagProcessor
[THYMELEAF]             * [* {th:assert}] [1550]: org.thymeleaf.standard.processor.StandardAssertTagProcessor
[THYMELEAF]             * [* {th:remove}] [1600]: org.thymeleaf.standard.processor.StandardRemoveTagProcessor
[THYMELEAF]             * [{th:block} *] [100000]: org.thymeleaf.standard.processor.StandardBlockTagProcessor
[THYMELEAF]             * [* 100000] [org.thymeleaf.standard.processor.StandardBlockTagProcessor]: {}
[THYMELEAF]         * Text Processors by [precedence]:
[THYMELEAF]             * [1000]: org.thymeleaf.standard.processor.StandardInliningTextProcessor
[THYMELEAF]     * Processors for Template Mode: CSS
[THYMELEAF]         * Element Tag Processors by [matching element and attribute name] [precedence]:
[THYMELEAF]             * [* {th:insert}] [100]: org.thymeleaf.standard.processor.StandardInsertTagProcessor
[THYMELEAF]             * [* {th:replace}] [100]: org.thymeleaf.standard.processor.StandardReplaceTagProcessor
[THYMELEAF]             * [* {th:each}] [200]: com.intuit.karate.template.KarateEachTagProcessor
[THYMELEAF]             * [* {th:switch}] [250]: org.thymeleaf.standard.processor.StandardSwitchTagProcessor
[THYMELEAF]             * [* {th:case}] [275]: org.thymeleaf.standard.processor.StandardCaseTagProcessor
[THYMELEAF]             * [* {th:if}] [300]: org.thymeleaf.standard.processor.StandardIfTagProcessor
[THYMELEAF]             * [* {th:unless}] [400]: org.thymeleaf.standard.processor.StandardUnlessTagProcessor
[THYMELEAF]             * [* {th:object}] [500]: org.thymeleaf.standard.processor.StandardObjectTagProcessor
[THYMELEAF]             * [* {th:with}] [600]: com.intuit.karate.template.KarateWithTagProcessor
[THYMELEAF]             * [* {th:inline}] [1000]: org.thymeleaf.standard.processor.StandardInlineTextualTagProcessor
[THYMELEAF]             * [* {th:text}] [1300]: org.thymeleaf.standard.processor.StandardTextTagProcessor
[THYMELEAF]             * [* {th:utext}] [1400]: org.thymeleaf.standard.processor.StandardUtextTagProcessor
[THYMELEAF]             * [* {th:assert}] [1550]: org.thymeleaf.standard.processor.StandardAssertTagProcessor
[THYMELEAF]             * [* {th:remove}] [1600]: org.thymeleaf.standard.processor.StandardRemoveTagProcessor
[THYMELEAF]             * [{th:block} *] [100000]: org.thymeleaf.standard.processor.StandardBlockTagProcessor
[THYMELEAF]             * [* 100000] [org.thymeleaf.standard.processor.StandardBlockTagProcessor]: {}
[THYMELEAF]         * Text Processors by [precedence]:
[THYMELEAF]             * [1000]: org.thymeleaf.standard.processor.StandardInliningTextProcessor
[THYMELEAF]     * Expression Objects:
[THYMELEAF]         * #ctx
[THYMELEAF]         * #root
[THYMELEAF]         * #vars
[THYMELEAF]         * #object
[THYMELEAF]         * #locale
[THYMELEAF]         * #conversions
[THYMELEAF]         * #uris
[THYMELEAF]         * #temporals
[THYMELEAF]         * #calendars
[THYMELEAF]         * #dates
[THYMELEAF]         * #bools
[THYMELEAF]         * #numbers
[THYMELEAF]         * #objects
[THYMELEAF]         * #strings
[THYMELEAF]         * #arrays
[THYMELEAF]         * #lists
[THYMELEAF]         * #sets
[THYMELEAF]         * #maps
[THYMELEAF]         * #aggregates
[THYMELEAF]         * #messages
[THYMELEAF]         * #ids
[THYMELEAF]         * #execInfo
[THYMELEAF]         * #request
[THYMELEAF]         * #response
[THYMELEAF]         * #session
[THYMELEAF]         * #servletContext
[THYMELEAF]     * Execution Attributes:
[THYMELEAF]         * "StandardExpressionParser": com.intuit.karate.template.KarateStandardDialect@3a9c11fb
[THYMELEAF]         * "StandardJavaScriptSerializer": org.thymeleaf.standard.serializer.StandardJavaScriptSerializer@fceab5d
[THYMELEAF]         * "StandardCSSSerializer": org.thymeleaf.standard.serializer.StandardCSSSerializer@79445efb
[THYMELEAF]         * "StandardVariableExpressionEvaluator": com.intuit.karate.template.KarateStandardDialect@3a9c11fb
[THYMELEAF]         * "StandardConversionService": org.thymeleaf.standard.expression.StandardConversionService@1592e540
[THYMELEAF] * Dialect [2 of 2]: karate (com.intuit.karate.template.KarateScriptDialect)
[THYMELEAF]     * Prefix: "ka"
[THYMELEAF]     * Processors for Template Mode: HTML
[THYMELEAF]         * Element Tag Processors by [matching element and attribute name] [precedence]:
[THYMELEAF]             * [* {src}] [1000]: com.intuit.karate.template.KaScriptAttrProcessor
[THYMELEAF]         * Element Model Processors by [matching element and attribute name] [precedence]:
[THYMELEAF]             * [{script} {ka:scope,data-ka-scope}] [1000]: com.intuit.karate.template.KaScriptElemProcessor
[THYMELEAF]             * [* {ka:set,data-ka-set}] [1000]: com.intuit.karate.template.KaSetElemProcessor
[THYMELEAF] TEMPLATE ENGINE CONFIGURED OK
16:06:34.899 [main] DEBUG org.thymeleaf.TemplateEngine -- [THYMELEAF] TEMPLATE ENGINE INITIALIZED
---------------------------------------------------------
feature: classpath:features/variants/readVariant.feature
scenarios:  5 | passed:  2 | failed:  3 | time: 0,1867
---------------------------------------------------------

]]></system-out>
  </testcase>
  <testcase name="testAllFeatures[4][1]" classname="com.exemple.qa.runners.AllKarateTestsRunner" time="0.291"/>
  <testcase name="testAllFeatures[4][2]" classname="com.exemple.qa.runners.AllKarateTestsRunner" time="0.277"/>
  <testcase name="testAllFeatures[4][3]" classname="com.exemple.qa.runners.AllKarateTestsRunner" time="0.253"/>
  <testcase name="testAllFeatures[4][4]" classname="com.exemple.qa.runners.AllKarateTestsRunner" time="0.959"/>
</testsuite>